2025-02-13 04:17:02 - INFO - Log system initialized.
2025-02-13 04:17:03 - INFO - Training started with the following arguments:
2025-02-13 04:17:03 - INFO - sh_degree: 3
2025-02-13 04:17:03 - INFO - source_path: /data2/jian/data/dynerf/flame_salmon_1
2025-02-13 04:17:03 - INFO - model_path: 
2025-02-13 04:17:03 - INFO - images: images
2025-02-13 04:17:03 - INFO - resolution: -1
2025-02-13 04:17:03 - INFO - white_background: True
2025-02-13 04:17:03 - INFO - data_device: cuda
2025-02-13 04:17:03 - INFO - eval: True
2025-02-13 04:17:03 - INFO - render_process: False
2025-02-13 04:17:03 - INFO - add_points: False
2025-02-13 04:17:03 - INFO - extension: .png
2025-02-13 04:17:03 - INFO - llffhold: 8
2025-02-13 04:17:03 - INFO - dataloader: True
2025-02-13 04:17:03 - INFO - zerostamp_init: False
2025-02-13 04:17:03 - INFO - custom_sampler: None
2025-02-13 04:17:03 - INFO - iterations: 16000
2025-02-13 04:17:03 - INFO - coarse_iterations: 3000
2025-02-13 04:17:03 - INFO - position_lr_init: 0.00016
2025-02-13 04:17:03 - INFO - position_lr_final: 1.6e-06
2025-02-13 04:17:03 - INFO - position_lr_delay_mult: 0.01
2025-02-13 04:17:03 - INFO - position_lr_max_steps: 20000
2025-02-13 04:17:03 - INFO - deformation_lr_init: 0.00016
2025-02-13 04:17:03 - INFO - deformation_lr_final: 1.6e-05
2025-02-13 04:17:03 - INFO - deformation_lr_delay_mult: 0.01
2025-02-13 04:17:03 - INFO - grid_lr_init: 0.0016
2025-02-13 04:17:03 - INFO - grid_lr_final: 0.00016
2025-02-13 04:17:03 - INFO - feature_lr: 0.0025
2025-02-13 04:17:03 - INFO - opacity_lr: 0.05
2025-02-13 04:17:03 - INFO - scaling_lr: 0.005
2025-02-13 04:17:03 - INFO - rotation_lr: 0.001
2025-02-13 04:17:03 - INFO - percent_dense: 0.01
2025-02-13 04:17:03 - INFO - lambda_dssim: 0
2025-02-13 04:17:03 - INFO - lambda_lpips: 0
2025-02-13 04:17:03 - INFO - weight_constraint_init: 1
2025-02-13 04:17:03 - INFO - weight_constraint_after: 0.2
2025-02-13 04:17:03 - INFO - weight_decay_iteration: 5000
2025-02-13 04:17:03 - INFO - opacity_reset_interval: 60000
2025-02-13 04:17:03 - INFO - densification_interval: 100
2025-02-13 04:17:03 - INFO - densify_from_iter: 100
2025-02-13 04:17:03 - INFO - densify_until_iter: 10000
2025-02-13 04:17:03 - INFO - densify_grad_threshold_coarse: 0.0002
2025-02-13 04:17:03 - INFO - densify_grad_threshold_fine_init: 0.0002
2025-02-13 04:17:03 - INFO - densify_grad_threshold_after: 0.0002
2025-02-13 04:17:03 - INFO - pruning_from_iter: 500
2025-02-13 04:17:03 - INFO - pruning_interval: 100
2025-02-13 04:17:03 - INFO - opacity_threshold_coarse: 0.005
2025-02-13 04:17:03 - INFO - opacity_threshold_fine_init: 0.005
2025-02-13 04:17:03 - INFO - opacity_threshold_fine_after: 0.005
2025-02-13 04:17:03 - INFO - batch_size: 4
2025-02-13 04:17:03 - INFO - add_point: False
2025-02-13 04:17:03 - INFO - admm: True
2025-02-13 04:17:03 - INFO - admm_start_iter1: 10000
2025-02-13 04:17:03 - INFO - admm_stop_iter1: 14000
2025-02-13 04:17:03 - INFO - simp_iteration2: 14000
2025-02-13 04:17:03 - INFO - admm_interval: 50
2025-02-13 04:17:03 - INFO - rho_lr: 0.0005
2025-02-13 04:17:03 - INFO - opacity_admm_threshold1: 0.5
2025-02-13 04:17:03 - INFO - opacity_admm_threshold2: 0.8
2025-02-13 04:17:03 - INFO - convert_SHs_python: False
2025-02-13 04:17:03 - INFO - compute_cov3D_python: False
2025-02-13 04:17:03 - INFO - debug: False
2025-02-13 04:17:03 - INFO - net_width: 128
2025-02-13 04:17:03 - INFO - timebase_pe: 4
2025-02-13 04:17:03 - INFO - defor_depth: 0
2025-02-13 04:17:03 - INFO - posebase_pe: 10
2025-02-13 04:17:03 - INFO - scale_rotation_pe: 2
2025-02-13 04:17:03 - INFO - opacity_pe: 2
2025-02-13 04:17:03 - INFO - timenet_width: 64
2025-02-13 04:17:03 - INFO - timenet_output: 32
2025-02-13 04:17:03 - INFO - bounds: 1.6
2025-02-13 04:17:03 - INFO - plane_tv_weight: 0.0002
2025-02-13 04:17:03 - INFO - time_smoothness_weight: 0.001
2025-02-13 04:17:03 - INFO - l1_time_planes: 0.0001
2025-02-13 04:17:03 - INFO - kplanes_config: {'grid_dimensions': 2, 'input_coordinate_dim': 4, 'output_coordinate_dim': 16, 'resolution': [64, 64, 64, 150]}
2025-02-13 04:17:03 - INFO - multires: [1, 2]
2025-02-13 04:17:03 - INFO - no_dx: False
2025-02-13 04:17:03 - INFO - no_grid: False
2025-02-13 04:17:03 - INFO - no_ds: False
2025-02-13 04:17:03 - INFO - no_dr: False
2025-02-13 04:17:03 - INFO - no_do: False
2025-02-13 04:17:03 - INFO - no_dshs: False
2025-02-13 04:17:03 - INFO - empty_voxel: False
2025-02-13 04:17:03 - INFO - grid_pe: 0
2025-02-13 04:17:03 - INFO - static_mlp: False
2025-02-13 04:17:03 - INFO - apply_rotation: False
2025-02-13 04:17:03 - INFO - ip: 127.0.0.1
2025-02-13 04:17:03 - INFO - port: 6017
2025-02-13 04:17:03 - INFO - debug_from: -1
2025-02-13 04:17:03 - INFO - detect_anomaly: False
2025-02-13 04:17:03 - INFO - test_iterations: [3000, 7000, 14000]
2025-02-13 04:17:03 - INFO - save_iterations: [14000, 20000, 30000, 45000, 60000, 16000]
2025-02-13 04:17:03 - INFO - quiet: False
2025-02-13 04:17:03 - INFO - checkpoint_iterations: []
2025-02-13 04:17:03 - INFO - start_checkpoint: None
2025-02-13 04:17:03 - INFO - expname: dynerf/flame_salmon_1
2025-02-13 04:17:03 - INFO - configs: /data2/jian/4DGaussians/arguments/dynerf/flame_salmon_1.py
