2025-04-03 19:13:11 - INFO - Log system initialized.
2025-04-03 19:13:11 - INFO - dataloader: True
2025-04-03 19:13:11 - INFO - zerostamp_init: False
2025-04-03 19:13:11 - INFO - custom_sampler: None
2025-04-03 19:13:11 - INFO - iterations: 22000
2025-04-03 19:13:11 - INFO - coarse_iterations: 0
2025-04-03 19:13:11 - INFO - position_lr_init: 0.00016
2025-04-03 19:13:11 - INFO - position_lr_final: 1.6e-06
2025-04-03 19:13:11 - INFO - position_lr_delay_mult: 0.01
2025-04-03 19:13:11 - INFO - position_lr_max_steps: 20000
2025-04-03 19:13:11 - INFO - deformation_lr_init: 0.00016
2025-04-03 19:13:11 - INFO - deformation_lr_final: 1.6e-05
2025-04-03 19:13:11 - INFO - deformation_lr_delay_mult: 0.01
2025-04-03 19:13:11 - INFO - grid_lr_init: 0.0016
2025-04-03 19:13:11 - INFO - grid_lr_final: 0.00016
2025-04-03 19:13:11 - INFO - feature_lr: 0.0025
2025-04-03 19:13:11 - INFO - opacity_lr: 0.05
2025-04-03 19:13:11 - INFO - scaling_lr: 0.005
2025-04-03 19:13:11 - INFO - rotation_lr: 0.001
2025-04-03 19:13:11 - INFO - percent_dense: 0.01
2025-04-03 19:13:11 - INFO - lambda_dssim: 0
2025-04-03 19:13:11 - INFO - lambda_lpips: 0
2025-04-03 19:13:11 - INFO - weight_constraint_init: 1
2025-04-03 19:13:11 - INFO - weight_constraint_after: 0.2
2025-04-03 19:13:11 - INFO - weight_decay_iteration: 5000
2025-04-03 19:13:11 - INFO - opacity_reset_interval: 60000
2025-04-03 19:13:11 - INFO - densification_interval: 100
2025-04-03 19:13:11 - INFO - densify_from_iter: 0
2025-04-03 19:13:11 - INFO - densify_until_iter: 0
2025-04-03 19:13:11 - INFO - densify_grad_threshold_coarse: 0.0002
2025-04-03 19:13:11 - INFO - densify_grad_threshold_fine_init: 0.0002
2025-04-03 19:13:11 - INFO - densify_grad_threshold_after: 0.0002
2025-04-03 19:13:11 - INFO - pruning_from_iter: 500
2025-04-03 19:13:11 - INFO - pruning_interval: 100
2025-04-03 19:13:11 - INFO - opacity_threshold_coarse: 0.005
2025-04-03 19:13:11 - INFO - opacity_threshold_fine_init: 0.005
2025-04-03 19:13:11 - INFO - opacity_threshold_fine_after: 0.005
2025-04-03 19:13:11 - INFO - batch_size: 2
2025-04-03 19:13:11 - INFO - add_point: False
2025-04-03 19:13:11 - INFO - admm_start_iter1: 16000
2025-04-03 19:13:11 - INFO - admm_stop_iter1: 19900
2025-04-03 19:13:11 - INFO - simp_iteration1: 14001
2025-04-03 19:13:11 - INFO - simp_iteration2: 19900
2025-04-03 19:13:11 - INFO - admm_interval: 50
2025-04-03 19:13:11 - INFO - rho_lr: 0.0005
2025-04-03 19:13:11 - INFO - opacity_admm_threshold1: 0.8
2025-04-03 19:13:11 - INFO - opacity_admm_threshold2: 0.5
2025-04-03 19:13:11 - INFO - outdoor: False
2025-04-03 19:13:11 - INFO - admm: True
2025-04-03 19:13:11 - INFO - prune_points: True
2025-04-03 19:13:11 - INFO - related_gs_num: 1
2025-04-03 19:13:11 - INFO - simp_iteration1_score_type: 0
2025-04-03 19:13:11 - INFO - score_function: 36
2025-04-03 19:13:11 - INFO - fast_test: True
2025-04-03 19:13:16 - INFO - {'Loss': '0.02012', 'admm_loss': '0.00000', 'psnr': '29.11', 'point': 26076}
2025-04-03 19:13:18 - INFO - {'Loss': '0.01930', 'admm_loss': '0.00000', 'psnr': '28.77', 'point': 26076}
2025-04-03 19:13:19 - INFO - {'Loss': '0.01730', 'admm_loss': '0.00000', 'psnr': '31.21', 'point': 26076}
2025-04-03 19:13:20 - INFO - {'Loss': '0.01718', 'admm_loss': '0.00000', 'psnr': '29.05', 'point': 26076}
2025-04-03 19:13:22 - INFO - {'Loss': '0.01652', 'admm_loss': '0.00000', 'psnr': '30.39', 'point': 26076}
2025-04-03 19:13:23 - INFO - {'Loss': '0.01497', 'admm_loss': '0.00000', 'psnr': '32.39', 'point': 26076}
2025-04-03 19:13:25 - INFO - {'Loss': '0.01495', 'admm_loss': '0.00000', 'psnr': '33.07', 'point': 26076}
2025-04-03 19:13:26 - INFO - {'Loss': '0.01519', 'admm_loss': '0.00000', 'psnr': '32.02', 'point': 26076}
2025-04-03 19:13:28 - INFO - {'Loss': '0.01517', 'admm_loss': '0.00000', 'psnr': '31.18', 'point': 26076}
2025-04-03 19:13:29 - INFO - {'Loss': '0.01413', 'admm_loss': '0.00000', 'psnr': '31.08', 'point': 26076}
2025-04-03 19:13:30 - INFO - {'Loss': '0.01366', 'admm_loss': '0.00000', 'psnr': '32.51', 'point': 26076}
2025-04-03 19:13:32 - INFO - {'Loss': '0.01363', 'admm_loss': '0.00000', 'psnr': '31.84', 'point': 26076}
2025-04-03 19:13:33 - INFO - {'Loss': '0.01384', 'admm_loss': '0.00000', 'psnr': '32.31', 'point': 26076}
2025-04-03 19:13:35 - INFO - {'Loss': '0.01331', 'admm_loss': '0.00000', 'psnr': '32.52', 'point': 26076}
2025-04-03 19:13:36 - INFO - {'Loss': '0.01406', 'admm_loss': '0.00000', 'psnr': '32.24', 'point': 26076}
2025-04-03 19:13:38 - INFO - {'Loss': '0.01358', 'admm_loss': '0.00000', 'psnr': '31.66', 'point': 26076}
2025-04-03 19:13:39 - INFO - {'Loss': '0.01334', 'admm_loss': '0.00000', 'psnr': '32.43', 'point': 26076}
2025-04-03 19:13:40 - INFO - {'Loss': '0.01444', 'admm_loss': '0.00000', 'psnr': '32.14', 'point': 26076}
2025-04-03 19:13:42 - INFO - {'Loss': '0.01399', 'admm_loss': '0.00000', 'psnr': '32.44', 'point': 26076}
2025-04-03 19:13:44 - INFO - {'Loss': '0.01387', 'admm_loss': '0.00000', 'psnr': '32.03', 'point': 26076}
2025-04-03 19:13:46 - INFO - {'Loss': '0.01437', 'admm_loss': '0.00000', 'psnr': '32.22', 'point': 26076}
2025-04-03 19:13:46 - INFO - {'Loss': '0.01454', 'admm_loss': '0.00000', 'psnr': '31.45', 'point': 26076}
2025-04-03 19:13:47 - INFO - {'Loss': '0.01554', 'admm_loss': '0.00000', 'psnr': '31.79', 'point': 26076}
2025-04-03 19:13:48 - INFO - {'Loss': '0.01457', 'admm_loss': '0.00000', 'psnr': '31.50', 'point': 26076}
2025-04-03 19:13:48 - INFO - {'Loss': '0.01319', 'admm_loss': '0.00000', 'psnr': '32.88', 'point': 26076}
2025-04-03 19:13:49 - INFO - {'Loss': '0.01288', 'admm_loss': '0.00000', 'psnr': '32.55', 'point': 26076}
2025-04-03 19:13:50 - INFO - {'Loss': '0.01389', 'admm_loss': '0.00000', 'psnr': '31.88', 'point': 26076}
2025-04-03 19:13:51 - INFO - {'Loss': '0.01323', 'admm_loss': '0.00000', 'psnr': '33.38', 'point': 26076}
2025-04-03 19:13:51 - INFO - {'Loss': '0.01237', 'admm_loss': '0.00000', 'psnr': '33.46', 'point': 26076}
2025-04-03 19:13:52 - INFO - {'Loss': '0.01253', 'admm_loss': '0.00000', 'psnr': '32.80', 'point': 26076}
2025-04-03 19:13:53 - INFO - {'Loss': '0.01318', 'admm_loss': '0.00000', 'psnr': '33.24', 'point': 26076}
2025-04-03 19:13:53 - INFO - {'Loss': '0.01262', 'admm_loss': '0.00000', 'psnr': '33.19', 'point': 26076}
2025-04-03 19:13:54 - INFO - {'Loss': '0.01324', 'admm_loss': '0.00000', 'psnr': '32.04', 'point': 26076}
2025-04-03 19:13:55 - INFO - {'Loss': '0.01341', 'admm_loss': '0.00000', 'psnr': '32.53', 'point': 26076}
2025-04-03 19:13:56 - INFO - {'Loss': '0.01227', 'admm_loss': '0.00000', 'psnr': '33.96', 'point': 26076}
2025-04-03 19:13:57 - INFO - {'Loss': '0.01355', 'admm_loss': '0.00000', 'psnr': '33.02', 'point': 26076}
2025-04-03 19:13:59 - INFO - {'Loss': '0.01318', 'admm_loss': '0.00000', 'psnr': '31.77', 'point': 26076}
2025-04-03 19:14:01 - INFO - {'Loss': '0.01397', 'admm_loss': '0.00000', 'psnr': '31.49', 'point': 26076}
2025-04-03 19:14:02 - INFO - {'Loss': '0.01542', 'admm_loss': '0.00000', 'psnr': '30.50', 'point': 26076}
2025-04-03 19:14:03 - INFO - {'Loss': '0.01237', 'admm_loss': '0.00000', 'psnr': '33.06', 'point': 26076}
2025-04-03 19:14:03 - INFO - {'Loss': '0.01493', 'admm_loss': '0.00000', 'psnr': '31.68', 'point': 26076}
2025-04-03 19:14:04 - INFO - {'Loss': '0.01353', 'admm_loss': '0.00000', 'psnr': '31.75', 'point': 26076}
2025-04-03 19:14:05 - INFO - {'Loss': '0.01238', 'admm_loss': '0.00000', 'psnr': '33.39', 'point': 26076}
2025-04-03 19:14:06 - INFO - {'Loss': '0.01225', 'admm_loss': '0.00000', 'psnr': '33.89', 'point': 26076}
2025-04-03 19:14:06 - INFO - {'Loss': '0.01375', 'admm_loss': '0.00000', 'psnr': '32.60', 'point': 26076}
2025-04-03 19:14:07 - INFO - {'Loss': '0.01209', 'admm_loss': '0.00000', 'psnr': '33.00', 'point': 26076}
2025-04-03 19:14:08 - INFO - {'Loss': '0.01256', 'admm_loss': '0.00000', 'psnr': '32.07', 'point': 26076}
2025-04-03 19:14:08 - INFO - {'Loss': '0.01303', 'admm_loss': '0.00000', 'psnr': '31.91', 'point': 26076}
2025-04-03 19:14:09 - INFO - {'Loss': '0.01189', 'admm_loss': '0.00000', 'psnr': '33.04', 'point': 26076}
2025-04-03 19:14:10 - INFO - {'Loss': '0.01227', 'admm_loss': '0.00000', 'psnr': '33.30', 'point': 26076}
2025-04-03 19:14:10 - INFO - {'Loss': '0.01376', 'admm_loss': '0.00000', 'psnr': '32.71', 'point': 26076}
2025-04-03 19:14:11 - INFO - {'Loss': '0.01359', 'admm_loss': '0.00000', 'psnr': '32.38', 'point': 26076}
2025-04-03 19:14:12 - INFO - {'Loss': '0.01313', 'admm_loss': '0.00000', 'psnr': '33.82', 'point': 26076}
2025-04-03 19:14:13 - INFO - {'Loss': '0.01279', 'admm_loss': '0.00000', 'psnr': '33.02', 'point': 26076}
2025-04-03 19:14:15 - INFO - {'Loss': '0.01324', 'admm_loss': '0.00000', 'psnr': '32.00', 'point': 26076}
2025-04-03 19:14:16 - INFO - {'Loss': '0.01277', 'admm_loss': '0.00000', 'psnr': '33.92', 'point': 26076}
2025-04-03 19:14:17 - INFO - {'Loss': '0.01243', 'admm_loss': '0.00000', 'psnr': '31.55', 'point': 26076}
2025-04-03 19:14:19 - INFO - {'Loss': '0.01265', 'admm_loss': '0.00000', 'psnr': '33.28', 'point': 26076}
2025-04-03 19:14:20 - INFO - {'Loss': '0.01383', 'admm_loss': '0.00000', 'psnr': '32.27', 'point': 26076}
2025-04-03 19:14:22 - INFO - {'Loss': '0.01250', 'admm_loss': '0.00000', 'psnr': '33.12', 'point': 26076}
2025-04-03 19:14:23 - INFO - {'Loss': '0.01264', 'admm_loss': '0.00000', 'psnr': '32.02', 'point': 26076}
2025-04-03 19:14:25 - INFO - {'Loss': '0.01316', 'admm_loss': '0.00000', 'psnr': '32.47', 'point': 26076}
2025-04-03 19:14:26 - INFO - {'Loss': '0.01371', 'admm_loss': '0.00000', 'psnr': '31.74', 'point': 26076}
2025-04-03 19:14:27 - INFO - {'Loss': '0.01312', 'admm_loss': '0.00000', 'psnr': '32.63', 'point': 26076}
2025-04-03 19:14:28 - INFO - {'Loss': '0.01273', 'admm_loss': '0.00000', 'psnr': '32.96', 'point': 26076}
2025-04-03 19:14:30 - INFO - {'Loss': '0.01212', 'admm_loss': '0.00000', 'psnr': '33.31', 'point': 26076}
2025-04-03 19:14:31 - INFO - {'Loss': '0.01285', 'admm_loss': '0.00000', 'psnr': '32.78', 'point': 26076}
2025-04-03 19:14:33 - INFO - {'Loss': '0.01193', 'admm_loss': '0.00000', 'psnr': '32.81', 'point': 26076}
2025-04-03 19:14:34 - INFO - {'Loss': '0.01268', 'admm_loss': '0.00000', 'psnr': '32.13', 'point': 26076}
2025-04-03 19:14:35 - INFO - {'Loss': '0.01166', 'admm_loss': '0.00000', 'psnr': '33.72', 'point': 26076}
2025-04-03 19:14:37 - INFO - {'Loss': '0.01273', 'admm_loss': '0.00000', 'psnr': '32.85', 'point': 26076}
2025-04-03 19:14:38 - INFO - {'Loss': '0.01411', 'admm_loss': '0.00000', 'psnr': '32.29', 'point': 26076}
2025-04-03 19:14:40 - INFO - {'Loss': '0.01215', 'admm_loss': '0.00000', 'psnr': '33.98', 'point': 26076}
2025-04-03 19:14:41 - INFO - {'Loss': '0.01305', 'admm_loss': '0.00000', 'psnr': '31.69', 'point': 26076}
2025-04-03 19:14:42 - INFO - {'Loss': '0.01202', 'admm_loss': '0.00000', 'psnr': '32.65', 'point': 26076}
2025-04-03 19:14:44 - INFO - {'Loss': '0.01229', 'admm_loss': '0.00000', 'psnr': '33.37', 'point': 26076}
2025-04-03 19:14:45 - INFO - {'Loss': '0.01181', 'admm_loss': '0.00000', 'psnr': '33.96', 'point': 26076}
2025-04-03 19:14:46 - INFO - {'Loss': '0.01308', 'admm_loss': '0.00000', 'psnr': '33.19', 'point': 26076}
2025-04-03 19:14:48 - INFO - {'Loss': '0.01176', 'admm_loss': '0.00000', 'psnr': '33.80', 'point': 26076}
2025-04-03 19:14:49 - INFO - {'Loss': '0.01130', 'admm_loss': '0.00000', 'psnr': '34.29', 'point': 26076}
2025-04-03 19:14:50 - INFO - {'Loss': '0.01151', 'admm_loss': '0.00000', 'psnr': '34.08', 'point': 26076}
2025-04-03 19:14:52 - INFO - {'Loss': '0.01255', 'admm_loss': '0.00000', 'psnr': '33.08', 'point': 26076}
2025-04-03 19:14:53 - INFO - {'Loss': '0.01311', 'admm_loss': '0.00000', 'psnr': '32.22', 'point': 26076}
2025-04-03 19:14:54 - INFO - {'Loss': '0.01316', 'admm_loss': '0.00000', 'psnr': '32.21', 'point': 26076}
2025-04-03 19:14:56 - INFO - {'Loss': '0.01124', 'admm_loss': '0.00000', 'psnr': '33.84', 'point': 26076}
2025-04-03 19:14:57 - INFO - {'Loss': '0.01131', 'admm_loss': '0.00000', 'psnr': '34.39', 'point': 26076}
2025-04-03 19:14:59 - INFO - {'Loss': '0.01257', 'admm_loss': '0.00000', 'psnr': '32.08', 'point': 26076}
2025-04-03 19:15:00 - INFO - {'Loss': '0.01258', 'admm_loss': '0.00000', 'psnr': '34.19', 'point': 26076}
2025-04-03 19:15:02 - INFO - {'Loss': '0.01199', 'admm_loss': '0.00000', 'psnr': '34.13', 'point': 26076}
2025-04-03 19:15:04 - INFO - {'Loss': '0.01332', 'admm_loss': '0.00000', 'psnr': '33.05', 'point': 26076}
2025-04-03 19:15:06 - INFO - {'Loss': '0.01289', 'admm_loss': '0.00000', 'psnr': '32.94', 'point': 26076}
2025-04-03 19:15:06 - INFO - {'Loss': '0.01206', 'admm_loss': '0.00000', 'psnr': '33.61', 'point': 26076}
2025-04-03 19:15:07 - INFO - {'Loss': '0.01175', 'admm_loss': '0.00000', 'psnr': '33.20', 'point': 26076}
2025-04-03 19:15:08 - INFO - {'Loss': '0.01145', 'admm_loss': '0.00000', 'psnr': '34.21', 'point': 26076}
2025-04-03 19:15:08 - INFO - {'Loss': '0.01225', 'admm_loss': '0.00000', 'psnr': '33.68', 'point': 26076}
2025-04-03 19:15:09 - INFO - {'Loss': '0.01267', 'admm_loss': '0.00000', 'psnr': '32.01', 'point': 26076}
2025-04-03 19:15:10 - INFO - {'Loss': '0.01186', 'admm_loss': '0.00000', 'psnr': '33.91', 'point': 26076}
2025-04-03 19:15:11 - INFO - {'Loss': '0.01179', 'admm_loss': '0.00000', 'psnr': '32.71', 'point': 26076}
2025-04-03 19:15:11 - INFO - {'Loss': '0.01338', 'admm_loss': '0.00000', 'psnr': '31.58', 'point': 26076}
2025-04-03 19:15:12 - INFO - {'Loss': '0.01166', 'admm_loss': '0.00000', 'psnr': '33.08', 'point': 26076}
2025-04-03 19:15:13 - INFO - {'Loss': '0.01221', 'admm_loss': '0.00000', 'psnr': '33.63', 'point': 26076}
2025-04-03 19:15:14 - INFO - {'Loss': '0.01267', 'admm_loss': '0.00000', 'psnr': '32.78', 'point': 26076}
2025-04-03 19:15:14 - INFO - {'Loss': '0.01277', 'admm_loss': '0.00000', 'psnr': '33.55', 'point': 26076}
2025-04-03 19:15:15 - INFO - {'Loss': '0.01248', 'admm_loss': '0.00000', 'psnr': '31.70', 'point': 26076}
2025-04-03 19:15:16 - INFO - {'Loss': '0.01287', 'admm_loss': '0.00000', 'psnr': '32.90', 'point': 26076}
2025-04-03 19:15:17 - INFO - {'Loss': '0.01143', 'admm_loss': '0.00000', 'psnr': '33.78', 'point': 26076}
2025-04-03 19:15:19 - INFO - {'Loss': '0.01246', 'admm_loss': '0.00000', 'psnr': '32.72', 'point': 26076}
2025-04-03 19:15:20 - INFO - {'Loss': '0.01201', 'admm_loss': '0.00000', 'psnr': '34.16', 'point': 26076}
2025-04-03 19:15:22 - INFO - {'Loss': '0.01357', 'admm_loss': '0.00000', 'psnr': '32.42', 'point': 26076}
2025-04-03 19:15:23 - INFO - {'Loss': '0.01171', 'admm_loss': '0.00000', 'psnr': '33.98', 'point': 26076}
2025-04-03 19:15:24 - INFO - {'Loss': '0.01208', 'admm_loss': '0.00000', 'psnr': '33.23', 'point': 26076}
2025-04-03 19:15:24 - INFO - {'Loss': '0.01309', 'admm_loss': '0.00000', 'psnr': '33.25', 'point': 26076}
2025-04-03 19:15:25 - INFO - {'Loss': '0.01245', 'admm_loss': '0.00000', 'psnr': '33.10', 'point': 26076}
2025-04-03 19:15:26 - INFO - {'Loss': '0.01385', 'admm_loss': '0.00000', 'psnr': '30.69', 'point': 26076}
2025-04-03 19:15:26 - INFO - {'Loss': '0.01183', 'admm_loss': '0.00000', 'psnr': '33.46', 'point': 26076}
2025-04-03 19:15:27 - INFO - {'Loss': '0.01222', 'admm_loss': '0.00000', 'psnr': '33.18', 'point': 26076}
2025-04-03 19:15:28 - INFO - {'Loss': '0.01365', 'admm_loss': '0.00000', 'psnr': '32.23', 'point': 26076}
2025-04-03 19:15:29 - INFO - {'Loss': '0.01215', 'admm_loss': '0.00000', 'psnr': '32.68', 'point': 26076}
2025-04-03 19:15:29 - INFO - {'Loss': '0.01186', 'admm_loss': '0.00000', 'psnr': '33.92', 'point': 26076}
2025-04-03 19:15:30 - INFO - {'Loss': '0.01134', 'admm_loss': '0.00000', 'psnr': '33.86', 'point': 26076}
2025-04-03 19:15:31 - INFO - {'Loss': '0.01190', 'admm_loss': '0.00000', 'psnr': '34.20', 'point': 26076}
2025-04-03 19:15:32 - INFO - {'Loss': '0.01209', 'admm_loss': '0.00000', 'psnr': '33.81', 'point': 26076}
2025-04-03 19:15:32 - INFO - {'Loss': '0.01146', 'admm_loss': '0.00000', 'psnr': '34.51', 'point': 26076}
2025-04-03 19:15:34 - INFO - {'Loss': '0.01258', 'admm_loss': '0.00000', 'psnr': '33.17', 'point': 26076}
2025-04-03 19:15:35 - INFO - {'Loss': '0.01335', 'admm_loss': '0.00000', 'psnr': '32.15', 'point': 26076}
2025-04-03 19:15:37 - INFO - {'Loss': '0.01323', 'admm_loss': '0.00000', 'psnr': '31.52', 'point': 26076}
2025-04-03 19:15:38 - INFO - {'Loss': '0.01219', 'admm_loss': '0.00000', 'psnr': '33.26', 'point': 26076}
2025-04-03 19:15:39 - INFO - {'Loss': '0.01099', 'admm_loss': '0.00000', 'psnr': '33.79', 'point': 26076}
2025-04-03 19:15:41 - INFO - {'Loss': '0.01188', 'admm_loss': '0.00000', 'psnr': '32.91', 'point': 26076}
2025-04-03 19:15:42 - INFO - {'Loss': '0.01122', 'admm_loss': '0.00000', 'psnr': '33.93', 'point': 26076}
2025-04-03 19:15:43 - INFO - {'Loss': '0.01194', 'admm_loss': '0.00000', 'psnr': '32.65', 'point': 26076}
2025-04-03 19:15:45 - INFO - {'Loss': '0.01208', 'admm_loss': '0.00000', 'psnr': '33.02', 'point': 26076}
2025-04-03 19:15:46 - INFO - {'Loss': '0.01136', 'admm_loss': '0.00000', 'psnr': '34.23', 'point': 26076}
2025-04-03 19:15:47 - INFO - {'Loss': '0.01194', 'admm_loss': '0.00000', 'psnr': '32.77', 'point': 26076}
2025-04-03 19:15:49 - INFO - {'Loss': '0.01241', 'admm_loss': '0.00000', 'psnr': '32.77', 'point': 26076}
2025-04-03 19:15:50 - INFO - {'Loss': '0.01148', 'admm_loss': '0.00000', 'psnr': '33.71', 'point': 26076}
2025-04-03 19:15:51 - INFO - {'Loss': '0.01217', 'admm_loss': '0.00000', 'psnr': '33.60', 'point': 26076}
2025-04-03 19:15:53 - INFO - {'Loss': '0.01250', 'admm_loss': '0.00000', 'psnr': '31.56', 'point': 26076}
2025-04-03 19:15:54 - INFO - {'Loss': '0.01313', 'admm_loss': '0.00000', 'psnr': '32.21', 'point': 26076}
2025-04-03 19:15:55 - INFO - {'Loss': '0.01129', 'admm_loss': '0.00000', 'psnr': '33.90', 'point': 26076}
2025-04-03 19:15:57 - INFO - {'Loss': '0.01140', 'admm_loss': '0.00000', 'psnr': '33.64', 'point': 26076}
2025-04-03 19:15:58 - INFO - {'Loss': '0.01202', 'admm_loss': '0.00000', 'psnr': '33.36', 'point': 26076}
2025-04-03 19:16:00 - INFO - {'Loss': '0.01165', 'admm_loss': '0.00000', 'psnr': '33.90', 'point': 26076}
2025-04-03 19:16:01 - INFO - {'Loss': '0.01139', 'admm_loss': '0.00000', 'psnr': '33.95', 'point': 26076}
2025-04-03 19:16:02 - INFO - {'Loss': '0.01221', 'admm_loss': '0.00000', 'psnr': '32.96', 'point': 26076}
2025-04-03 19:16:04 - INFO - {'Loss': '0.01149', 'admm_loss': '0.00000', 'psnr': '33.43', 'point': 26076}
2025-04-03 19:16:05 - INFO - {'Loss': '0.01165', 'admm_loss': '0.00000', 'psnr': '33.78', 'point': 26076}
2025-04-03 19:16:06 - INFO - {'Loss': '0.01224', 'admm_loss': '0.00000', 'psnr': '32.07', 'point': 26076}
2025-04-03 19:16:08 - INFO - {'Loss': '0.01142', 'admm_loss': '0.00000', 'psnr': '34.22', 'point': 26076}
2025-04-03 19:16:09 - INFO - {'Loss': '0.01111', 'admm_loss': '0.00000', 'psnr': '34.57', 'point': 26076}
2025-04-03 19:16:11 - INFO - {'Loss': '0.01138', 'admm_loss': '0.00000', 'psnr': '33.57', 'point': 26076}
2025-04-03 19:16:12 - INFO - {'Loss': '0.01153', 'admm_loss': '0.00000', 'psnr': '32.71', 'point': 26076}
2025-04-03 19:16:13 - INFO - {'Loss': '0.01223', 'admm_loss': '0.00000', 'psnr': '34.05', 'point': 26076}
2025-04-03 19:16:15 - INFO - {'Loss': '0.01219', 'admm_loss': '0.00000', 'psnr': '33.09', 'point': 26076}
2025-04-03 19:16:16 - INFO - {'Loss': '0.01159', 'admm_loss': '0.00000', 'psnr': '32.88', 'point': 26076}
2025-04-03 19:16:17 - INFO - {'Loss': '0.01142', 'admm_loss': '0.00000', 'psnr': '34.10', 'point': 26076}
2025-04-03 19:16:18 - INFO - {'Loss': '0.01224', 'admm_loss': '0.00000', 'psnr': '33.23', 'point': 26076}
2025-04-03 19:16:20 - INFO - {'Loss': '0.01202', 'admm_loss': '0.00000', 'psnr': '34.33', 'point': 26076}
2025-04-03 19:16:22 - INFO - {'Loss': '0.01156', 'admm_loss': '0.00000', 'psnr': '33.97', 'point': 26076}
2025-04-03 19:16:24 - INFO - {'Loss': '0.01185', 'admm_loss': '0.00000', 'psnr': '34.56', 'point': 26076}
2025-04-03 19:16:24 - INFO - {'Loss': '0.01157', 'admm_loss': '0.00000', 'psnr': '33.56', 'point': 26076}
2025-04-03 19:16:25 - INFO - {'Loss': '0.01190', 'admm_loss': '0.00000', 'psnr': '33.44', 'point': 26076}
2025-04-03 19:16:26 - INFO - {'Loss': '0.01270', 'admm_loss': '0.00000', 'psnr': '32.07', 'point': 26076}
2025-04-03 19:16:27 - INFO - {'Loss': '0.01130', 'admm_loss': '0.00000', 'psnr': '33.82', 'point': 26076}
2025-04-03 19:16:27 - INFO - {'Loss': '0.01188', 'admm_loss': '0.00000', 'psnr': '33.39', 'point': 26076}
2025-04-03 19:16:28 - INFO - {'Loss': '0.01165', 'admm_loss': '0.00000', 'psnr': '33.69', 'point': 26076}
2025-04-03 19:16:29 - INFO - {'Loss': '0.01086', 'admm_loss': '0.00000', 'psnr': '34.74', 'point': 26076}
2025-04-03 19:16:29 - INFO - {'Loss': '0.01133', 'admm_loss': '0.00000', 'psnr': '33.79', 'point': 26076}
2025-04-03 19:16:30 - INFO - {'Loss': '0.01349', 'admm_loss': '0.00000', 'psnr': '32.03', 'point': 26076}
2025-04-03 19:16:31 - INFO - {'Loss': '0.01255', 'admm_loss': '0.00000', 'psnr': '33.02', 'point': 26076}
2025-04-03 19:16:32 - INFO - {'Loss': '0.01217', 'admm_loss': '0.00000', 'psnr': '32.48', 'point': 26076}
2025-04-03 19:16:32 - INFO - {'Loss': '0.01218', 'admm_loss': '0.00000', 'psnr': '33.27', 'point': 26076}
2025-04-03 19:16:33 - INFO - {'Loss': '0.01137', 'admm_loss': '0.00000', 'psnr': '34.61', 'point': 26076}
2025-04-03 19:16:35 - INFO - {'Loss': '0.01223', 'admm_loss': '0.00000', 'psnr': '31.81', 'point': 26076}
2025-04-03 19:16:37 - INFO - {'Loss': '0.01112', 'admm_loss': '0.00000', 'psnr': '34.07', 'point': 26076}
2025-04-03 19:16:39 - INFO - {'Loss': '0.01185', 'admm_loss': '0.00000', 'psnr': '32.58', 'point': 26076}
2025-04-03 19:16:40 - INFO - {'Loss': '0.01151', 'admm_loss': '0.00000', 'psnr': '33.35', 'point': 26076}
2025-04-03 19:16:40 - INFO - {'Loss': '0.01092', 'admm_loss': '0.00000', 'psnr': '33.92', 'point': 26076}
2025-04-03 19:16:41 - INFO - {'Loss': '0.01069', 'admm_loss': '0.00000', 'psnr': '34.37', 'point': 26076}
2025-04-03 19:16:42 - INFO - {'Loss': '0.01211', 'admm_loss': '0.00000', 'psnr': '33.66', 'point': 26076}
2025-04-03 19:16:42 - INFO - {'Loss': '0.01330', 'admm_loss': '0.00000', 'psnr': '31.46', 'point': 26076}
2025-04-03 19:16:43 - INFO - {'Loss': '0.01233', 'admm_loss': '0.00000', 'psnr': '33.27', 'point': 26076}
2025-04-03 19:16:44 - INFO - {'Loss': '0.01273', 'admm_loss': '0.00000', 'psnr': '33.65', 'point': 26076}
2025-04-03 19:16:44 - INFO - {'Loss': '0.01168', 'admm_loss': '0.00000', 'psnr': '33.31', 'point': 26076}
2025-04-03 19:16:45 - INFO - {'Loss': '0.01308', 'admm_loss': '0.00000', 'psnr': '31.57', 'point': 26076}
2025-04-03 19:16:46 - INFO - {'Loss': '0.01163', 'admm_loss': '0.00000', 'psnr': '33.43', 'point': 26076}
2025-04-03 19:16:47 - INFO - {'Loss': '0.01175', 'admm_loss': '0.00000', 'psnr': '32.79', 'point': 26076}
2025-04-03 19:16:47 - INFO - {'Loss': '0.01121', 'admm_loss': '0.00000', 'psnr': '34.71', 'point': 26076}
2025-04-03 19:16:48 - INFO - {'Loss': '0.01191', 'admm_loss': '0.00000', 'psnr': '32.20', 'point': 26076}
2025-04-03 19:16:49 - INFO - {'Loss': '0.01137', 'admm_loss': '0.00000', 'psnr': '31.90', 'point': 26076}
2025-04-03 19:16:49 - INFO - {'Loss': '0.01076', 'admm_loss': '0.00000', 'psnr': '33.39', 'point': 26076}
2025-04-03 19:16:51 - INFO - {'Loss': '0.01098', 'admm_loss': '0.00000', 'psnr': '33.73', 'point': 26076}
2025-04-03 19:16:52 - INFO - {'Loss': '0.01120', 'admm_loss': '0.00000', 'psnr': '33.74', 'point': 26076}
2025-04-03 19:16:54 - INFO - {'Loss': '0.01165', 'admm_loss': '0.00000', 'psnr': '33.80', 'point': 26076}
2025-04-03 19:16:55 - INFO - {'Loss': '0.01130', 'admm_loss': '0.00000', 'psnr': '33.64', 'point': 26076}
2025-04-03 19:16:56 - INFO - {'Loss': '0.01292', 'admm_loss': '0.00000', 'psnr': '32.86', 'point': 26076}
2025-04-03 19:16:57 - INFO - {'Loss': '0.01163', 'admm_loss': '0.00000', 'psnr': '34.36', 'point': 26076}
2025-04-03 19:16:58 - INFO - {'Loss': '0.01146', 'admm_loss': '0.00000', 'psnr': '33.49', 'point': 26076}
2025-04-03 19:17:00 - INFO - {'Loss': '0.01193', 'admm_loss': '0.00000', 'psnr': '32.47', 'point': 26076}
2025-04-03 19:17:01 - INFO - {'Loss': '0.01190', 'admm_loss': '0.00000', 'psnr': '33.59', 'point': 26076}
2025-04-03 19:17:03 - INFO - {'Loss': '0.01191', 'admm_loss': '0.00000', 'psnr': '33.04', 'point': 26076}
2025-04-03 19:17:05 - INFO - {'Loss': '0.01092', 'admm_loss': '0.00000', 'psnr': '33.75', 'point': 26076}
2025-04-03 19:17:06 - INFO - {'Loss': '0.01091', 'admm_loss': '0.00000', 'psnr': '33.38', 'point': 26076}
2025-04-03 19:17:07 - INFO - {'Loss': '0.01212', 'admm_loss': '0.00000', 'psnr': '33.23', 'point': 26076}
2025-04-03 19:17:08 - INFO - {'Loss': '0.11576', 'admm_loss': '0.10371', 'psnr': '32.97', 'point': 26076}
2025-04-03 19:17:10 - INFO - {'Loss': '0.01216', 'admm_loss': '0.25834', 'psnr': '33.08', 'point': 26076}
2025-04-03 19:17:11 - INFO - {'Loss': '0.01113', 'admm_loss': '0.25928', 'psnr': '34.64', 'point': 26076}
2025-04-03 19:17:13 - INFO - {'Loss': '0.01389', 'admm_loss': '0.25928', 'psnr': '30.63', 'point': 26076}
2025-04-03 19:17:14 - INFO - {'Loss': '0.01182', 'admm_loss': '0.25928', 'psnr': '33.19', 'point': 26076}
2025-04-03 19:17:15 - INFO - {'Loss': '0.37780', 'admm_loss': '0.52162', 'psnr': '33.26', 'point': 26076}
2025-04-03 19:17:17 - INFO - {'Loss': '0.01549', 'admm_loss': '0.91275', 'psnr': '31.60', 'point': 26076}
2025-04-03 19:17:18 - INFO - {'Loss': '0.01307', 'admm_loss': '0.91512', 'psnr': '32.76', 'point': 26076}
2025-04-03 19:17:19 - INFO - {'Loss': '0.01228', 'admm_loss': '0.91513', 'psnr': '32.82', 'point': 26076}
2025-04-03 19:17:21 - INFO - {'Loss': '0.01128', 'admm_loss': '0.91513', 'psnr': '33.83', 'point': 26076}
2025-04-03 19:17:22 - INFO - {'Loss': '0.56048', 'admm_loss': '1.09805', 'psnr': '34.43', 'point': 26076}
2025-04-03 19:17:24 - INFO - {'Loss': '0.01552', 'admm_loss': '1.37076', 'psnr': '32.63', 'point': 26076}
2025-04-03 19:17:25 - INFO - {'Loss': '0.01231', 'admm_loss': '1.37241', 'psnr': '35.15', 'point': 26076}
2025-04-03 19:17:26 - INFO - {'Loss': '0.01268', 'admm_loss': '1.37242', 'psnr': '32.11', 'point': 26076}
2025-04-03 19:17:28 - INFO - {'Loss': '0.01226', 'admm_loss': '1.37242', 'psnr': '32.50', 'point': 26076}
2025-04-03 19:17:29 - INFO - {'Loss': '0.72196', 'admm_loss': '1.53337', 'psnr': '33.70', 'point': 26076}
2025-04-03 19:17:31 - INFO - {'Loss': '0.01722', 'admm_loss': '1.77333', 'psnr': '32.99', 'point': 26076}
2025-04-03 19:17:32 - INFO - {'Loss': '0.01251', 'admm_loss': '1.77478', 'psnr': '32.75', 'point': 26076}
2025-04-03 19:17:33 - INFO - {'Loss': '0.01261', 'admm_loss': '1.77479', 'psnr': '33.00', 'point': 26076}
2025-04-03 19:17:35 - INFO - {'Loss': '0.01341', 'admm_loss': '1.77479', 'psnr': '32.88', 'point': 26076}
2025-04-03 19:17:37 - INFO - {'Loss': '0.77400', 'admm_loss': '1.82648', 'psnr': '33.53', 'point': 26076}
2025-04-03 19:17:39 - INFO - {'Loss': '0.01681', 'admm_loss': '1.90355', 'psnr': '32.89', 'point': 26076}
2025-04-03 19:17:40 - INFO - {'Loss': '0.01176', 'admm_loss': '1.90402', 'psnr': '32.94', 'point': 26076}
2025-04-03 19:17:41 - INFO - {'Loss': '0.01211', 'admm_loss': '1.90402', 'psnr': '33.90', 'point': 26076}
2025-04-03 19:17:41 - INFO - {'Loss': '0.01179', 'admm_loss': '1.90402', 'psnr': '33.17', 'point': 26076}
2025-04-03 19:17:42 - INFO - {'Loss': '0.84758', 'admm_loss': '1.97627', 'psnr': '32.09', 'point': 26076}
2025-04-03 19:17:43 - INFO - {'Loss': '0.01811', 'admm_loss': '2.08397', 'psnr': '32.00', 'point': 26076}
2025-04-03 19:17:44 - INFO - {'Loss': '0.01165', 'admm_loss': '2.08462', 'psnr': '33.72', 'point': 26076}
2025-04-03 19:17:44 - INFO - {'Loss': '0.01275', 'admm_loss': '2.08463', 'psnr': '32.39', 'point': 26076}
2025-04-03 19:17:45 - INFO - {'Loss': '0.01242', 'admm_loss': '2.08463', 'psnr': '32.79', 'point': 26076}
2025-04-03 19:17:46 - INFO - {'Loss': '0.77023', 'admm_loss': '2.00862', 'psnr': '32.69', 'point': 26076}
2025-04-03 19:17:47 - INFO - {'Loss': '0.01619', 'admm_loss': '1.89530', 'psnr': '33.97', 'point': 26076}
2025-04-03 19:17:47 - INFO - {'Loss': '0.01247', 'admm_loss': '1.89462', 'psnr': '32.49', 'point': 26076}
2025-04-03 19:17:48 - INFO - {'Loss': '0.01206', 'admm_loss': '1.89461', 'psnr': '33.83', 'point': 26076}
2025-04-03 19:17:49 - INFO - {'Loss': '0.01288', 'admm_loss': '1.89461', 'psnr': '33.43', 'point': 26076}
2025-04-03 19:17:51 - INFO - {'Loss': '0.74645', 'admm_loss': '1.86916', 'psnr': '33.58', 'point': 26076}
2025-04-03 19:17:53 - INFO - {'Loss': '0.01827', 'admm_loss': '1.83122', 'psnr': '32.31', 'point': 26076}
2025-04-03 19:17:55 - INFO - {'Loss': '0.01267', 'admm_loss': '1.83099', 'psnr': '32.93', 'point': 26076}
2025-04-03 19:17:56 - INFO - {'Loss': '0.01257', 'admm_loss': '1.83099', 'psnr': '32.24', 'point': 26076}
2025-04-03 19:17:56 - INFO - {'Loss': '0.01193', 'admm_loss': '1.83099', 'psnr': '33.40', 'point': 26076}
2025-04-03 19:17:57 - INFO - {'Loss': '0.68679', 'admm_loss': '1.77300', 'psnr': '32.99', 'point': 26076}
2025-04-03 19:17:58 - INFO - {'Loss': '0.01638', 'admm_loss': '1.68654', 'psnr': '33.00', 'point': 26076}
2025-04-03 19:17:59 - INFO - {'Loss': '0.01258', 'admm_loss': '1.68602', 'psnr': '33.16', 'point': 26076}
2025-04-03 19:17:59 - INFO - {'Loss': '0.01347', 'admm_loss': '1.68601', 'psnr': '32.07', 'point': 26076}
2025-04-03 19:18:00 - INFO - {'Loss': '0.01270', 'admm_loss': '1.68601', 'psnr': '33.21', 'point': 26076}
2025-04-03 19:18:01 - INFO - {'Loss': '0.66507', 'admm_loss': '1.66431', 'psnr': '31.69', 'point': 26076}
2025-04-03 19:18:02 - INFO - {'Loss': '0.01643', 'admm_loss': '1.63196', 'psnr': '32.41', 'point': 26076}
2025-04-03 19:18:02 - INFO - {'Loss': '0.01245', 'admm_loss': '1.63177', 'psnr': '32.69', 'point': 26076}
2025-04-03 19:18:03 - INFO - {'Loss': '0.01204', 'admm_loss': '1.63176', 'psnr': '33.32', 'point': 26076}
2025-04-03 19:18:04 - INFO - {'Loss': '0.01249', 'admm_loss': '1.63176', 'psnr': '33.20', 'point': 26076}
2025-04-03 19:18:05 - INFO - {'Loss': '0.66611', 'admm_loss': '1.63403', 'psnr': '33.83', 'point': 26076}
2025-04-03 19:18:06 - INFO - {'Loss': '0.01724', 'admm_loss': '1.63740', 'psnr': '31.78', 'point': 26076}
2025-04-03 19:18:08 - INFO - {'Loss': '0.01178', 'admm_loss': '1.63742', 'psnr': '33.92', 'point': 26076}
2025-04-03 19:18:10 - INFO - {'Loss': '0.01294', 'admm_loss': '1.63742', 'psnr': '32.29', 'point': 26076}
2025-04-03 19:18:11 - INFO - {'Loss': '0.01220', 'admm_loss': '1.63742', 'psnr': '33.26', 'point': 26076}
2025-04-03 19:18:13 - INFO - {'Loss': '0.64127', 'admm_loss': '1.61185', 'psnr': '34.57', 'point': 26076}
2025-04-03 19:18:14 - INFO - {'Loss': '0.01602', 'admm_loss': '1.57372', 'psnr': '33.76', 'point': 26076}
2025-04-03 19:18:16 - INFO - {'Loss': '0.01353', 'admm_loss': '1.57349', 'psnr': '31.86', 'point': 26076}
2025-04-03 19:18:18 - INFO - {'Loss': '0.01299', 'admm_loss': '1.57349', 'psnr': '33.40', 'point': 26076}
2025-04-03 19:18:19 - INFO - {'Loss': '0.01320', 'admm_loss': '1.57349', 'psnr': '31.90', 'point': 26076}
2025-04-03 19:18:21 - INFO - {'Loss': '0.63183', 'admm_loss': '1.56388', 'psnr': '32.91', 'point': 26076}
2025-04-03 19:18:23 - INFO - {'Loss': '0.01591', 'admm_loss': '1.54954', 'psnr': '32.46', 'point': 26076}
2025-04-03 19:18:24 - INFO - {'Loss': '0.01321', 'admm_loss': '1.54945', 'psnr': '31.96', 'point': 26076}
2025-04-03 19:18:26 - INFO - {'Loss': '0.01211', 'admm_loss': '1.54945', 'psnr': '33.49', 'point': 26076}
2025-04-03 19:18:27 - INFO - {'Loss': '0.01205', 'admm_loss': '1.54945', 'psnr': '33.08', 'point': 26076}
2025-04-03 19:18:29 - INFO - {'Loss': '0.62559', 'admm_loss': '1.54239', 'psnr': '32.61', 'point': 26076}
2025-04-03 19:18:31 - INFO - {'Loss': '0.01572', 'admm_loss': '1.53186', 'psnr': '33.85', 'point': 26076}
2025-04-03 19:18:32 - INFO - {'Loss': '0.01216', 'admm_loss': '1.53179', 'psnr': '33.57', 'point': 26076}
2025-04-03 19:18:34 - INFO - {'Loss': '0.01225', 'admm_loss': '1.53179', 'psnr': '34.50', 'point': 26076}
2025-04-03 19:18:36 - INFO - {'Loss': '0.01210', 'admm_loss': '1.53179', 'psnr': '34.69', 'point': 26076}
2025-04-03 19:18:37 - INFO - {'Loss': '0.58453', 'admm_loss': '1.49133', 'psnr': '32.93', 'point': 26076}
2025-04-03 19:18:39 - INFO - {'Loss': '0.01493', 'admm_loss': '1.43099', 'psnr': '34.53', 'point': 26076}
2025-04-03 19:18:41 - INFO - {'Loss': '0.01248', 'admm_loss': '1.43062', 'psnr': '32.99', 'point': 26076}
2025-04-03 19:18:42 - INFO - {'Loss': '0.01349', 'admm_loss': '1.43062', 'psnr': '32.13', 'point': 26076}
2025-04-03 19:18:44 - INFO - {'Loss': '0.01249', 'admm_loss': '1.43062', 'psnr': '33.85', 'point': 26076}
2025-04-03 19:18:45 - INFO - {'Loss': '0.59147', 'admm_loss': '1.43740', 'psnr': '32.99', 'point': 26076}
2025-04-03 19:18:47 - INFO - {'Loss': '0.01626', 'admm_loss': '1.44750', 'psnr': '33.21', 'point': 26076}
2025-04-03 19:18:49 - INFO - {'Loss': '0.01272', 'admm_loss': '1.44756', 'psnr': '33.64', 'point': 26076}
2025-04-03 19:18:50 - INFO - {'Loss': '0.01178', 'admm_loss': '1.44756', 'psnr': '34.23', 'point': 26076}
2025-04-03 19:18:52 - INFO - {'Loss': '0.01195', 'admm_loss': '1.44756', 'psnr': '33.33', 'point': 26076}
2025-04-03 19:18:54 - INFO - {'Loss': '0.58766', 'admm_loss': '1.44408', 'psnr': '34.36', 'point': 26076}
2025-04-03 19:18:56 - INFO - {'Loss': '0.01617', 'admm_loss': '1.43889', 'psnr': '31.70', 'point': 26076}
2025-04-03 19:18:58 - INFO - {'Loss': '0.01201', 'admm_loss': '1.43886', 'psnr': '34.01', 'point': 26076}
2025-04-03 19:18:59 - INFO - {'Loss': '0.01212', 'admm_loss': '1.43886', 'psnr': '33.38', 'point': 26076}
2025-04-03 19:19:01 - INFO - {'Loss': '0.01360', 'admm_loss': '1.43886', 'psnr': '32.43', 'point': 26076}
2025-04-03 19:19:03 - INFO - {'Loss': '0.55496', 'admm_loss': '1.40597', 'psnr': '33.45', 'point': 26076}
2025-04-03 19:19:04 - INFO - {'Loss': '0.01583', 'admm_loss': '1.35693', 'psnr': '32.87', 'point': 26076}
2025-04-03 19:19:06 - INFO - {'Loss': '0.01300', 'admm_loss': '1.35664', 'psnr': '32.61', 'point': 26076}
2025-04-03 19:19:08 - INFO - {'Loss': '0.01252', 'admm_loss': '1.35663', 'psnr': '33.32', 'point': 26076}
2025-04-03 19:19:09 - INFO - {'Loss': '0.01196', 'admm_loss': '1.35663', 'psnr': '34.27', 'point': 26076}
2025-04-03 19:19:11 - INFO - {'Loss': '0.56498', 'admm_loss': '1.36708', 'psnr': '33.06', 'point': 26076}
2025-04-03 19:19:12 - INFO - {'Loss': '0.01530', 'admm_loss': '1.38266', 'psnr': '32.31', 'point': 26076}
2025-04-03 19:19:14 - INFO - {'Loss': '0.01220', 'admm_loss': '1.38276', 'psnr': '33.97', 'point': 26076}
2025-04-03 19:19:16 - INFO - {'Loss': '0.01213', 'admm_loss': '1.38276', 'psnr': '33.72', 'point': 26076}
2025-04-03 19:19:18 - INFO - {'Loss': '0.01126', 'admm_loss': '1.38276', 'psnr': '34.62', 'point': 26076}
2025-04-03 19:19:19 - INFO - {'Loss': '0.55614', 'admm_loss': '1.37425', 'psnr': '33.90', 'point': 26076}
2025-04-03 19:19:20 - INFO - {'Loss': '0.01730', 'admm_loss': '1.36157', 'psnr': '31.82', 'point': 26076}
2025-04-03 19:19:21 - INFO - {'Loss': '0.01199', 'admm_loss': '1.36149', 'psnr': '34.02', 'point': 26076}
2025-04-03 19:19:22 - INFO - {'Loss': '0.01271', 'admm_loss': '1.36149', 'psnr': '32.35', 'point': 26076}
2025-04-03 19:19:23 - INFO - {'Loss': '0.01272', 'admm_loss': '1.36149', 'psnr': '32.25', 'point': 26076}
2025-04-03 19:19:23 - INFO - {'Loss': '0.52407', 'admm_loss': '1.32901', 'psnr': '33.08', 'point': 26076}
2025-04-03 19:19:24 - INFO - {'Loss': '0.01611', 'admm_loss': '1.28059', 'psnr': '32.16', 'point': 26076}
2025-04-03 19:19:25 - INFO - {'Loss': '0.01331', 'admm_loss': '1.28030', 'psnr': '32.59', 'point': 26076}
2025-04-03 19:19:26 - INFO - {'Loss': '0.01391', 'admm_loss': '1.28030', 'psnr': '31.86', 'point': 26076}
2025-04-03 19:19:27 - INFO - {'Loss': '0.01198', 'admm_loss': '1.28030', 'psnr': '33.56', 'point': 26076}
2025-04-03 19:19:27 - INFO - {'Loss': '0.53538', 'admm_loss': '1.29229', 'psnr': '33.52', 'point': 26076}
2025-04-03 19:19:28 - INFO - {'Loss': '0.01466', 'admm_loss': '1.31017', 'psnr': '33.92', 'point': 26076}
2025-04-03 19:19:29 - INFO - {'Loss': '0.01146', 'admm_loss': '1.31028', 'psnr': '34.32', 'point': 26076}
2025-04-03 19:19:31 - INFO - {'Loss': '0.01131', 'admm_loss': '1.31028', 'psnr': '34.53', 'point': 26076}
2025-04-03 19:19:33 - INFO - {'Loss': '0.01174', 'admm_loss': '1.31028', 'psnr': '32.63', 'point': 26076}
2025-04-03 19:19:35 - INFO - {'Loss': '0.52109', 'admm_loss': '1.29527', 'psnr': '33.07', 'point': 26076}
2025-04-03 19:19:36 - INFO - {'Loss': '0.01479', 'admm_loss': '1.27289', 'psnr': '33.80', 'point': 26076}
2025-04-03 19:19:37 - INFO - {'Loss': '0.01191', 'admm_loss': '1.27276', 'psnr': '32.99', 'point': 26076}
2025-04-03 19:19:37 - INFO - {'Loss': '0.01279', 'admm_loss': '1.27275', 'psnr': '32.62', 'point': 26076}
2025-04-03 19:19:38 - INFO - {'Loss': '0.01217', 'admm_loss': '1.27275', 'psnr': '32.73', 'point': 26076}
2025-04-03 19:19:39 - INFO - {'Loss': '0.49214', 'admm_loss': '1.24448', 'psnr': '34.54', 'point': 26076}
2025-04-03 19:19:40 - INFO - {'Loss': '0.01479', 'admm_loss': '1.20233', 'psnr': '33.99', 'point': 26076}
2025-04-03 19:19:41 - INFO - {'Loss': '0.01299', 'admm_loss': '1.20208', 'psnr': '34.03', 'point': 26076}
2025-04-03 19:19:41 - INFO - {'Loss': '0.01331', 'admm_loss': '1.20208', 'psnr': '31.70', 'point': 26076}
2025-04-03 19:19:42 - INFO - {'Loss': '0.01139', 'admm_loss': '1.20208', 'psnr': '35.36', 'point': 26076}
2025-04-03 19:19:43 - INFO - {'Loss': '0.50097', 'admm_loss': '1.20905', 'psnr': '32.18', 'point': 26076}
2025-04-03 19:19:44 - INFO - {'Loss': '0.01604', 'admm_loss': '1.21946', 'psnr': '32.67', 'point': 26076}
2025-04-03 19:19:45 - INFO - {'Loss': '0.01267', 'admm_loss': '1.21952', 'psnr': '32.41', 'point': 26076}
2025-04-03 19:19:46 - INFO - {'Loss': '0.01365', 'admm_loss': '1.21952', 'psnr': '32.91', 'point': 26076}
2025-04-03 19:19:47 - INFO - {'Loss': '0.01291', 'admm_loss': '1.21952', 'psnr': '33.22', 'point': 26076}
2025-04-03 19:19:49 - INFO - {'Loss': '0.48875', 'admm_loss': '1.20716', 'psnr': '31.42', 'point': 26076}
2025-04-03 19:19:51 - INFO - {'Loss': '0.01624', 'admm_loss': '1.18874', 'psnr': '31.14', 'point': 26076}
2025-04-03 19:19:52 - INFO - {'Loss': '0.01311', 'admm_loss': '1.18862', 'psnr': '32.29', 'point': 26076}
2025-04-03 19:19:54 - INFO - {'Loss': '0.01170', 'admm_loss': '1.18862', 'psnr': '33.55', 'point': 26076}
2025-04-03 19:19:55 - INFO - {'Loss': '0.01227', 'admm_loss': '1.18862', 'psnr': '33.26', 'point': 26076}
2025-04-03 19:19:57 - INFO - {'Loss': '0.46231', 'admm_loss': '1.16403', 'psnr': '34.17', 'point': 26076}
2025-04-03 19:19:59 - INFO - {'Loss': '0.01531', 'admm_loss': '1.12736', 'psnr': '32.65', 'point': 26076}
2025-04-03 19:20:00 - INFO - {'Loss': '0.01328', 'admm_loss': '1.12714', 'psnr': '32.21', 'point': 26076}
2025-04-03 19:20:02 - INFO - {'Loss': '0.01222', 'admm_loss': '1.12713', 'psnr': '32.56', 'point': 26076}
2025-04-03 19:20:04 - INFO - {'Loss': '0.01266', 'admm_loss': '1.12713', 'psnr': '33.81', 'point': 26076}
2025-04-03 19:20:05 - INFO - {'Loss': '0.46536', 'admm_loss': '1.12995', 'psnr': '33.35', 'point': 26076}
2025-04-03 19:20:07 - INFO - {'Loss': '0.01608', 'admm_loss': '1.13415', 'psnr': '31.81', 'point': 26076}
2025-04-03 19:20:09 - INFO - {'Loss': '0.01125', 'admm_loss': '1.13418', 'psnr': '34.10', 'point': 26076}
2025-04-03 19:20:11 - INFO - {'Loss': '0.01254', 'admm_loss': '1.13418', 'psnr': '32.39', 'point': 26076}
2025-04-03 19:20:13 - INFO - {'Loss': '0.01135', 'admm_loss': '1.13418', 'psnr': '34.31', 'point': 26076}
2025-04-03 19:20:14 - INFO - {'Loss': '0.45391', 'admm_loss': '1.12119', 'psnr': '31.41', 'point': 26076}
2025-04-03 19:20:16 - INFO - {'Loss': '0.01492', 'admm_loss': '1.10183', 'psnr': '33.54', 'point': 26076}
2025-04-03 19:20:18 - INFO - {'Loss': '0.01276', 'admm_loss': '1.10172', 'psnr': '32.78', 'point': 26076}
2025-04-03 19:20:20 - INFO - {'Loss': '0.01250', 'admm_loss': '1.10171', 'psnr': '33.92', 'point': 26076}
2025-04-03 19:20:21 - INFO - {'Loss': '0.01203', 'admm_loss': '1.10171', 'psnr': '33.28', 'point': 26076}
2025-04-03 19:20:23 - INFO - {'Loss': '0.43195', 'admm_loss': '1.08124', 'psnr': '33.62', 'point': 26076}
2025-04-03 19:20:25 - INFO - {'Loss': '0.01459', 'admm_loss': '1.05070', 'psnr': '33.58', 'point': 26076}
2025-04-03 19:20:27 - INFO - {'Loss': '0.01296', 'admm_loss': '1.05052', 'psnr': '31.98', 'point': 26076}
2025-04-03 19:20:28 - INFO - {'Loss': '0.01224', 'admm_loss': '1.05052', 'psnr': '33.41', 'point': 26076}
2025-04-03 19:20:30 - INFO - {'Loss': '0.01147', 'admm_loss': '1.05052', 'psnr': '34.34', 'point': 26076}
2025-04-03 19:20:32 - INFO - {'Loss': '0.43187', 'admm_loss': '1.05052', 'psnr': '33.57', 'point': 26076}
2025-04-03 19:20:34 - INFO - {'Loss': '0.01464', 'admm_loss': '1.05054', 'psnr': '33.62', 'point': 26076}
2025-04-03 19:20:36 - INFO - {'Loss': '0.01353', 'admm_loss': '1.05054', 'psnr': '31.33', 'point': 26076}
2025-04-03 19:20:37 - INFO - {'Loss': '0.01342', 'admm_loss': '1.05054', 'psnr': '31.13', 'point': 26076}
2025-04-03 19:20:39 - INFO - {'Loss': '0.01218', 'admm_loss': '1.05054', 'psnr': '32.57', 'point': 26076}
2025-04-03 19:20:41 - INFO - {'Loss': '0.42115', 'admm_loss': '1.03921', 'psnr': '33.76', 'point': 26076}
2025-04-03 19:20:43 - INFO - {'Loss': '0.01486', 'admm_loss': '1.02232', 'psnr': '32.38', 'point': 26076}
2025-04-03 19:20:44 - INFO - {'Loss': '0.01150', 'admm_loss': '1.02221', 'psnr': '34.60', 'point': 26076}
2025-04-03 19:20:46 - INFO - {'Loss': '0.01177', 'admm_loss': '1.02221', 'psnr': '33.21', 'point': 26076}
2025-04-03 19:20:48 - INFO - {'Loss': '0.01265', 'admm_loss': '1.02221', 'psnr': '34.04', 'point': 26076}
2025-04-03 19:20:50 - INFO - {'Loss': '0.40226', 'admm_loss': '1.00412', 'psnr': '34.53', 'point': 26076}
2025-04-03 19:20:51 - INFO - {'Loss': '0.01510', 'admm_loss': '0.97713', 'psnr': '34.21', 'point': 26076}
2025-04-03 19:20:53 - INFO - {'Loss': '0.01322', 'admm_loss': '0.97697', 'psnr': '31.02', 'point': 26076}
2025-04-03 19:20:55 - INFO - {'Loss': '0.01162', 'admm_loss': '0.97697', 'psnr': '33.69', 'point': 26076}
2025-04-03 19:20:57 - INFO - {'Loss': '0.01177', 'admm_loss': '0.97697', 'psnr': '32.29', 'point': 26076}
2025-04-03 19:20:58 - INFO - {'Loss': '0.40170', 'admm_loss': '0.97595', 'psnr': '33.19', 'point': 26076}
2025-04-03 19:20:59 - INFO - {'Loss': '0.01373', 'admm_loss': '0.97443', 'psnr': '33.65', 'point': 26076}
2025-04-03 19:20:59 - INFO - {'Loss': '0.01123', 'admm_loss': '0.97442', 'psnr': '34.83', 'point': 26076}
2025-04-03 19:21:00 - INFO - {'Loss': '0.01180', 'admm_loss': '0.97442', 'psnr': '32.98', 'point': 26076}
2025-04-03 19:21:01 - INFO - {'Loss': '0.01301', 'admm_loss': '0.97442', 'psnr': '32.70', 'point': 26076}
2025-04-03 19:21:02 - INFO - {'Loss': '0.39105', 'admm_loss': '0.96364', 'psnr': '33.72', 'point': 26076}
2025-04-03 19:21:03 - INFO - {'Loss': '0.01448', 'admm_loss': '0.94759', 'psnr': '32.42', 'point': 26076}
2025-04-03 19:21:04 - INFO - {'Loss': '0.01222', 'admm_loss': '0.94749', 'psnr': '33.85', 'point': 26076}
2025-04-03 19:21:05 - INFO - {'Loss': '0.01141', 'admm_loss': '0.94749', 'psnr': '33.79', 'point': 26076}
2025-04-03 19:21:05 - INFO - {'Loss': '0.01210', 'admm_loss': '0.94749', 'psnr': '33.29', 'point': 26076}
2025-04-03 19:21:06 - INFO - {'Loss': '0.37695', 'admm_loss': '0.93313', 'psnr': '33.36', 'point': 26076}
2025-04-03 19:21:07 - INFO - {'Loss': '0.01453', 'admm_loss': '0.91173', 'psnr': '32.03', 'point': 26076}
2025-04-03 19:21:10 - INFO - {'Loss': '0.01204', 'admm_loss': '0.91160', 'psnr': '33.09', 'point': 26076}
2025-04-03 19:21:12 - INFO - {'Loss': '0.01336', 'admm_loss': '0.91160', 'psnr': '31.55', 'point': 26076}
2025-04-03 19:21:13 - INFO - {'Loss': '0.01178', 'admm_loss': '0.91160', 'psnr': '33.83', 'point': 26076}
2025-04-03 19:21:14 - INFO - {'Loss': '0.37410', 'admm_loss': '0.90800', 'psnr': '32.20', 'point': 26076}
2025-04-03 19:21:15 - INFO - {'Loss': '0.01430', 'admm_loss': '0.90263', 'psnr': '33.77', 'point': 26076}
2025-04-03 19:21:16 - INFO - {'Loss': '0.01161', 'admm_loss': '0.90260', 'psnr': '33.69', 'point': 26076}
2025-04-03 19:21:17 - INFO - {'Loss': '0.01223', 'admm_loss': '0.90260', 'psnr': '31.79', 'point': 26076}
2025-04-03 19:21:18 - INFO - {'Loss': '0.01203', 'admm_loss': '0.90260', 'psnr': '32.59', 'point': 26076}
2025-04-03 19:21:18 - INFO - {'Loss': '0.36596', 'admm_loss': '0.89518', 'psnr': '32.64', 'point': 26076}
2025-04-03 19:21:19 - INFO - {'Loss': '0.01420', 'admm_loss': '0.88411', 'psnr': '32.54', 'point': 26076}
2025-04-03 19:21:20 - INFO - {'Loss': '0.01216', 'admm_loss': '0.88404', 'psnr': '33.14', 'point': 26076}
2025-04-03 19:21:21 - INFO - {'Loss': '0.01332', 'admm_loss': '0.88404', 'psnr': '31.64', 'point': 26076}
2025-04-03 19:21:22 - INFO - {'Loss': '0.01115', 'admm_loss': '0.88404', 'psnr': '34.21', 'point': 26076}
2025-04-03 19:21:23 - INFO - {'Loss': '0.35441', 'admm_loss': '0.87114', 'psnr': '30.94', 'point': 26076}
2025-04-03 19:21:25 - INFO - {'Loss': '0.01594', 'admm_loss': '0.85190', 'psnr': '31.98', 'point': 26076}
2025-04-03 19:21:27 - INFO - {'Loss': '0.01202', 'admm_loss': '0.85179', 'psnr': '33.50', 'point': 26076}
2025-04-03 19:21:29 - INFO - {'Loss': '0.01357', 'admm_loss': '0.85179', 'psnr': '31.57', 'point': 26076}
2025-04-03 19:21:30 - INFO - {'Loss': '0.01292', 'admm_loss': '0.85179', 'psnr': '31.29', 'point': 26076}
2025-04-03 19:21:32 - INFO - {'Loss': '0.35047', 'admm_loss': '0.84934', 'psnr': '33.64', 'point': 26076}
2025-04-03 19:21:34 - INFO - {'Loss': '0.01459', 'admm_loss': '0.84570', 'psnr': '33.08', 'point': 26076}
2025-04-03 19:21:36 - INFO - {'Loss': '0.01161', 'admm_loss': '0.84567', 'psnr': '33.55', 'point': 26076}
2025-04-03 19:21:38 - INFO - {'Loss': '0.01240', 'admm_loss': '0.84567', 'psnr': '32.63', 'point': 26076}
2025-04-03 19:21:40 - INFO - {'Loss': '0.01263', 'admm_loss': '0.84567', 'psnr': '32.79', 'point': 26076}
2025-04-03 19:21:41 - INFO - {'Loss': '0.34402', 'admm_loss': '0.83869', 'psnr': '32.91', 'point': 26076}
2025-04-03 19:21:43 - INFO - {'Loss': '0.01413', 'admm_loss': '0.82828', 'psnr': '32.13', 'point': 26076}
2025-04-03 19:21:45 - INFO - {'Loss': '0.01239', 'admm_loss': '0.82822', 'psnr': '33.72', 'point': 26076}
2025-04-03 19:21:47 - INFO - {'Loss': '0.01207', 'admm_loss': '0.82821', 'psnr': '33.26', 'point': 26076}
2025-04-03 19:21:49 - INFO - {'Loss': '0.01193', 'admm_loss': '0.82821', 'psnr': '32.15', 'point': 26076}
2025-04-03 19:21:51 - INFO - {'Loss': '0.33374', 'admm_loss': '0.81879', 'psnr': '33.69', 'point': 26076}
2025-04-03 19:21:52 - INFO - {'Loss': '0.01397', 'admm_loss': '0.80475', 'psnr': '34.02', 'point': 26076}
2025-04-03 19:21:54 - INFO - {'Loss': '0.01208', 'admm_loss': '0.80466', 'psnr': '32.63', 'point': 26076}
2025-04-03 19:21:56 - INFO - {'Loss': '0.01212', 'admm_loss': '0.80466', 'psnr': '33.46', 'point': 26076}
2025-04-03 19:21:58 - INFO - {'Loss': '0.01237', 'admm_loss': '0.80466', 'psnr': '32.48', 'point': 26076}
2025-04-03 19:21:59 - INFO - {'Loss': '0.32998', 'admm_loss': '0.80121', 'psnr': '34.08', 'point': 26076}
2025-04-03 19:22:01 - INFO - {'Loss': '0.01282', 'admm_loss': '0.79606', 'psnr': '34.32', 'point': 26076}
2025-04-03 19:22:03 - INFO - {'Loss': '0.01265', 'admm_loss': '0.79603', 'psnr': '31.60', 'point': 26076}
2025-04-03 19:22:05 - INFO - {'Loss': '0.01176', 'admm_loss': '0.79603', 'psnr': '33.82', 'point': 26076}
2025-04-03 19:22:07 - INFO - {'Loss': '0.01233', 'admm_loss': '0.79603', 'psnr': '33.07', 'point': 26076}
2025-04-03 19:22:09 - INFO - {'Loss': '0.32569', 'admm_loss': '0.79212', 'psnr': '34.53', 'point': 26076}
2025-04-03 19:22:10 - INFO - {'Loss': '0.01422', 'admm_loss': '0.78629', 'psnr': '34.15', 'point': 26076}
2025-04-03 19:22:12 - INFO - {'Loss': '0.01143', 'admm_loss': '0.78626', 'psnr': '32.75', 'point': 26076}
2025-04-03 19:22:14 - INFO - {'Loss': '0.01289', 'admm_loss': '0.78626', 'psnr': '32.38', 'point': 26076}
2025-04-03 19:22:16 - INFO - {'Loss': '0.01183', 'admm_loss': '0.78626', 'psnr': '32.69', 'point': 26076}
2025-04-03 19:22:18 - INFO - {'Loss': '0.31664', 'admm_loss': '0.77686', 'psnr': '33.67', 'point': 26076}
2025-04-03 19:22:19 - INFO - {'Loss': '0.01427', 'admm_loss': '0.76285', 'psnr': '32.99', 'point': 26076}
2025-04-03 19:22:21 - INFO - {'Loss': '0.01206', 'admm_loss': '0.76276', 'psnr': '32.82', 'point': 26076}
2025-04-03 19:22:23 - INFO - {'Loss': '0.01259', 'admm_loss': '0.76276', 'psnr': '33.32', 'point': 26076}
2025-04-03 19:22:25 - INFO - {'Loss': '0.01202', 'admm_loss': '0.76276', 'psnr': '33.50', 'point': 26076}
2025-04-03 19:22:26 - INFO - {'Loss': '0.31737', 'admm_loss': '0.76280', 'psnr': '32.47', 'point': 26076}
2025-04-03 19:22:28 - INFO - {'Loss': '0.01327', 'admm_loss': '0.76286', 'psnr': '33.89', 'point': 26076}
2025-04-03 19:22:31 - INFO - {'Loss': '0.01242', 'admm_loss': '0.76286', 'psnr': '32.49', 'point': 26076}
2025-04-03 19:22:32 - INFO - {'Loss': '0.01164', 'admm_loss': '0.76286', 'psnr': '33.30', 'point': 26076}
2025-04-03 19:22:33 - INFO - {'Loss': '0.01123', 'admm_loss': '0.76286', 'psnr': '34.02', 'point': 26076}
2025-04-03 19:22:34 - INFO - {'Loss': '0.31082', 'admm_loss': '0.75725', 'psnr': '34.10', 'point': 26076}
2025-04-03 19:22:34 - INFO - {'Loss': '0.01315', 'admm_loss': '0.74888', 'psnr': '34.05', 'point': 26076}
2025-04-03 19:22:35 - INFO - {'Loss': '0.01225', 'admm_loss': '0.74883', 'psnr': '32.50', 'point': 26076}
2025-04-03 19:22:36 - INFO - {'Loss': '0.01174', 'admm_loss': '0.74883', 'psnr': '32.55', 'point': 26076}
2025-04-03 19:22:37 - INFO - {'Loss': '0.01161', 'admm_loss': '0.74883', 'psnr': '33.37', 'point': 26076}
2025-04-03 19:22:38 - INFO - {'Loss': '0.30561', 'admm_loss': '0.74326', 'psnr': '32.59', 'point': 26076}
2025-04-03 19:22:39 - INFO - {'Loss': '0.01298', 'admm_loss': '0.73496', 'psnr': '34.48', 'point': 26076}
2025-04-03 19:22:40 - INFO - {'Loss': '0.01164', 'admm_loss': '0.73491', 'psnr': '34.00', 'point': 26076}
2025-04-03 19:22:41 - INFO - {'Loss': '0.01161', 'admm_loss': '0.73491', 'psnr': '33.54', 'point': 26076}
2025-04-03 19:22:42 - INFO - {'Loss': '0.01288', 'admm_loss': '0.73491', 'psnr': '31.55', 'point': 26076}
2025-04-03 19:22:42 - INFO - {'Loss': '0.30304', 'admm_loss': '0.73236', 'psnr': '32.61', 'point': 26076}
2025-04-03 19:22:45 - INFO - {'Loss': '0.01407', 'admm_loss': '0.72856', 'psnr': '32.28', 'point': 26076}
2025-04-03 19:22:47 - INFO - {'Loss': '0.01218', 'admm_loss': '0.72854', 'psnr': '31.92', 'point': 26076}
2025-04-03 19:22:49 - INFO - {'Loss': '0.01256', 'admm_loss': '0.72854', 'psnr': '33.33', 'point': 26076}
2025-04-03 19:22:49 - INFO - {'Loss': '0.01128', 'admm_loss': '0.72854', 'psnr': '34.30', 'point': 26076}
2025-04-03 19:22:50 - INFO - {'Loss': '0.30221', 'admm_loss': '0.72725', 'psnr': '32.72', 'point': 26076}
2025-04-03 19:22:51 - INFO - {'Loss': '0.01421', 'admm_loss': '0.72532', 'psnr': '32.76', 'point': 26076}
2025-04-03 19:22:52 - INFO - {'Loss': '0.01179', 'admm_loss': '0.72530', 'psnr': '33.43', 'point': 26076}
2025-04-03 19:22:53 - INFO - {'Loss': '0.01260', 'admm_loss': '0.72530', 'psnr': '33.57', 'point': 26076}
2025-04-03 19:22:54 - INFO - {'Loss': '0.01248', 'admm_loss': '0.72530', 'psnr': '32.80', 'point': 26076}
2025-04-03 19:22:55 - INFO - {'Loss': '0.29537', 'admm_loss': '0.71817', 'psnr': '32.10', 'point': 26076}
2025-04-03 19:22:56 - INFO - {'Loss': '0.01383', 'admm_loss': '0.70753', 'psnr': '33.85', 'point': 26076}
2025-04-03 19:22:57 - INFO - {'Loss': '0.01200', 'admm_loss': '0.70747', 'psnr': '33.98', 'point': 26076}
2025-04-03 19:22:57 - INFO - {'Loss': '0.01196', 'admm_loss': '0.70747', 'psnr': '33.48', 'point': 26076}
2025-04-03 19:22:58 - INFO - {'Loss': '0.01194', 'admm_loss': '0.70747', 'psnr': '33.06', 'point': 26076}
2025-04-03 19:22:59 - INFO - {'Loss': '0.29496', 'admm_loss': '0.70776', 'psnr': '32.52', 'point': 26076}
2025-04-03 19:23:00 - INFO - {'Loss': '0.01320', 'admm_loss': '0.70818', 'psnr': '33.11', 'point': 26076}
2025-04-03 19:23:02 - INFO - {'Loss': '0.01321', 'admm_loss': '0.70819', 'psnr': '31.13', 'point': 26076}
2025-04-03 19:23:04 - INFO - {'Loss': '0.01220', 'admm_loss': '0.70819', 'psnr': '33.94', 'point': 26076}
2025-04-03 19:23:06 - INFO - {'Loss': '0.01160', 'admm_loss': '0.70819', 'psnr': '33.81', 'point': 26076}
2025-04-03 19:23:08 - INFO - {'Loss': '0.29146', 'admm_loss': '0.70459', 'psnr': '34.65', 'point': 26076}
2025-04-03 19:23:10 - INFO - {'Loss': '0.01527', 'admm_loss': '0.69922', 'psnr': '31.15', 'point': 26076}
2025-04-03 19:23:11 - INFO - {'Loss': '0.01150', 'admm_loss': '0.69919', 'psnr': '34.29', 'point': 26076}
2025-04-03 19:23:13 - INFO - {'Loss': '0.01173', 'admm_loss': '0.69919', 'psnr': '33.63', 'point': 26076}
2025-04-03 19:23:15 - INFO - {'Loss': '0.01185', 'admm_loss': '0.69919', 'psnr': '34.17', 'point': 26076}
2025-04-03 19:23:17 - INFO - {'Loss': '0.28865', 'admm_loss': '0.69668', 'psnr': '33.79', 'point': 26076}
2025-04-03 19:23:18 - INFO - {'Loss': '0.01460', 'admm_loss': '0.69294', 'psnr': '31.99', 'point': 26076}
2025-04-03 19:23:20 - INFO - {'Loss': '0.01112', 'admm_loss': '0.69292', 'psnr': '33.64', 'point': 26076}
2025-04-03 19:23:22 - INFO - {'Loss': '0.01218', 'admm_loss': '0.69292', 'psnr': '32.27', 'point': 26076}
2025-04-03 19:23:24 - INFO - {'Loss': '0.01191', 'admm_loss': '0.69292', 'psnr': '32.76', 'point': 26076}
2025-04-03 19:23:26 - INFO - {'Loss': '0.28618', 'admm_loss': '0.69075', 'psnr': '33.94', 'point': 26076}
2025-04-03 19:23:27 - INFO - {'Loss': '0.01318', 'admm_loss': '0.68751', 'psnr': '33.88', 'point': 26076}
2025-04-03 19:23:29 - INFO - {'Loss': '0.01174', 'admm_loss': '0.68749', 'psnr': '32.74', 'point': 26076}
2025-04-03 19:23:31 - INFO - {'Loss': '0.01135', 'admm_loss': '0.68749', 'psnr': '34.93', 'point': 26076}
2025-04-03 19:23:33 - INFO - {'Loss': '0.01055', 'admm_loss': '0.68749', 'psnr': '34.60', 'point': 26076}
2025-04-03 19:23:35 - INFO - {'Loss': '0.28758', 'admm_loss': '0.68782', 'psnr': '32.98', 'point': 26076}
2025-04-03 19:23:36 - INFO - {'Loss': '0.01314', 'admm_loss': '0.68833', 'psnr': '33.67', 'point': 26076}
2025-04-03 19:23:38 - INFO - {'Loss': '0.01146', 'admm_loss': '0.68833', 'psnr': '33.26', 'point': 26076}
2025-04-03 19:23:40 - INFO - {'Loss': '0.01303', 'admm_loss': '0.68833', 'psnr': '32.42', 'point': 26076}
2025-04-03 19:23:41 - INFO - {'Loss': '0.01172', 'admm_loss': '0.68833', 'psnr': '33.93', 'point': 26076}
2025-04-03 19:23:43 - INFO - {'Loss': '0.28136', 'admm_loss': '0.68277', 'psnr': '32.45', 'point': 26076}
2025-04-03 19:23:45 - INFO - {'Loss': '0.01347', 'admm_loss': '0.67447', 'psnr': '33.19', 'point': 26076}
2025-04-03 19:23:47 - INFO - {'Loss': '0.01201', 'admm_loss': '0.67442', 'psnr': '31.57', 'point': 26076}
2025-04-03 19:23:48 - INFO - {'Loss': '0.01161', 'admm_loss': '0.67442', 'psnr': '33.92', 'point': 26076}
2025-04-03 19:23:50 - INFO - {'Loss': '0.01214', 'admm_loss': '0.67442', 'psnr': '34.47', 'point': 26076}
2025-04-03 19:23:52 - INFO - {'Loss': '0.28358', 'admm_loss': '0.67640', 'psnr': '33.97', 'point': 26076}
2025-04-03 19:23:54 - INFO - {'Loss': '0.01340', 'admm_loss': '0.67935', 'psnr': '34.51', 'point': 26076}
2025-04-03 19:23:55 - INFO - {'Loss': '0.01242', 'admm_loss': '0.67937', 'psnr': '32.14', 'point': 26076}
2025-04-03 19:23:57 - INFO - {'Loss': '0.01252', 'admm_loss': '0.67937', 'psnr': '33.76', 'point': 26076}
2025-04-03 19:23:59 - INFO - {'Loss': '0.01311', 'admm_loss': '0.67937', 'psnr': '31.47', 'point': 26076}
2025-04-03 19:24:00 - INFO - {'Loss': '0.28058', 'admm_loss': '0.67606', 'psnr': '33.59', 'point': 26076}
2025-04-03 19:24:01 - INFO - {'Loss': '0.01360', 'admm_loss': '0.67112', 'psnr': '32.82', 'point': 26076}
2025-04-03 19:24:04 - INFO - {'Loss': '0.01103', 'admm_loss': '0.67109', 'psnr': '34.02', 'point': 26076}
2025-04-03 19:24:06 - INFO - {'Loss': '0.01190', 'admm_loss': '0.67109', 'psnr': '32.34', 'point': 26076}
2025-04-03 19:24:07 - INFO - {'Loss': '0.01219', 'admm_loss': '0.67109', 'psnr': '32.79', 'point': 26076}
2025-04-03 19:24:08 - INFO - {'Loss': '0.27885', 'admm_loss': '0.67012', 'psnr': '34.09', 'point': 26076}
2025-04-03 19:24:09 - INFO - {'Loss': '0.01431', 'admm_loss': '0.66867', 'psnr': '33.00', 'point': 26076}
2025-04-03 19:24:10 - INFO - {'Loss': '0.01134', 'admm_loss': '0.66866', 'psnr': '33.90', 'point': 26076}
2025-04-03 19:24:10 - INFO - {'Loss': '0.01197', 'admm_loss': '0.66866', 'psnr': '33.37', 'point': 26076}
2025-04-03 19:24:11 - INFO - {'Loss': '0.01191', 'admm_loss': '0.66866', 'psnr': '32.97', 'point': 26076}
2025-04-03 19:24:12 - INFO - {'Loss': '0.27737', 'admm_loss': '0.66646', 'psnr': '32.62', 'point': 26076}
2025-04-03 19:24:13 - INFO - {'Loss': '0.01333', 'admm_loss': '0.66318', 'psnr': '34.54', 'point': 26076}
2025-04-03 19:24:14 - INFO - {'Loss': '0.01129', 'admm_loss': '0.66316', 'psnr': '33.33', 'point': 26076}
2025-04-03 19:24:14 - INFO - {'Loss': '0.01157', 'admm_loss': '0.66316', 'psnr': '33.47', 'point': 26076}
2025-04-03 19:24:15 - INFO - {'Loss': '0.01198', 'admm_loss': '0.66316', 'psnr': '33.10', 'point': 26076}
2025-04-03 19:24:16 - INFO - {'Loss': '0.27954', 'admm_loss': '0.66473', 'psnr': '32.73', 'point': 26076}
2025-04-03 19:24:17 - INFO - {'Loss': '0.01309', 'admm_loss': '0.66709', 'psnr': '34.13', 'point': 26076}
2025-04-03 19:24:19 - INFO - {'Loss': '0.01205', 'admm_loss': '0.66710', 'psnr': '33.40', 'point': 26076}
2025-04-03 19:24:21 - INFO - {'Loss': '0.01131', 'admm_loss': '0.66710', 'psnr': '33.84', 'point': 26076}
2025-04-03 19:24:23 - INFO - {'Loss': '0.01217', 'admm_loss': '0.66710', 'psnr': '32.16', 'point': 26076}
2025-04-03 19:24:24 - INFO - {'Loss': '0.27423', 'admm_loss': '0.66146', 'psnr': '32.37', 'point': 26076}
2025-04-03 19:24:25 - INFO - {'Loss': '0.01336', 'admm_loss': '0.65305', 'psnr': '32.61', 'point': 26076}
2025-04-03 19:24:26 - INFO - {'Loss': '0.01134', 'admm_loss': '0.65300', 'psnr': '34.18', 'point': 26076}
2025-04-03 19:24:27 - INFO - {'Loss': '0.01137', 'admm_loss': '0.65300', 'psnr': '34.37', 'point': 26076}
2025-04-03 19:24:27 - INFO - {'Loss': '0.01246', 'admm_loss': '0.65300', 'psnr': '31.99', 'point': 26076}
2025-04-03 19:24:28 - INFO - {'Loss': '0.27442', 'admm_loss': '0.65546', 'psnr': '33.82', 'point': 26076}
2025-04-03 19:24:29 - INFO - {'Loss': '0.01354', 'admm_loss': '0.65912', 'psnr': '32.17', 'point': 26076}
2025-04-03 19:24:30 - INFO - {'Loss': '0.01266', 'admm_loss': '0.65914', 'psnr': '32.09', 'point': 26076}
2025-04-03 19:24:31 - INFO - {'Loss': '0.01133', 'admm_loss': '0.65914', 'psnr': '34.36', 'point': 26076}
2025-04-03 19:24:32 - INFO - {'Loss': '0.01192', 'admm_loss': '0.65914', 'psnr': '33.78', 'point': 26076}
2025-04-03 19:24:33 - INFO - {'Loss': '0.27229', 'admm_loss': '0.65577', 'psnr': '33.33', 'point': 26076}
2025-04-03 19:24:33 - INFO - {'Loss': '0.01262', 'admm_loss': '0.65075', 'psnr': '34.05', 'point': 26076}
2025-04-03 19:24:35 - INFO - {'Loss': '0.01128', 'admm_loss': '0.65072', 'psnr': '34.22', 'point': 26076}
2025-04-03 19:24:37 - INFO - {'Loss': '0.01203', 'admm_loss': '0.65072', 'psnr': '33.38', 'point': 26076}
2025-04-03 19:24:39 - INFO - {'Loss': '0.01148', 'admm_loss': '0.65072', 'psnr': '33.03', 'point': 26076}
2025-04-03 19:24:40 - INFO - {'Loss': '0.27241', 'admm_loss': '0.65090', 'psnr': '33.67', 'point': 26076}
2025-04-03 19:24:42 - INFO - {'Loss': '0.01322', 'admm_loss': '0.65118', 'psnr': '32.94', 'point': 26076}
2025-04-03 19:24:44 - INFO - {'Loss': '0.01262', 'admm_loss': '0.65118', 'psnr': '32.50', 'point': 26076}
2025-04-03 19:24:45 - INFO - {'Loss': '0.01197', 'admm_loss': '0.65118', 'psnr': '32.76', 'point': 26076}
2025-04-03 19:24:47 - INFO - {'Loss': '0.01109', 'admm_loss': '0.65118', 'psnr': '34.51', 'point': 26076}
2025-04-03 19:24:49 - INFO - {'Loss': '0.26965', 'admm_loss': '0.64806', 'psnr': '32.83', 'point': 26076}
2025-04-03 19:24:51 - INFO - {'Loss': '0.01257', 'admm_loss': '0.64340', 'psnr': '33.96', 'point': 26076}
2025-04-03 19:24:52 - INFO - {'Loss': '0.01126', 'admm_loss': '0.64338', 'psnr': '33.31', 'point': 26076}
2025-04-03 19:24:54 - INFO - {'Loss': '0.01247', 'admm_loss': '0.64338', 'psnr': '31.40', 'point': 26076}
2025-04-03 19:24:56 - INFO - {'Loss': '0.01179', 'admm_loss': '0.64338', 'psnr': '34.13', 'point': 26076}
2025-04-03 19:24:57 - INFO - {'Loss': '0.27072', 'admm_loss': '0.64529', 'psnr': '33.72', 'point': 26076}
2025-04-03 19:24:59 - INFO - {'Loss': '0.01251', 'admm_loss': '0.64815', 'psnr': '34.06', 'point': 26076}
2025-04-03 19:25:01 - INFO - {'Loss': '0.01209', 'admm_loss': '0.64816', 'psnr': '33.34', 'point': 26076}
2025-04-03 19:25:03 - INFO - {'Loss': '0.01096', 'admm_loss': '0.64816', 'psnr': '34.36', 'point': 26076}
2025-04-03 19:25:04 - INFO - {'Loss': '0.01150', 'admm_loss': '0.64816', 'psnr': '33.27', 'point': 26076}
2025-04-03 19:25:06 - INFO - {'Loss': '0.26482', 'admm_loss': '0.64283', 'psnr': '34.64', 'point': 26076}
2025-04-03 19:25:07 - INFO - {'Loss': '0.01358', 'admm_loss': '0.63487', 'psnr': '34.19', 'point': 26076}
2025-04-03 19:25:09 - INFO - {'Loss': '0.01208', 'admm_loss': '0.63482', 'psnr': '33.51', 'point': 26076}
2025-04-03 19:25:11 - INFO - {'Loss': '0.01183', 'admm_loss': '0.63482', 'psnr': '32.55', 'point': 26076}
2025-04-03 19:25:12 - INFO - {'Loss': '0.01089', 'admm_loss': '0.63482', 'psnr': '34.37', 'point': 26076}
2025-04-03 19:25:14 - INFO - {'Loss': '0.26886', 'admm_loss': '0.63791', 'psnr': '33.38', 'point': 26076}
2025-04-03 19:25:16 - INFO - {'Loss': '0.01363', 'admm_loss': '0.64253', 'psnr': '33.80', 'point': 26076}
2025-04-03 19:25:18 - INFO - {'Loss': '0.01268', 'admm_loss': '0.64255', 'psnr': '32.87', 'point': 26076}
2025-04-03 19:25:20 - INFO - {'Loss': '0.01187', 'admm_loss': '0.64256', 'psnr': '33.66', 'point': 26076}
2025-04-03 19:25:21 - INFO - {'Loss': '0.01166', 'admm_loss': '0.64256', 'psnr': '33.08', 'point': 26076}
2025-04-03 19:25:23 - INFO - {'Loss': '0.26464', 'admm_loss': '0.63857', 'psnr': '32.64', 'point': 26076}
2025-04-03 19:25:25 - INFO - {'Loss': '0.01220', 'admm_loss': '0.63264', 'psnr': '34.44', 'point': 26076}
2025-04-03 19:25:27 - INFO - {'Loss': '0.01127', 'admm_loss': '0.63260', 'psnr': '33.70', 'point': 26076}
2025-04-03 19:25:28 - INFO - {'Loss': '0.01230', 'admm_loss': '0.63260', 'psnr': '32.68', 'point': 26076}
2025-04-03 19:25:30 - INFO - {'Loss': '0.01130', 'admm_loss': '0.63260', 'psnr': '34.18', 'point': 26076}
2025-04-03 19:25:32 - INFO - {'Loss': '0.26518', 'admm_loss': '0.63346', 'psnr': '34.18', 'point': 26076}
2025-04-03 19:25:33 - INFO - {'Loss': '0.01346', 'admm_loss': '0.63474', 'psnr': '33.08', 'point': 26076}
2025-04-03 19:25:35 - INFO - {'Loss': '0.01200', 'admm_loss': '0.63475', 'psnr': '33.67', 'point': 26076}
2025-04-03 19:25:37 - INFO - {'Loss': '0.01135', 'admm_loss': '0.63475', 'psnr': '33.11', 'point': 26076}
2025-04-03 19:25:39 - INFO - {'Loss': '0.01188', 'admm_loss': '0.63475', 'psnr': '32.95', 'point': 26076}
2025-04-03 19:25:40 - INFO - {'Loss': '0.25986', 'admm_loss': '0.62889', 'psnr': '32.98', 'point': 26076}
2025-04-03 19:25:41 - INFO - {'Loss': '0.01269', 'admm_loss': '0.62016', 'psnr': '33.37', 'point': 26076}
2025-04-03 19:25:42 - INFO - {'Loss': '0.01314', 'admm_loss': '0.62011', 'psnr': '31.93', 'point': 26076}
2025-04-03 19:25:42 - INFO - {'Loss': '0.01186', 'admm_loss': '0.62011', 'psnr': '33.78', 'point': 26076}
2025-04-03 19:25:43 - INFO - {'Loss': '0.01131', 'admm_loss': '0.62011', 'psnr': '34.17', 'point': 26076}
2025-04-03 19:25:44 - INFO - {'Loss': '0.26802', 'admm_loss': '0.62783', 'psnr': '32.98', 'point': 26076}
2025-04-03 19:25:46 - INFO - {'Loss': '0.01289', 'admm_loss': '0.63934', 'psnr': '33.19', 'point': 26076}
2025-04-03 19:25:47 - INFO - {'Loss': '0.01088', 'admm_loss': '0.63941', 'psnr': '34.07', 'point': 26076}
2025-04-03 19:25:48 - INFO - {'Loss': '0.01083', 'admm_loss': '0.63941', 'psnr': '34.12', 'point': 26076}
2025-04-03 19:25:50 - INFO - {'Loss': '0.01110', 'admm_loss': '0.63941', 'psnr': '34.18', 'point': 26076}
2025-04-03 19:25:52 - INFO - {'Loss': '0.25972', 'admm_loss': '0.63159', 'psnr': '34.15', 'point': 26076}
2025-04-03 19:25:54 - INFO - {'Loss': '0.01341', 'admm_loss': '0.61993', 'psnr': '33.71', 'point': 26076}
2025-04-03 19:25:55 - INFO - {'Loss': '0.01155', 'admm_loss': '0.61986', 'psnr': '33.55', 'point': 26076}
2025-04-03 19:25:56 - INFO - {'Loss': '0.01159', 'admm_loss': '0.61986', 'psnr': '32.78', 'point': 26076}
2025-04-03 19:25:57 - INFO - {'Loss': '0.01209', 'admm_loss': '0.61986', 'psnr': '34.20', 'point': 26076}
2025-04-03 19:25:58 - INFO - {'Loss': '0.26699', 'admm_loss': '0.62745', 'psnr': '33.07', 'point': 26076}
2025-04-03 19:25:59 - INFO - {'Loss': '0.01473', 'admm_loss': '0.63877', 'psnr': '32.69', 'point': 26076}
2025-04-03 19:26:00 - INFO - {'Loss': '0.01091', 'admm_loss': '0.63884', 'psnr': '35.01', 'point': 26076}
2025-04-03 19:26:01 - INFO - {'Loss': '0.01133', 'admm_loss': '0.63884', 'psnr': '34.05', 'point': 26076}
2025-04-03 19:26:02 - INFO - {'Loss': '0.01160', 'admm_loss': '0.63884', 'psnr': '32.93', 'point': 26076}
2025-04-03 19:26:03 - INFO - {'Loss': '0.25973', 'admm_loss': '0.63162', 'psnr': '33.30', 'point': 26076}
2025-04-03 19:26:03 - INFO - {'Loss': '0.01199', 'admm_loss': '0.62085', 'psnr': '35.06', 'point': 26076}
2025-04-03 19:26:04 - INFO - {'Loss': '0.01297', 'admm_loss': '0.62079', 'psnr': '32.58', 'point': 26076}
2025-04-03 19:26:05 - INFO - {'Loss': '0.01184', 'admm_loss': '0.62079', 'psnr': '33.59', 'point': 26076}
2025-04-03 19:26:07 - INFO - {'Loss': '0.01155', 'admm_loss': '0.62079', 'psnr': '33.81', 'point': 26076}
2025-04-03 19:26:09 - INFO - {'Loss': '0.26679', 'admm_loss': '0.62771', 'psnr': '33.74', 'point': 26076}
2025-04-03 19:26:10 - INFO - {'Loss': '0.01717', 'admm_loss': '0.63802', 'psnr': '31.57', 'point': 13038}
2025-04-03 19:26:12 - INFO - {'Loss': '0.01460', 'admm_loss': '0.63809', 'psnr': '32.62', 'point': 13038}
2025-04-03 19:26:13 - INFO - {'Loss': '0.01517', 'admm_loss': '0.63809', 'psnr': '32.10', 'point': 13038}
2025-04-03 19:26:15 - INFO - {'Loss': '0.01518', 'admm_loss': '0.63809', 'psnr': '32.00', 'point': 13038}
2025-04-03 19:26:16 - INFO - {'Loss': '0.01423', 'admm_loss': '0.63809', 'psnr': '32.81', 'point': 13038}
2025-04-03 19:26:18 - INFO - {'Loss': '0.01519', 'admm_loss': '0.63809', 'psnr': '31.70', 'point': 13038}
2025-04-03 19:26:19 - INFO - {'Loss': '0.01312', 'admm_loss': '0.63809', 'psnr': '33.52', 'point': 13038}
2025-04-03 19:26:21 - INFO - {'Loss': '0.01560', 'admm_loss': '0.63809', 'psnr': '31.22', 'point': 13038}
2025-04-03 19:26:22 - INFO - {'Loss': '0.01405', 'admm_loss': '0.63809', 'psnr': '32.23', 'point': 13038}
2025-04-03 19:26:24 - INFO - {'Loss': '0.01511', 'admm_loss': '0.63809', 'psnr': '32.23', 'point': 13038}
2025-04-03 19:26:26 - INFO - {'Loss': '0.01302', 'admm_loss': '0.63809', 'psnr': '32.60', 'point': 13038}
2025-04-03 19:26:27 - INFO - {'Loss': '0.01298', 'admm_loss': '0.63809', 'psnr': '32.73', 'point': 13038}
2025-04-03 19:26:28 - INFO - {'Loss': '0.01266', 'admm_loss': '0.63809', 'psnr': '32.73', 'point': 13038}
2025-04-03 19:26:30 - INFO - {'Loss': '0.01457', 'admm_loss': '0.63809', 'psnr': '31.83', 'point': 13038}
2025-04-03 19:26:32 - INFO - {'Loss': '0.01237', 'admm_loss': '0.63809', 'psnr': '33.01', 'point': 13038}
2025-04-03 19:26:33 - INFO - {'Loss': '0.01370', 'admm_loss': '0.63809', 'psnr': '32.26', 'point': 13038}
2025-04-03 19:26:34 - INFO - {'Loss': '0.01315', 'admm_loss': '0.63809', 'psnr': '33.27', 'point': 13038}
2025-04-03 19:26:36 - INFO - {'Loss': '0.01403', 'admm_loss': '0.63809', 'psnr': '33.65', 'point': 13038}
2025-04-03 19:26:38 - INFO - {'Loss': '0.01436', 'admm_loss': '0.63809', 'psnr': '32.83', 'point': 13038}
2025-04-03 19:26:39 - INFO - {'Loss': '0.01413', 'admm_loss': '0.63809', 'psnr': '31.52', 'point': 13038}
2025-04-03 19:26:40 - INFO - {'Loss': '0.01529', 'admm_loss': '0.63809', 'psnr': '31.13', 'point': 13038}
2025-04-03 19:26:42 - INFO - {'Loss': '0.01436', 'admm_loss': '0.63809', 'psnr': '32.27', 'point': 13038}
2025-04-03 19:26:43 - INFO - {'Loss': '0.01407', 'admm_loss': '0.63809', 'psnr': '32.72', 'point': 13038}
2025-04-03 19:26:45 - INFO - {'Loss': '0.01422', 'admm_loss': '0.63809', 'psnr': '31.45', 'point': 13038}
2025-04-03 19:26:47 - INFO - {'Loss': '0.01216', 'admm_loss': '0.63809', 'psnr': '33.39', 'point': 13038}
2025-04-03 19:26:48 - INFO - {'Loss': '0.01504', 'admm_loss': '0.63809', 'psnr': '32.26', 'point': 13038}
2025-04-03 19:26:49 - INFO - {'Loss': '0.01261', 'admm_loss': '0.63809', 'psnr': '32.86', 'point': 13038}
2025-04-03 19:26:51 - INFO - {'Loss': '0.01438', 'admm_loss': '0.63809', 'psnr': '33.62', 'point': 13038}
2025-04-03 19:26:53 - INFO - {'Loss': '0.01435', 'admm_loss': '0.63809', 'psnr': '32.18', 'point': 13038}
2025-04-03 19:26:54 - INFO - {'Loss': '0.01247', 'admm_loss': '0.63809', 'psnr': '34.59', 'point': 13038}
2025-04-03 19:26:56 - INFO - {'Loss': '0.01300', 'admm_loss': '0.63809', 'psnr': '32.57', 'point': 13038}
2025-04-03 19:26:57 - INFO - {'Loss': '0.01313', 'admm_loss': '0.63809', 'psnr': '33.05', 'point': 13038}
2025-04-03 19:26:59 - INFO - {'Loss': '0.01433', 'admm_loss': '0.63809', 'psnr': '32.28', 'point': 13038}
2025-04-03 19:27:00 - INFO - {'Loss': '0.01281', 'admm_loss': '0.63809', 'psnr': '32.38', 'point': 13038}
2025-04-03 19:27:01 - INFO - {'Loss': '0.01451', 'admm_loss': '0.63809', 'psnr': '33.34', 'point': 13038}
2025-04-03 19:27:03 - INFO - {'Loss': '0.01252', 'admm_loss': '0.63809', 'psnr': '33.67', 'point': 13038}
2025-04-03 19:27:05 - INFO - {'Loss': '0.01264', 'admm_loss': '0.63809', 'psnr': '33.83', 'point': 13038}
2025-04-03 19:27:06 - INFO - {'Loss': '0.01281', 'admm_loss': '0.63809', 'psnr': '32.63', 'point': 13038}
2025-04-03 19:27:07 - INFO - {'Loss': '0.01380', 'admm_loss': '0.63809', 'psnr': '31.83', 'point': 13038}
2025-04-03 19:27:08 - INFO - {'Loss': '0.01234', 'admm_loss': '0.63809', 'psnr': '32.61', 'point': 13038}
2025-04-03 19:27:08 - INFO - {'Loss': '0.01286', 'admm_loss': '0.63809', 'psnr': '33.61', 'point': 13038}
2025-04-03 19:27:09 - INFO - {'Loss': '0.01339', 'admm_loss': '0.63809', 'psnr': '31.75', 'point': 13038}
2025-04-03 19:27:10 - INFO - {'Loss': '0.01239', 'admm_loss': '0.63809', 'psnr': '33.65', 'point': 13038}
2025-04-03 19:27:10 - INFO - {'Loss': '0.01461', 'admm_loss': '0.63809', 'psnr': '32.38', 'point': 13038}
2025-04-03 19:27:11 - INFO - {'Loss': '0.01442', 'admm_loss': '0.63809', 'psnr': '32.02', 'point': 13038}
2025-04-03 19:27:12 - INFO - {'Loss': '0.01397', 'admm_loss': '0.63809', 'psnr': '32.09', 'point': 13038}
2025-04-03 19:27:13 - INFO - {'Loss': '0.01379', 'admm_loss': '0.63809', 'psnr': '32.63', 'point': 13038}
2025-04-03 19:27:13 - INFO - {'Loss': '0.01183', 'admm_loss': '0.63809', 'psnr': '33.82', 'point': 13038}
2025-04-03 19:27:14 - INFO - {'Loss': '0.01343', 'admm_loss': '0.63809', 'psnr': '32.70', 'point': 13038}
2025-04-03 19:27:14 - INFO - {'Loss': '0.01345', 'admm_loss': '0.63809', 'psnr': '32.52', 'point': 13038}
2025-04-03 19:27:15 - INFO - {'Loss': '0.01273', 'admm_loss': '0.63809', 'psnr': '32.72', 'point': 13038}
2025-04-03 19:27:16 - INFO - {'Loss': '0.01204', 'admm_loss': '0.63809', 'psnr': '34.61', 'point': 13038}
2025-04-03 19:27:18 - INFO - {'Loss': '0.01229', 'admm_loss': '0.63809', 'psnr': '34.07', 'point': 13038}
2025-04-03 19:27:20 - INFO - {'Loss': '0.01183', 'admm_loss': '0.63809', 'psnr': '34.00', 'point': 13038}
2025-04-03 19:27:22 - INFO - {'Loss': '0.01249', 'admm_loss': '0.63809', 'psnr': '34.43', 'point': 13038}
2025-04-03 19:27:22 - INFO - {'Loss': '0.01210', 'admm_loss': '0.63809', 'psnr': '33.18', 'point': 13038}
2025-04-03 19:27:23 - INFO - {'Loss': '0.01307', 'admm_loss': '0.63809', 'psnr': '32.64', 'point': 13038}
2025-04-03 19:27:24 - INFO - {'Loss': '0.01240', 'admm_loss': '0.63809', 'psnr': '31.78', 'point': 13038}
2025-04-03 19:27:24 - INFO - {'Loss': '0.01293', 'admm_loss': '0.63809', 'psnr': '32.70', 'point': 13038}
2025-04-03 19:27:25 - INFO - {'Loss': '0.01404', 'admm_loss': '0.63809', 'psnr': '32.88', 'point': 13038}
2025-04-03 19:27:26 - INFO - {'Loss': '0.01398', 'admm_loss': '0.63809', 'psnr': '32.65', 'point': 13038}
2025-04-03 19:27:26 - INFO - {'Loss': '0.01260', 'admm_loss': '0.63809', 'psnr': '33.30', 'point': 13038}
2025-04-03 19:27:27 - INFO - {'Loss': '0.01263', 'admm_loss': '0.63809', 'psnr': '32.82', 'point': 13038}
2025-04-03 19:27:28 - INFO - {'Loss': '0.01249', 'admm_loss': '0.63809', 'psnr': '33.18', 'point': 13038}
2025-04-03 19:27:28 - INFO - {'Loss': '0.01213', 'admm_loss': '0.63809', 'psnr': '33.31', 'point': 13038}
2025-04-03 19:27:29 - INFO - {'Loss': '0.01281', 'admm_loss': '0.63809', 'psnr': '32.46', 'point': 13038}
2025-04-03 19:27:30 - INFO - {'Loss': '0.01394', 'admm_loss': '0.63809', 'psnr': '32.08', 'point': 13038}
2025-04-03 19:27:30 - INFO - {'Loss': '0.01324', 'admm_loss': '0.63809', 'psnr': '32.63', 'point': 13038}
2025-04-03 19:27:31 - INFO - {'Loss': '0.01292', 'admm_loss': '0.63809', 'psnr': '33.72', 'point': 13038}
2025-04-03 19:27:32 - INFO - {'Loss': '0.01385', 'admm_loss': '0.63809', 'psnr': '32.72', 'point': 13038}
2025-04-03 19:27:33 - INFO - {'Loss': '0.01279', 'admm_loss': '0.63809', 'psnr': '32.43', 'point': 13038}
2025-04-03 19:27:34 - INFO - {'Loss': '0.01423', 'admm_loss': '0.63809', 'psnr': '31.07', 'point': 13038}
2025-04-03 19:27:36 - INFO - {'Loss': '0.01281', 'admm_loss': '0.63809', 'psnr': '33.36', 'point': 13038}
2025-04-03 19:27:37 - INFO - {'Loss': '0.01211', 'admm_loss': '0.63809', 'psnr': '32.72', 'point': 13038}
2025-04-03 19:27:39 - INFO - {'Loss': '0.01264', 'admm_loss': '0.63809', 'psnr': '32.85', 'point': 13038}
2025-04-03 19:27:40 - INFO - {'Loss': '0.01171', 'admm_loss': '0.63809', 'psnr': '32.87', 'point': 13038}
2025-04-03 19:27:42 - INFO - {'Loss': '0.01288', 'admm_loss': '0.63809', 'psnr': '32.92', 'point': 13038}
2025-04-03 19:27:43 - INFO - {'Loss': '0.01254', 'admm_loss': '0.63809', 'psnr': '33.90', 'point': 13038}
2025-04-03 19:27:44 - INFO - {'Loss': '0.01286', 'admm_loss': '0.63809', 'psnr': '33.36', 'point': 13038}
2025-04-03 19:27:46 - INFO - {'Loss': '0.01238', 'admm_loss': '0.63809', 'psnr': '33.88', 'point': 13038}
2025-04-03 19:27:47 - INFO - {'Loss': '0.01451', 'admm_loss': '0.63809', 'psnr': '30.21', 'point': 13038}
2025-04-03 19:27:49 - INFO - {'Loss': '0.01238', 'admm_loss': '0.63809', 'psnr': '34.00', 'point': 13038}
2025-04-03 19:27:50 - INFO - {'Loss': '0.01244', 'admm_loss': '0.63809', 'psnr': '33.73', 'point': 13038}
2025-04-03 19:27:52 - INFO - {'Loss': '0.01289', 'admm_loss': '0.63809', 'psnr': '33.82', 'point': 13038}
2025-04-03 19:27:53 - INFO - {'Loss': '0.01221', 'admm_loss': '0.63809', 'psnr': '33.51', 'point': 13038}
2025-04-03 19:27:55 - INFO - {'Loss': '0.01288', 'admm_loss': '0.63809', 'psnr': '33.18', 'point': 13038}
2025-04-03 19:27:56 - INFO - {'Loss': '0.01181', 'admm_loss': '0.63809', 'psnr': '34.26', 'point': 13038}
2025-04-03 19:27:58 - INFO - {'Loss': '0.01104', 'admm_loss': '0.63809', 'psnr': '34.51', 'point': 13038}
2025-04-03 19:27:59 - INFO - {'Loss': '0.01271', 'admm_loss': '0.63809', 'psnr': '32.81', 'point': 13038}
2025-04-03 19:28:00 - INFO - {'Loss': '0.01287', 'admm_loss': '0.63809', 'psnr': '33.23', 'point': 13038}
2025-04-03 19:28:02 - INFO - {'Loss': '0.01400', 'admm_loss': '0.63809', 'psnr': '32.83', 'point': 13038}
2025-04-03 19:28:03 - INFO - {'Loss': '0.01316', 'admm_loss': '0.63809', 'psnr': '33.09', 'point': 13038}
2025-04-03 19:28:05 - INFO - {'Loss': '0.01347', 'admm_loss': '0.63809', 'psnr': '31.40', 'point': 13038}
2025-04-03 19:28:06 - INFO - {'Loss': '0.01364', 'admm_loss': '0.63809', 'psnr': '32.19', 'point': 13038}
2025-04-03 19:28:08 - INFO - {'Loss': '0.01206', 'admm_loss': '0.63809', 'psnr': '34.49', 'point': 13038}
2025-04-03 19:28:09 - INFO - {'Loss': '0.01223', 'admm_loss': '0.63809', 'psnr': '33.63', 'point': 13038}
2025-04-03 19:28:11 - INFO - {'Loss': '0.01273', 'admm_loss': '0.63809', 'psnr': '33.31', 'point': 13038}
2025-04-03 19:28:12 - INFO - {'Loss': '0.01353', 'admm_loss': '0.63809', 'psnr': '32.47', 'point': 13038}
2025-04-03 19:28:14 - INFO - {'Loss': '0.01296', 'admm_loss': '0.63809', 'psnr': '33.15', 'point': 13038}
2025-04-03 19:28:15 - INFO - {'Loss': '0.01368', 'admm_loss': '0.63809', 'psnr': '31.27', 'point': 13038}
2025-04-03 19:28:16 - INFO - {'Loss': '0.01250', 'admm_loss': '0.63809', 'psnr': '33.28', 'point': 13038}
2025-04-03 19:28:18 - INFO - {'Loss': '0.01379', 'admm_loss': '0.63809', 'psnr': '31.84', 'point': 13038}
2025-04-03 19:28:19 - INFO - {'Loss': '0.01307', 'admm_loss': '0.63809', 'psnr': '32.30', 'point': 13038}
2025-04-03 19:28:20 - INFO - {'Loss': '0.01244', 'admm_loss': '0.63809', 'psnr': '33.14', 'point': 13038}
2025-04-03 19:28:22 - INFO - {'Loss': '0.01290', 'admm_loss': '0.63809', 'psnr': '33.12', 'point': 13038}
2025-04-03 19:28:23 - INFO - {'Loss': '0.01279', 'admm_loss': '0.63809', 'psnr': '32.64', 'point': 13038}
2025-04-03 19:28:25 - INFO - {'Loss': '0.01338', 'admm_loss': '0.63809', 'psnr': '32.36', 'point': 13038}
2025-04-03 19:28:26 - INFO - {'Loss': '0.01268', 'admm_loss': '0.63809', 'psnr': '33.70', 'point': 13038}
2025-04-03 19:28:28 - INFO - {'Loss': '0.01359', 'admm_loss': '0.63809', 'psnr': '32.46', 'point': 13038}
2025-04-03 19:28:30 - INFO - {'Loss': '0.01251', 'admm_loss': '0.63809', 'psnr': '33.40', 'point': 13038}
2025-04-03 19:28:31 - INFO - {'Loss': '0.01217', 'admm_loss': '0.63809', 'psnr': '32.62', 'point': 13038}
2025-04-03 19:28:32 - INFO - {'Loss': '0.01186', 'admm_loss': '0.63809', 'psnr': '32.76', 'point': 13038}
2025-04-03 19:28:33 - INFO - {'Loss': '0.01139', 'admm_loss': '0.63809', 'psnr': '33.87', 'point': 13038}
2025-04-03 19:28:33 - INFO - {'Loss': '0.01242', 'admm_loss': '0.63809', 'psnr': '32.65', 'point': 13038}
2025-04-03 19:28:34 - INFO - {'Loss': '0.01282', 'admm_loss': '0.63809', 'psnr': '33.20', 'point': 13038}
2025-04-03 19:28:35 - INFO - {'Loss': '0.01269', 'admm_loss': '0.63809', 'psnr': '32.96', 'point': 13038}
2025-04-03 19:28:35 - INFO - {'Loss': '0.01232', 'admm_loss': '0.63809', 'psnr': '33.22', 'point': 13038}
2025-04-03 19:28:36 - INFO - {'Loss': '0.01302', 'admm_loss': '0.63809', 'psnr': '33.04', 'point': 13038}
2025-04-03 19:28:37 - INFO - {'Loss': '0.01226', 'admm_loss': '0.63809', 'psnr': '33.76', 'point': 13038}
2025-04-03 19:28:38 - INFO - {'Loss': '0.01219', 'admm_loss': '0.63809', 'psnr': '34.26', 'point': 13038}
2025-04-03 19:28:38 - INFO - {'Loss': '0.01176', 'admm_loss': '0.63809', 'psnr': '33.54', 'point': 13038}
2025-04-03 19:28:39 - INFO - {'Loss': '0.01248', 'admm_loss': '0.63809', 'psnr': '33.26', 'point': 13038}
2025-04-03 19:28:40 - INFO - {'Loss': '0.01244', 'admm_loss': '0.63809', 'psnr': '34.16', 'point': 13038}
2025-04-03 19:28:40 - INFO - {'Loss': '0.01202', 'admm_loss': '0.63809', 'psnr': '33.28', 'point': 13038}
2025-04-03 19:28:41 - INFO - {'Loss': '0.01231', 'admm_loss': '0.63809', 'psnr': '33.68', 'point': 13038}
2025-04-03 19:28:42 - INFO - {'Loss': '0.01222', 'admm_loss': '0.63809', 'psnr': '34.30', 'point': 13038}
2025-04-03 19:28:43 - INFO - {'Loss': '0.01276', 'admm_loss': '0.63809', 'psnr': '34.00', 'point': 13038}
2025-04-03 19:28:45 - INFO - {'Loss': '0.01283', 'admm_loss': '0.63809', 'psnr': '32.99', 'point': 13038}
2025-04-03 19:28:47 - INFO - {'Loss': '0.01296', 'admm_loss': '0.63809', 'psnr': '33.56', 'point': 13038}
2025-04-03 19:28:48 - INFO - {'Loss': '0.01232', 'admm_loss': '0.63809', 'psnr': '34.25', 'point': 13038}
2025-04-03 19:28:49 - INFO - {'Loss': '0.01157', 'admm_loss': '0.63809', 'psnr': '34.82', 'point': 13038}
2025-04-03 19:28:49 - INFO - {'Loss': '0.01316', 'admm_loss': '0.63809', 'psnr': '32.69', 'point': 13038}
2025-04-03 19:28:50 - INFO - {'Loss': '0.01322', 'admm_loss': '0.63809', 'psnr': '32.35', 'point': 13038}
2025-04-03 19:28:51 - INFO - {'Loss': '0.01342', 'admm_loss': '0.63809', 'psnr': '32.22', 'point': 13038}
2025-04-03 19:28:51 - INFO - {'Loss': '0.01211', 'admm_loss': '0.63809', 'psnr': '33.08', 'point': 13038}
2025-04-03 19:28:52 - INFO - {'Loss': '0.01272', 'admm_loss': '0.63809', 'psnr': '31.55', 'point': 13038}
2025-04-03 19:28:53 - INFO - {'Loss': '0.01269', 'admm_loss': '0.63809', 'psnr': '32.64', 'point': 13038}
2025-04-03 19:28:53 - INFO - {'Loss': '0.01316', 'admm_loss': '0.63809', 'psnr': '32.05', 'point': 13038}
2025-04-03 19:28:54 - INFO - {'Loss': '0.01356', 'admm_loss': '0.63809', 'psnr': '32.35', 'point': 13038}
2025-04-03 19:28:55 - INFO - {'Loss': '0.01301', 'admm_loss': '0.63809', 'psnr': '32.71', 'point': 13038}
2025-04-03 19:28:55 - INFO - {'Loss': '0.01203', 'admm_loss': '0.63809', 'psnr': '33.79', 'point': 13038}
2025-04-03 19:28:56 - INFO - {'Loss': '0.01265', 'admm_loss': '0.63809', 'psnr': '32.83', 'point': 13038}
2025-04-03 19:28:57 - INFO - {'Loss': '0.01264', 'admm_loss': '0.63809', 'psnr': '33.37', 'point': 13038}
2025-04-03 19:28:57 - INFO - {'Loss': '0.01248', 'admm_loss': '0.63809', 'psnr': '32.55', 'point': 13038}
2025-04-03 19:28:58 - INFO - {'Loss': '0.01097', 'admm_loss': '0.63809', 'psnr': '34.64', 'point': 13038}
2025-04-03 19:29:00 - INFO - {'Loss': '0.01224', 'admm_loss': '0.63809', 'psnr': '34.19', 'point': 13038}
2025-04-03 19:29:01 - INFO - {'Loss': '0.01256', 'admm_loss': '0.63809', 'psnr': '33.27', 'point': 13038}
2025-04-03 19:29:03 - INFO - {'Loss': '0.01338', 'admm_loss': '0.63809', 'psnr': '31.81', 'point': 13038}
2025-04-03 19:29:04 - INFO - {'Loss': '0.01178', 'admm_loss': '0.63809', 'psnr': '34.31', 'point': 13038}
2025-04-03 19:29:05 - INFO - {'Loss': '0.01325', 'admm_loss': '0.63809', 'psnr': '31.66', 'point': 13038}
2025-04-03 19:29:07 - INFO - {'Loss': '0.01210', 'admm_loss': '0.63809', 'psnr': '33.75', 'point': 13038}
2025-04-03 19:29:08 - INFO - {'Loss': '0.01318', 'admm_loss': '0.63809', 'psnr': '32.49', 'point': 13038}
2025-04-03 19:29:09 - INFO - {'Loss': '0.01211', 'admm_loss': '0.63809', 'psnr': '33.50', 'point': 13038}
2025-04-03 19:29:11 - INFO - {'Loss': '0.01359', 'admm_loss': '0.63809', 'psnr': '31.31', 'point': 13038}
2025-04-03 19:29:12 - INFO - {'Loss': '0.01303', 'admm_loss': '0.63809', 'psnr': '33.03', 'point': 13038}
2025-04-03 19:29:14 - INFO - {'Loss': '0.01248', 'admm_loss': '0.63809', 'psnr': '33.33', 'point': 13038}
2025-04-03 19:29:15 - INFO - {'Loss': '0.01288', 'admm_loss': '0.63809', 'psnr': '33.23', 'point': 13038}
2025-04-03 19:29:17 - INFO - {'Loss': '0.01276', 'admm_loss': '0.63809', 'psnr': '32.95', 'point': 13038}
2025-04-03 19:29:18 - INFO - {'Loss': '0.01184', 'admm_loss': '0.63809', 'psnr': '34.45', 'point': 13038}
2025-04-03 19:29:19 - INFO - {'Loss': '0.01277', 'admm_loss': '0.63809', 'psnr': '32.87', 'point': 13038}
2025-04-03 19:29:21 - INFO - {'Loss': '0.01179', 'admm_loss': '0.63809', 'psnr': '33.53', 'point': 13038}
2025-04-03 19:29:22 - INFO - {'Loss': '0.01128', 'admm_loss': '0.63809', 'psnr': '34.27', 'point': 13038}
2025-04-03 19:29:23 - INFO - {'Loss': '0.01312', 'admm_loss': '0.63809', 'psnr': '32.78', 'point': 13038}
2025-04-03 19:29:25 - INFO - {'Loss': '0.01252', 'admm_loss': '0.63809', 'psnr': '32.69', 'point': 13038}
2025-04-03 19:29:26 - INFO - {'Loss': '0.01249', 'admm_loss': '0.63809', 'psnr': '33.78', 'point': 13038}
2025-04-03 19:29:28 - INFO - {'Loss': '0.01248', 'admm_loss': '0.63809', 'psnr': '33.50', 'point': 13038}
2025-04-03 19:29:29 - INFO - {'Loss': '0.01206', 'admm_loss': '0.63809', 'psnr': '33.59', 'point': 13038}
2025-04-03 19:29:30 - INFO - {'Loss': '0.01189', 'admm_loss': '0.63809', 'psnr': '33.61', 'point': 13038}
2025-04-03 19:29:32 - INFO - {'Loss': '0.01185', 'admm_loss': '0.63809', 'psnr': '34.24', 'point': 13038}
2025-04-03 19:29:33 - INFO - {'Loss': '0.01209', 'admm_loss': '0.63809', 'psnr': '32.50', 'point': 13038}
2025-04-03 19:29:34 - INFO - {'Loss': '0.01276', 'admm_loss': '0.63809', 'psnr': '32.91', 'point': 13038}
2025-04-03 19:29:36 - INFO - {'Loss': '0.01312', 'admm_loss': '0.63809', 'psnr': '33.18', 'point': 13038}
2025-04-03 19:29:37 - INFO - {'Loss': '0.01318', 'admm_loss': '0.63809', 'psnr': '31.54', 'point': 13038}
2025-04-03 19:29:39 - INFO - {'Loss': '0.01355', 'admm_loss': '0.63809', 'psnr': '31.59', 'point': 13038}
2025-04-03 19:29:40 - INFO - {'Loss': '0.01289', 'admm_loss': '0.63809', 'psnr': '32.24', 'point': 13038}
2025-04-03 19:29:41 - INFO - {'Loss': '0.01250', 'admm_loss': '0.63809', 'psnr': '33.22', 'point': 13038}
2025-04-03 19:29:43 - INFO - {'Loss': '0.01271', 'admm_loss': '0.63809', 'psnr': '32.99', 'point': 13038}
2025-04-03 19:29:44 - INFO - {'Loss': '0.01223', 'admm_loss': '0.63809', 'psnr': '33.64', 'point': 13038}
2025-04-03 19:29:46 - INFO - {'Loss': '0.01330', 'admm_loss': '0.63809', 'psnr': '32.01', 'point': 13038}
2025-04-03 19:29:47 - INFO - {'Loss': '0.01188', 'admm_loss': '0.63809', 'psnr': '33.55', 'point': 13038}
2025-04-03 19:29:49 - INFO - {'Loss': '0.01216', 'admm_loss': '0.63809', 'psnr': '34.03', 'point': 13038}
2025-04-03 19:29:49 - INFO - {'Loss': '0.01308', 'admm_loss': '0.63809', 'psnr': '33.22', 'point': 13038}
2025-04-03 19:29:51 - INFO - {'Loss': '0.01367', 'admm_loss': '0.63809', 'psnr': '32.92', 'point': 13038}
2025-04-03 19:29:53 - INFO - {'Loss': '0.01301', 'admm_loss': '0.63809', 'psnr': '32.84', 'point': 13038}
2025-04-03 19:29:55 - INFO - {'Loss': '0.01268', 'admm_loss': '0.63809', 'psnr': '33.46', 'point': 13038}
2025-04-03 19:29:56 - INFO - {'Loss': '0.01214', 'admm_loss': '0.63809', 'psnr': '33.07', 'point': 13038}
2025-04-03 19:29:57 - INFO - {'Loss': '0.01150', 'admm_loss': '0.63809', 'psnr': '34.39', 'point': 13038}
2025-04-03 19:29:57 - INFO - {'Loss': '0.01296', 'admm_loss': '0.63809', 'psnr': '32.24', 'point': 13038}
2025-04-03 19:29:58 - INFO - {'Loss': '0.01217', 'admm_loss': '0.63809', 'psnr': '33.42', 'point': 13038}
2025-04-03 19:29:59 - INFO - {'Loss': '0.01317', 'admm_loss': '0.63809', 'psnr': '32.40', 'point': 13038}
2025-04-03 19:29:59 - INFO - {'Loss': '0.01191', 'admm_loss': '0.63809', 'psnr': '33.77', 'point': 13038}
2025-04-03 19:30:00 - INFO - {'Loss': '0.01241', 'admm_loss': '0.63809', 'psnr': '32.85', 'point': 13038}
2025-04-03 19:30:01 - INFO - {'Loss': '0.01384', 'admm_loss': '0.63809', 'psnr': '32.21', 'point': 13038}
2025-04-03 19:30:02 - INFO - {'Loss': '0.01190', 'admm_loss': '0.63809', 'psnr': '34.66', 'point': 13038}
2025-04-03 19:30:02 - INFO - {'Loss': '0.01188', 'admm_loss': '0.63809', 'psnr': '33.50', 'point': 13038}
2025-04-03 19:30:03 - INFO - {'Loss': '0.01152', 'admm_loss': '0.63809', 'psnr': '33.99', 'point': 13038}
2025-04-03 19:30:04 - INFO - {'Loss': '0.01111', 'admm_loss': '0.63809', 'psnr': '34.76', 'point': 13038}
2025-04-03 19:30:04 - INFO - {'Loss': '0.01176', 'admm_loss': '0.63809', 'psnr': '32.87', 'point': 13038}
2025-04-03 19:30:05 - INFO - {'Loss': '0.01210', 'admm_loss': '0.63809', 'psnr': '33.84', 'point': 13038}
2025-04-03 19:30:06 - INFO - {'Loss': '0.01355', 'admm_loss': '0.63809', 'psnr': '32.51', 'point': 13038}
2025-04-03 19:30:06 - INFO - {'Loss': '0.01143', 'admm_loss': '0.63809', 'psnr': '33.83', 'point': 13038}
2025-04-03 19:30:08 - INFO - {'Loss': '0.01201', 'admm_loss': '0.63809', 'psnr': '33.97', 'point': 13038}
2025-04-03 19:30:09 - INFO - {'Loss': '0.01139', 'admm_loss': '0.63809', 'psnr': '33.83', 'point': 13038}
2025-04-03 19:30:11 - INFO - {'Loss': '0.01353', 'admm_loss': '0.63809', 'psnr': '32.32', 'point': 13038}
2025-04-03 19:30:13 - INFO - {'Loss': '0.01211', 'admm_loss': '0.63809', 'psnr': '33.13', 'point': 13038}
2025-04-03 19:30:14 - INFO - {'Loss': '0.01380', 'admm_loss': '0.63809', 'psnr': '31.16', 'point': 13038}
2025-04-03 19:30:14 - INFO - {'Loss': '0.01167', 'admm_loss': '0.63809', 'psnr': '33.90', 'point': 13038}
2025-04-03 19:30:15 - INFO - {'Loss': '0.01302', 'admm_loss': '0.63809', 'psnr': '32.00', 'point': 13038}
2025-04-03 19:30:16 - INFO - {'Loss': '0.01126', 'admm_loss': '0.63809', 'psnr': '34.01', 'point': 13038}
2025-04-03 19:30:16 - INFO - {'Loss': '0.01198', 'admm_loss': '0.63809', 'psnr': '33.99', 'point': 13038}
