2025-04-03 19:09:04 - INFO - Log system initialized.
2025-04-03 19:09:04 - INFO - dataloader: True
2025-04-03 19:09:04 - INFO - zerostamp_init: False
2025-04-03 19:09:04 - INFO - custom_sampler: None
2025-04-03 19:09:04 - INFO - iterations: 22000
2025-04-03 19:09:04 - INFO - coarse_iterations: 0
2025-04-03 19:09:04 - INFO - position_lr_init: 0.00016
2025-04-03 19:09:04 - INFO - position_lr_final: 1.6e-06
2025-04-03 19:09:04 - INFO - position_lr_delay_mult: 0.01
2025-04-03 19:09:04 - INFO - position_lr_max_steps: 20000
2025-04-03 19:09:04 - INFO - deformation_lr_init: 0.00016
2025-04-03 19:09:04 - INFO - deformation_lr_final: 1.6e-05
2025-04-03 19:09:04 - INFO - deformation_lr_delay_mult: 0.01
2025-04-03 19:09:04 - INFO - grid_lr_init: 0.0016
2025-04-03 19:09:04 - INFO - grid_lr_final: 0.00016
2025-04-03 19:09:04 - INFO - feature_lr: 0.0025
2025-04-03 19:09:04 - INFO - opacity_lr: 0.05
2025-04-03 19:09:04 - INFO - scaling_lr: 0.005
2025-04-03 19:09:04 - INFO - rotation_lr: 0.001
2025-04-03 19:09:04 - INFO - percent_dense: 0.01
2025-04-03 19:09:04 - INFO - lambda_dssim: 0
2025-04-03 19:09:04 - INFO - lambda_lpips: 0
2025-04-03 19:09:04 - INFO - weight_constraint_init: 1
2025-04-03 19:09:04 - INFO - weight_constraint_after: 0.2
2025-04-03 19:09:04 - INFO - weight_decay_iteration: 5000
2025-04-03 19:09:04 - INFO - opacity_reset_interval: 60000
2025-04-03 19:09:04 - INFO - densification_interval: 100
2025-04-03 19:09:04 - INFO - densify_from_iter: 0
2025-04-03 19:09:04 - INFO - densify_until_iter: 0
2025-04-03 19:09:04 - INFO - densify_grad_threshold_coarse: 0.0002
2025-04-03 19:09:04 - INFO - densify_grad_threshold_fine_init: 0.0002
2025-04-03 19:09:04 - INFO - densify_grad_threshold_after: 0.0002
2025-04-03 19:09:04 - INFO - pruning_from_iter: 500
2025-04-03 19:09:04 - INFO - pruning_interval: 100
2025-04-03 19:09:04 - INFO - opacity_threshold_coarse: 0.005
2025-04-03 19:09:04 - INFO - opacity_threshold_fine_init: 0.005
2025-04-03 19:09:04 - INFO - opacity_threshold_fine_after: 0.005
2025-04-03 19:09:04 - INFO - batch_size: 2
2025-04-03 19:09:04 - INFO - add_point: False
2025-04-03 19:09:04 - INFO - admm_start_iter1: 16000
2025-04-03 19:09:04 - INFO - admm_stop_iter1: 19900
2025-04-03 19:09:04 - INFO - simp_iteration1: 14001
2025-04-03 19:09:04 - INFO - simp_iteration2: 19900
2025-04-03 19:09:04 - INFO - admm_interval: 50
2025-04-03 19:09:04 - INFO - rho_lr: 0.0005
2025-04-03 19:09:04 - INFO - opacity_admm_threshold1: 0.8
2025-04-03 19:09:04 - INFO - opacity_admm_threshold2: 0.5
2025-04-03 19:09:04 - INFO - outdoor: False
2025-04-03 19:09:04 - INFO - admm: True
2025-04-03 19:09:04 - INFO - prune_points: True
2025-04-03 19:09:04 - INFO - related_gs_num: 1
2025-04-03 19:09:04 - INFO - simp_iteration1_score_type: 0
2025-04-03 19:09:04 - INFO - score_function: 36
2025-04-03 19:09:04 - INFO - fast_test: True
2025-04-03 19:09:09 - INFO - {'Loss': '0.00382', 'admm_loss': '0.00000', 'psnr': '35.33', 'point': 26076}
