2025-04-03 18:28:07 - INFO - Log system initialized.
2025-04-03 18:28:07 - INFO - dataloader: True
2025-04-03 18:28:07 - INFO - zerostamp_init: False
2025-04-03 18:28:07 - INFO - custom_sampler: None
2025-04-03 18:28:07 - INFO - iterations: 22000
2025-04-03 18:28:07 - INFO - coarse_iterations: 0
2025-04-03 18:28:07 - INFO - position_lr_init: 0.00016
2025-04-03 18:28:07 - INFO - position_lr_final: 1.6e-06
2025-04-03 18:28:07 - INFO - position_lr_delay_mult: 0.01
2025-04-03 18:28:07 - INFO - position_lr_max_steps: 20000
2025-04-03 18:28:07 - INFO - deformation_lr_init: 0.00016
2025-04-03 18:28:07 - INFO - deformation_lr_final: 1.6e-05
2025-04-03 18:28:07 - INFO - deformation_lr_delay_mult: 0.01
2025-04-03 18:28:07 - INFO - grid_lr_init: 0.0016
2025-04-03 18:28:07 - INFO - grid_lr_final: 0.00016
2025-04-03 18:28:07 - INFO - feature_lr: 0.0025
2025-04-03 18:28:07 - INFO - opacity_lr: 0.05
2025-04-03 18:28:07 - INFO - scaling_lr: 0.005
2025-04-03 18:28:07 - INFO - rotation_lr: 0.001
2025-04-03 18:28:07 - INFO - percent_dense: 0.01
2025-04-03 18:28:07 - INFO - lambda_dssim: 0
2025-04-03 18:28:07 - INFO - lambda_lpips: 0
2025-04-03 18:28:07 - INFO - weight_constraint_init: 1
2025-04-03 18:28:07 - INFO - weight_constraint_after: 0.2
2025-04-03 18:28:07 - INFO - weight_decay_iteration: 5000
2025-04-03 18:28:07 - INFO - opacity_reset_interval: 60000
2025-04-03 18:28:07 - INFO - densification_interval: 100
2025-04-03 18:28:07 - INFO - densify_from_iter: 0
2025-04-03 18:28:07 - INFO - densify_until_iter: 0
2025-04-03 18:28:07 - INFO - densify_grad_threshold_coarse: 0.0002
2025-04-03 18:28:07 - INFO - densify_grad_threshold_fine_init: 0.0002
2025-04-03 18:28:07 - INFO - densify_grad_threshold_after: 0.0002
2025-04-03 18:28:07 - INFO - pruning_from_iter: 500
2025-04-03 18:28:07 - INFO - pruning_interval: 100
2025-04-03 18:28:07 - INFO - opacity_threshold_coarse: 0.005
2025-04-03 18:28:07 - INFO - opacity_threshold_fine_init: 0.005
2025-04-03 18:28:07 - INFO - opacity_threshold_fine_after: 0.005
2025-04-03 18:28:07 - INFO - batch_size: 2
2025-04-03 18:28:07 - INFO - add_point: False
2025-04-03 18:28:07 - INFO - admm_start_iter1: 16000
2025-04-03 18:28:07 - INFO - admm_stop_iter1: 19900
2025-04-03 18:28:07 - INFO - simp_iteration1: 14001
2025-04-03 18:28:07 - INFO - simp_iteration2: 19900
2025-04-03 18:28:07 - INFO - admm_interval: 50
2025-04-03 18:28:07 - INFO - rho_lr: 0.0005
2025-04-03 18:28:07 - INFO - opacity_admm_threshold1: 0.8
2025-04-03 18:28:07 - INFO - opacity_admm_threshold2: 0.5
2025-04-03 18:28:07 - INFO - outdoor: False
2025-04-03 18:28:07 - INFO - admm: True
2025-04-03 18:28:07 - INFO - prune_points: True
2025-04-03 18:28:07 - INFO - related_gs_num: 1
2025-04-03 18:28:07 - INFO - simp_iteration1_score_type: 0
2025-04-03 18:28:07 - INFO - score_function: 36
2025-04-03 18:28:07 - INFO - fast_test: True
2025-04-03 18:28:13 - INFO - {'Loss': '0.02012', 'admm_loss': '0.00000', 'psnr': '29.11', 'point': 26076}
2025-04-03 18:28:14 - INFO - {'Loss': '0.01930', 'admm_loss': '0.00000', 'psnr': '28.77', 'point': 26076}
2025-04-03 18:28:16 - INFO - {'Loss': '0.01730', 'admm_loss': '0.00000', 'psnr': '31.21', 'point': 26076}
2025-04-03 18:28:17 - INFO - {'Loss': '0.01719', 'admm_loss': '0.00000', 'psnr': '29.04', 'point': 26076}
2025-04-03 18:28:18 - INFO - {'Loss': '0.01652', 'admm_loss': '0.00000', 'psnr': '30.39', 'point': 26076}
2025-04-03 18:28:20 - INFO - {'Loss': '0.01496', 'admm_loss': '0.00000', 'psnr': '32.40', 'point': 26076}
2025-04-03 18:28:21 - INFO - {'Loss': '0.01495', 'admm_loss': '0.00000', 'psnr': '33.07', 'point': 26076}
2025-04-03 18:28:23 - INFO - {'Loss': '0.01519', 'admm_loss': '0.00000', 'psnr': '32.02', 'point': 26076}
2025-04-03 18:28:24 - INFO - {'Loss': '0.01518', 'admm_loss': '0.00000', 'psnr': '31.18', 'point': 26076}
2025-04-03 18:28:25 - INFO - {'Loss': '0.01413', 'admm_loss': '0.00000', 'psnr': '31.09', 'point': 26076}
2025-04-03 18:28:27 - INFO - {'Loss': '0.01366', 'admm_loss': '0.00000', 'psnr': '32.51', 'point': 26076}
2025-04-03 18:28:28 - INFO - {'Loss': '0.01362', 'admm_loss': '0.00000', 'psnr': '31.84', 'point': 26076}
2025-04-03 18:28:29 - INFO - {'Loss': '0.01384', 'admm_loss': '0.00000', 'psnr': '32.31', 'point': 26076}
2025-04-03 18:28:31 - INFO - {'Loss': '0.01331', 'admm_loss': '0.00000', 'psnr': '32.52', 'point': 26076}
2025-04-03 18:28:32 - INFO - {'Loss': '0.01406', 'admm_loss': '0.00000', 'psnr': '32.25', 'point': 26076}
2025-04-03 18:28:33 - INFO - {'Loss': '0.01358', 'admm_loss': '0.00000', 'psnr': '31.66', 'point': 26076}
2025-04-03 18:28:35 - INFO - {'Loss': '0.01336', 'admm_loss': '0.00000', 'psnr': '32.43', 'point': 26076}
2025-04-03 18:28:36 - INFO - {'Loss': '0.01444', 'admm_loss': '0.00000', 'psnr': '32.15', 'point': 26076}
2025-04-03 18:28:38 - INFO - {'Loss': '0.01398', 'admm_loss': '0.00000', 'psnr': '32.45', 'point': 26076}
2025-04-03 18:28:39 - INFO - {'Loss': '0.01388', 'admm_loss': '0.00000', 'psnr': '32.03', 'point': 26076}
2025-04-03 18:28:41 - INFO - {'Loss': '0.01435', 'admm_loss': '0.00000', 'psnr': '32.23', 'point': 26076}
2025-04-03 18:28:42 - INFO - {'Loss': '0.01454', 'admm_loss': '0.00000', 'psnr': '31.44', 'point': 26076}
