2025-04-03 19:24:24 - INFO - Log system initialized.
2025-04-03 19:24:24 - INFO - dataloader: True
2025-04-03 19:24:24 - INFO - zerostamp_init: False
2025-04-03 19:24:24 - INFO - custom_sampler: None
2025-04-03 19:24:24 - INFO - iterations: 22000
2025-04-03 19:24:24 - INFO - coarse_iterations: 0
2025-04-03 19:24:24 - INFO - position_lr_init: 0.00016
2025-04-03 19:24:24 - INFO - position_lr_final: 1.6e-06
2025-04-03 19:24:24 - INFO - position_lr_delay_mult: 0.01
2025-04-03 19:24:24 - INFO - position_lr_max_steps: 20000
2025-04-03 19:24:24 - INFO - deformation_lr_init: 0.00016
2025-04-03 19:24:24 - INFO - deformation_lr_final: 1.6e-05
2025-04-03 19:24:24 - INFO - deformation_lr_delay_mult: 0.01
2025-04-03 19:24:24 - INFO - grid_lr_init: 0.0016
2025-04-03 19:24:24 - INFO - grid_lr_final: 0.00016
2025-04-03 19:24:24 - INFO - feature_lr: 0.0025
2025-04-03 19:24:24 - INFO - opacity_lr: 0.05
2025-04-03 19:24:24 - INFO - scaling_lr: 0.005
2025-04-03 19:24:24 - INFO - rotation_lr: 0.001
2025-04-03 19:24:24 - INFO - percent_dense: 0.01
2025-04-03 19:24:24 - INFO - lambda_dssim: 0
2025-04-03 19:24:24 - INFO - lambda_lpips: 0
2025-04-03 19:24:24 - INFO - weight_constraint_init: 1
2025-04-03 19:24:24 - INFO - weight_constraint_after: 0.2
2025-04-03 19:24:24 - INFO - weight_decay_iteration: 5000
2025-04-03 19:24:24 - INFO - opacity_reset_interval: 60000
2025-04-03 19:24:24 - INFO - densification_interval: 100
2025-04-03 19:24:24 - INFO - densify_from_iter: 0
2025-04-03 19:24:24 - INFO - densify_until_iter: 0
2025-04-03 19:24:24 - INFO - densify_grad_threshold_coarse: 0.0002
2025-04-03 19:24:24 - INFO - densify_grad_threshold_fine_init: 0.0002
2025-04-03 19:24:24 - INFO - densify_grad_threshold_after: 0.0002
2025-04-03 19:24:24 - INFO - pruning_from_iter: 500
2025-04-03 19:24:24 - INFO - pruning_interval: 100
2025-04-03 19:24:24 - INFO - opacity_threshold_coarse: 0.005
2025-04-03 19:24:24 - INFO - opacity_threshold_fine_init: 0.005
2025-04-03 19:24:24 - INFO - opacity_threshold_fine_after: 0.005
2025-04-03 19:24:24 - INFO - batch_size: 2
2025-04-03 19:24:24 - INFO - add_point: False
2025-04-03 19:24:24 - INFO - admm_start_iter1: 16000
2025-04-03 19:24:24 - INFO - admm_stop_iter1: 19900
2025-04-03 19:24:24 - INFO - simp_iteration1: 14001
2025-04-03 19:24:24 - INFO - simp_iteration2: 19900
2025-04-03 19:24:24 - INFO - admm_interval: 50
2025-04-03 19:24:24 - INFO - rho_lr: 0.0005
2025-04-03 19:24:24 - INFO - opacity_admm_threshold1: 0.8
2025-04-03 19:24:24 - INFO - opacity_admm_threshold2: 0.5
2025-04-03 19:24:24 - INFO - outdoor: False
2025-04-03 19:24:24 - INFO - admm: True
2025-04-03 19:24:24 - INFO - prune_points: True
2025-04-03 19:24:24 - INFO - related_gs_num: 1
2025-04-03 19:24:24 - INFO - simp_iteration1_score_type: 0
2025-04-03 19:24:24 - INFO - score_function: 36
2025-04-03 19:24:24 - INFO - fast_test: True
2025-04-03 19:24:28 - INFO - {'Loss': '0.02159', 'admm_loss': '0.00000', 'psnr': '27.11', 'point': 26076}
2025-04-03 19:24:29 - INFO - {'Loss': '0.01896', 'admm_loss': '0.00000', 'psnr': '28.57', 'point': 26076}
2025-04-03 19:24:30 - INFO - {'Loss': '0.01886', 'admm_loss': '0.00000', 'psnr': '29.67', 'point': 26076}
2025-04-03 19:24:30 - INFO - {'Loss': '0.01630', 'admm_loss': '0.00000', 'psnr': '30.87', 'point': 26076}
2025-04-03 19:24:31 - INFO - {'Loss': '0.01672', 'admm_loss': '0.00000', 'psnr': '29.58', 'point': 26076}
2025-04-03 19:24:32 - INFO - {'Loss': '0.01637', 'admm_loss': '0.00000', 'psnr': '29.69', 'point': 26076}
2025-04-03 19:24:33 - INFO - {'Loss': '0.01660', 'admm_loss': '0.00000', 'psnr': '31.75', 'point': 26076}
2025-04-03 19:24:33 - INFO - {'Loss': '0.01624', 'admm_loss': '0.00000', 'psnr': '30.15', 'point': 26076}
2025-04-03 19:24:34 - INFO - {'Loss': '0.01525', 'admm_loss': '0.00000', 'psnr': '31.02', 'point': 26076}
2025-04-03 19:24:35 - INFO - {'Loss': '0.01437', 'admm_loss': '0.00000', 'psnr': '31.94', 'point': 26076}
2025-04-03 19:24:35 - INFO - {'Loss': '0.01434', 'admm_loss': '0.00000', 'psnr': '31.53', 'point': 26076}
2025-04-03 19:24:36 - INFO - {'Loss': '0.01375', 'admm_loss': '0.00000', 'psnr': '30.86', 'point': 26076}
2025-04-03 19:24:37 - INFO - {'Loss': '0.01503', 'admm_loss': '0.00000', 'psnr': '31.27', 'point': 26076}
2025-04-03 19:24:37 - INFO - {'Loss': '0.01392', 'admm_loss': '0.00000', 'psnr': '31.15', 'point': 26076}
2025-04-03 19:24:38 - INFO - {'Loss': '0.01446', 'admm_loss': '0.00000', 'psnr': '31.96', 'point': 26076}
2025-04-03 19:24:39 - INFO - {'Loss': '0.01298', 'admm_loss': '0.00000', 'psnr': '32.99', 'point': 26076}
2025-04-03 19:24:40 - INFO - {'Loss': '0.01394', 'admm_loss': '0.00000', 'psnr': '31.88', 'point': 26076}
2025-04-03 19:24:40 - INFO - {'Loss': '0.01364', 'admm_loss': '0.00000', 'psnr': '32.90', 'point': 26076}
2025-04-03 19:24:41 - INFO - {'Loss': '0.01419', 'admm_loss': '0.00000', 'psnr': '31.46', 'point': 26076}
2025-04-03 19:24:42 - INFO - {'Loss': '0.01376', 'admm_loss': '0.00000', 'psnr': '33.28', 'point': 26076}
2025-04-03 19:24:42 - INFO - {'Loss': '0.01521', 'admm_loss': '0.00000', 'psnr': '31.75', 'point': 26076}
2025-04-03 19:24:43 - INFO - {'Loss': '0.01313', 'admm_loss': '0.00000', 'psnr': '34.13', 'point': 26076}
2025-04-03 19:24:44 - INFO - {'Loss': '0.01608', 'admm_loss': '0.00000', 'psnr': '30.26', 'point': 26076}
2025-04-03 19:24:44 - INFO - {'Loss': '0.01413', 'admm_loss': '0.00000', 'psnr': '31.39', 'point': 26076}
2025-04-03 19:24:45 - INFO - {'Loss': '0.01368', 'admm_loss': '0.00000', 'psnr': '31.64', 'point': 26076}
2025-04-03 19:24:46 - INFO - {'Loss': '0.01283', 'admm_loss': '0.00000', 'psnr': '31.84', 'point': 26076}
2025-04-03 19:24:46 - INFO - {'Loss': '0.01270', 'admm_loss': '0.00000', 'psnr': '32.36', 'point': 26076}
2025-04-03 19:24:47 - INFO - {'Loss': '0.01372', 'admm_loss': '0.00000', 'psnr': '32.86', 'point': 26076}
2025-04-03 19:24:48 - INFO - {'Loss': '0.01289', 'admm_loss': '0.00000', 'psnr': '32.91', 'point': 26076}
2025-04-03 19:24:49 - INFO - {'Loss': '0.01268', 'admm_loss': '0.00000', 'psnr': '33.17', 'point': 26076}
2025-04-03 19:24:49 - INFO - {'Loss': '0.01345', 'admm_loss': '0.00000', 'psnr': '32.63', 'point': 26076}
2025-04-03 19:24:50 - INFO - {'Loss': '0.01241', 'admm_loss': '0.00000', 'psnr': '33.20', 'point': 26076}
2025-04-03 19:24:51 - INFO - {'Loss': '0.01301', 'admm_loss': '0.00000', 'psnr': '33.40', 'point': 26076}
2025-04-03 19:24:51 - INFO - {'Loss': '0.01378', 'admm_loss': '0.00000', 'psnr': '32.80', 'point': 26076}
2025-04-03 19:24:52 - INFO - {'Loss': '0.01280', 'admm_loss': '0.00000', 'psnr': '32.77', 'point': 26076}
2025-04-03 19:24:53 - INFO - {'Loss': '0.01424', 'admm_loss': '0.00000', 'psnr': '31.09', 'point': 26076}
2025-04-03 19:24:53 - INFO - {'Loss': '0.01242', 'admm_loss': '0.00000', 'psnr': '32.94', 'point': 26076}
2025-04-03 19:24:54 - INFO - {'Loss': '0.01318', 'admm_loss': '0.00000', 'psnr': '32.21', 'point': 26076}
2025-04-03 19:24:55 - INFO - {'Loss': '0.01501', 'admm_loss': '0.00000', 'psnr': '31.86', 'point': 26076}
2025-04-03 19:24:56 - INFO - {'Loss': '0.01269', 'admm_loss': '0.00000', 'psnr': '33.59', 'point': 26076}
2025-04-03 19:24:56 - INFO - {'Loss': '0.01318', 'admm_loss': '0.00000', 'psnr': '31.57', 'point': 26076}
2025-04-03 19:24:57 - INFO - {'Loss': '0.01375', 'admm_loss': '0.00000', 'psnr': '32.91', 'point': 26076}
2025-04-03 19:24:58 - INFO - {'Loss': '0.01301', 'admm_loss': '0.00000', 'psnr': '32.85', 'point': 26076}
2025-04-03 19:24:58 - INFO - {'Loss': '0.01291', 'admm_loss': '0.00000', 'psnr': '31.98', 'point': 26076}
2025-04-03 19:24:59 - INFO - {'Loss': '0.01409', 'admm_loss': '0.00000', 'psnr': '31.54', 'point': 26076}
2025-04-03 19:25:00 - INFO - {'Loss': '0.01192', 'admm_loss': '0.00000', 'psnr': '33.75', 'point': 26076}
2025-04-03 19:25:00 - INFO - {'Loss': '0.01184', 'admm_loss': '0.00000', 'psnr': '33.61', 'point': 26076}
2025-04-03 19:25:01 - INFO - {'Loss': '0.01291', 'admm_loss': '0.00000', 'psnr': '31.82', 'point': 26076}
2025-04-03 19:25:02 - INFO - {'Loss': '0.01187', 'admm_loss': '0.00000', 'psnr': '33.32', 'point': 26076}
