2025-04-03 18:49:28 - INFO - Log system initialized.
2025-04-03 18:49:28 - INFO - dataloader: True
2025-04-03 18:49:28 - INFO - zerostamp_init: False
2025-04-03 18:49:28 - INFO - custom_sampler: None
2025-04-03 18:49:28 - INFO - iterations: 22000
2025-04-03 18:49:28 - INFO - coarse_iterations: 0
2025-04-03 18:49:28 - INFO - position_lr_init: 0.00016
2025-04-03 18:49:28 - INFO - position_lr_final: 1.6e-06
2025-04-03 18:49:28 - INFO - position_lr_delay_mult: 0.01
2025-04-03 18:49:28 - INFO - position_lr_max_steps: 20000
2025-04-03 18:49:28 - INFO - deformation_lr_init: 0.00016
2025-04-03 18:49:28 - INFO - deformation_lr_final: 1.6e-05
2025-04-03 18:49:28 - INFO - deformation_lr_delay_mult: 0.01
2025-04-03 18:49:28 - INFO - grid_lr_init: 0.0016
2025-04-03 18:49:28 - INFO - grid_lr_final: 0.00016
2025-04-03 18:49:28 - INFO - feature_lr: 0.0025
2025-04-03 18:49:28 - INFO - opacity_lr: 0.05
2025-04-03 18:49:28 - INFO - scaling_lr: 0.005
2025-04-03 18:49:28 - INFO - rotation_lr: 0.001
2025-04-03 18:49:28 - INFO - percent_dense: 0.01
2025-04-03 18:49:28 - INFO - lambda_dssim: 0
2025-04-03 18:49:28 - INFO - lambda_lpips: 0
2025-04-03 18:49:28 - INFO - weight_constraint_init: 1
2025-04-03 18:49:28 - INFO - weight_constraint_after: 0.2
2025-04-03 18:49:28 - INFO - weight_decay_iteration: 5000
2025-04-03 18:49:28 - INFO - opacity_reset_interval: 60000
2025-04-03 18:49:28 - INFO - densification_interval: 100
2025-04-03 18:49:28 - INFO - densify_from_iter: 0
2025-04-03 18:49:28 - INFO - densify_until_iter: 0
2025-04-03 18:49:28 - INFO - densify_grad_threshold_coarse: 0.0002
2025-04-03 18:49:28 - INFO - densify_grad_threshold_fine_init: 0.0002
2025-04-03 18:49:28 - INFO - densify_grad_threshold_after: 0.0002
2025-04-03 18:49:28 - INFO - pruning_from_iter: 500
2025-04-03 18:49:28 - INFO - pruning_interval: 100
2025-04-03 18:49:28 - INFO - opacity_threshold_coarse: 0.005
2025-04-03 18:49:28 - INFO - opacity_threshold_fine_init: 0.005
2025-04-03 18:49:28 - INFO - opacity_threshold_fine_after: 0.005
2025-04-03 18:49:28 - INFO - batch_size: 2
2025-04-03 18:49:28 - INFO - add_point: False
2025-04-03 18:49:28 - INFO - admm_start_iter1: 16000
2025-04-03 18:49:28 - INFO - admm_stop_iter1: 19900
2025-04-03 18:49:28 - INFO - simp_iteration1: 14001
2025-04-03 18:49:28 - INFO - simp_iteration2: 19900
2025-04-03 18:49:28 - INFO - admm_interval: 50
2025-04-03 18:49:28 - INFO - rho_lr: 0.0005
2025-04-03 18:49:28 - INFO - opacity_admm_threshold1: 0.8
2025-04-03 18:49:28 - INFO - opacity_admm_threshold2: 0.5
2025-04-03 18:49:28 - INFO - outdoor: False
2025-04-03 18:49:28 - INFO - admm: True
2025-04-03 18:49:28 - INFO - prune_points: True
2025-04-03 18:49:28 - INFO - related_gs_num: 1
2025-04-03 18:49:28 - INFO - simp_iteration1_score_type: 0
2025-04-03 18:49:28 - INFO - score_function: 36
2025-04-03 18:49:28 - INFO - fast_test: True
2025-04-03 18:49:33 - INFO - {'Loss': '0.02012', 'admm_loss': '0.00000', 'psnr': '29.11', 'point': 26076}
2025-04-03 18:49:35 - INFO - {'Loss': '0.01930', 'admm_loss': '0.00000', 'psnr': '28.77', 'point': 26076}
2025-04-03 18:49:36 - INFO - {'Loss': '0.01730', 'admm_loss': '0.00000', 'psnr': '31.21', 'point': 26076}
2025-04-03 18:49:37 - INFO - {'Loss': '0.01718', 'admm_loss': '0.00000', 'psnr': '29.05', 'point': 26076}
2025-04-03 18:49:39 - INFO - {'Loss': '0.01652', 'admm_loss': '0.00000', 'psnr': '30.39', 'point': 26076}
2025-04-03 18:49:40 - INFO - {'Loss': '0.01497', 'admm_loss': '0.00000', 'psnr': '32.39', 'point': 26076}
2025-04-03 18:49:41 - INFO - {'Loss': '0.01494', 'admm_loss': '0.00000', 'psnr': '33.07', 'point': 26076}
2025-04-03 18:49:43 - INFO - {'Loss': '0.01520', 'admm_loss': '0.00000', 'psnr': '32.01', 'point': 26076}
2025-04-03 18:49:44 - INFO - {'Loss': '0.01517', 'admm_loss': '0.00000', 'psnr': '31.18', 'point': 26076}
2025-04-03 18:49:45 - INFO - {'Loss': '0.01413', 'admm_loss': '0.00000', 'psnr': '31.08', 'point': 26076}
2025-04-03 18:49:47 - INFO - {'Loss': '0.01366', 'admm_loss': '0.00000', 'psnr': '32.51', 'point': 26076}
2025-04-03 18:49:48 - INFO - {'Loss': '0.01363', 'admm_loss': '0.00000', 'psnr': '31.83', 'point': 26076}
2025-04-03 18:49:50 - INFO - {'Loss': '0.01384', 'admm_loss': '0.00000', 'psnr': '32.31', 'point': 26076}
2025-04-03 18:49:51 - INFO - {'Loss': '0.01331', 'admm_loss': '0.00000', 'psnr': '32.52', 'point': 26076}
2025-04-03 18:49:52 - INFO - {'Loss': '0.01407', 'admm_loss': '0.00000', 'psnr': '32.24', 'point': 26076}
2025-04-03 18:49:54 - INFO - {'Loss': '0.01358', 'admm_loss': '0.00000', 'psnr': '31.67', 'point': 26076}
2025-04-03 18:49:56 - INFO - {'Loss': '0.01335', 'admm_loss': '0.00000', 'psnr': '32.43', 'point': 26076}
2025-04-03 18:49:57 - INFO - {'Loss': '0.01443', 'admm_loss': '0.00000', 'psnr': '32.15', 'point': 26076}
2025-04-03 18:49:58 - INFO - {'Loss': '0.01399', 'admm_loss': '0.00000', 'psnr': '32.44', 'point': 26076}
2025-04-03 18:49:59 - INFO - {'Loss': '0.01387', 'admm_loss': '0.00000', 'psnr': '32.03', 'point': 26076}
2025-04-03 18:49:59 - INFO - {'Loss': '0.01444', 'admm_loss': '0.00000', 'psnr': '32.13', 'point': 26076}
2025-04-03 18:50:00 - INFO - {'Loss': '0.01457', 'admm_loss': '0.00000', 'psnr': '31.43', 'point': 26076}
2025-04-03 18:50:01 - INFO - {'Loss': '0.01552', 'admm_loss': '0.00000', 'psnr': '31.80', 'point': 26076}
2025-04-03 18:50:01 - INFO - {'Loss': '0.01463', 'admm_loss': '0.00000', 'psnr': '31.41', 'point': 26076}
2025-04-03 18:50:02 - INFO - {'Loss': '0.01320', 'admm_loss': '0.00000', 'psnr': '32.88', 'point': 26076}
2025-04-03 18:50:03 - INFO - {'Loss': '0.01284', 'admm_loss': '0.00000', 'psnr': '32.58', 'point': 26076}
2025-04-03 18:50:03 - INFO - {'Loss': '0.01394', 'admm_loss': '0.00000', 'psnr': '31.79', 'point': 26076}
2025-04-03 18:50:04 - INFO - {'Loss': '0.01320', 'admm_loss': '0.00000', 'psnr': '33.39', 'point': 26076}
2025-04-03 18:50:05 - INFO - {'Loss': '0.01235', 'admm_loss': '0.00000', 'psnr': '33.45', 'point': 26076}
2025-04-03 18:50:06 - INFO - {'Loss': '0.01252', 'admm_loss': '0.00000', 'psnr': '32.79', 'point': 26076}
2025-04-03 18:50:06 - INFO - {'Loss': '0.01317', 'admm_loss': '0.00000', 'psnr': '33.25', 'point': 26076}
2025-04-03 18:50:07 - INFO - {'Loss': '0.01261', 'admm_loss': '0.00000', 'psnr': '33.20', 'point': 26076}
2025-04-03 18:50:09 - INFO - {'Loss': '0.01322', 'admm_loss': '0.00000', 'psnr': '32.03', 'point': 26076}
2025-04-03 18:50:11 - INFO - {'Loss': '0.01342', 'admm_loss': '0.00000', 'psnr': '32.54', 'point': 26076}
2025-04-03 18:50:13 - INFO - {'Loss': '0.01235', 'admm_loss': '0.00000', 'psnr': '33.96', 'point': 26076}
2025-04-03 18:50:13 - INFO - {'Loss': '0.01348', 'admm_loss': '0.00000', 'psnr': '33.01', 'point': 26076}
2025-04-03 18:50:14 - INFO - {'Loss': '0.01319', 'admm_loss': '0.00000', 'psnr': '31.77', 'point': 26076}
2025-04-03 18:50:15 - INFO - {'Loss': '0.01407', 'admm_loss': '0.00000', 'psnr': '31.43', 'point': 26076}
2025-04-03 18:50:15 - INFO - {'Loss': '0.01537', 'admm_loss': '0.00000', 'psnr': '30.50', 'point': 26076}
2025-04-03 18:50:16 - INFO - {'Loss': '0.01245', 'admm_loss': '0.00000', 'psnr': '33.04', 'point': 26076}
2025-04-03 18:50:17 - INFO - {'Loss': '0.01501', 'admm_loss': '0.00000', 'psnr': '31.65', 'point': 26076}
2025-04-03 18:50:17 - INFO - {'Loss': '0.01367', 'admm_loss': '0.00000', 'psnr': '31.72', 'point': 26076}
2025-04-03 18:50:18 - INFO - {'Loss': '0.01252', 'admm_loss': '0.00000', 'psnr': '33.38', 'point': 26076}
2025-04-03 18:50:19 - INFO - {'Loss': '0.01227', 'admm_loss': '0.00000', 'psnr': '33.89', 'point': 26076}
2025-04-03 18:50:20 - INFO - {'Loss': '0.01370', 'admm_loss': '0.00000', 'psnr': '32.64', 'point': 26076}
2025-04-03 18:50:20 - INFO - {'Loss': '0.01210', 'admm_loss': '0.00000', 'psnr': '32.98', 'point': 26076}
2025-04-03 18:50:21 - INFO - {'Loss': '0.01253', 'admm_loss': '0.00000', 'psnr': '32.07', 'point': 26076}
2025-04-03 18:50:22 - INFO - {'Loss': '0.01308', 'admm_loss': '0.00000', 'psnr': '31.90', 'point': 26076}
2025-04-03 18:50:22 - INFO - {'Loss': '0.01192', 'admm_loss': '0.00000', 'psnr': '33.04', 'point': 26076}
2025-04-03 18:50:23 - INFO - {'Loss': '0.01230', 'admm_loss': '0.00000', 'psnr': '33.30', 'point': 26076}
2025-04-03 18:50:25 - INFO - {'Loss': '0.01390', 'admm_loss': '0.00000', 'psnr': '32.56', 'point': 26076}
2025-04-03 18:50:26 - INFO - {'Loss': '0.01358', 'admm_loss': '0.00000', 'psnr': '32.37', 'point': 26076}
2025-04-03 18:50:28 - INFO - {'Loss': '0.01322', 'admm_loss': '0.00000', 'psnr': '33.81', 'point': 26076}
2025-04-03 18:50:29 - INFO - {'Loss': '0.01288', 'admm_loss': '0.00000', 'psnr': '32.99', 'point': 26076}
2025-04-03 18:50:31 - INFO - {'Loss': '0.01327', 'admm_loss': '0.00000', 'psnr': '31.92', 'point': 26076}
2025-04-03 18:50:32 - INFO - {'Loss': '0.01270', 'admm_loss': '0.00000', 'psnr': '33.94', 'point': 26076}
2025-04-03 18:50:34 - INFO - {'Loss': '0.01236', 'admm_loss': '0.00000', 'psnr': '31.56', 'point': 26076}
2025-04-03 18:50:35 - INFO - {'Loss': '0.01268', 'admm_loss': '0.00000', 'psnr': '33.27', 'point': 26076}
2025-04-03 18:50:36 - INFO - {'Loss': '0.01379', 'admm_loss': '0.00000', 'psnr': '32.31', 'point': 26076}
2025-04-03 18:50:38 - INFO - {'Loss': '0.01250', 'admm_loss': '0.00000', 'psnr': '33.09', 'point': 26076}
2025-04-03 18:50:39 - INFO - {'Loss': '0.01267', 'admm_loss': '0.00000', 'psnr': '32.08', 'point': 26076}
2025-04-03 18:50:41 - INFO - {'Loss': '0.01316', 'admm_loss': '0.00000', 'psnr': '32.49', 'point': 26076}
2025-04-03 18:50:42 - INFO - {'Loss': '0.01359', 'admm_loss': '0.00000', 'psnr': '31.82', 'point': 26076}
2025-04-03 18:50:44 - INFO - {'Loss': '0.01306', 'admm_loss': '0.00000', 'psnr': '32.65', 'point': 26076}
2025-04-03 18:50:45 - INFO - {'Loss': '0.01260', 'admm_loss': '0.00000', 'psnr': '33.04', 'point': 26076}
2025-04-03 18:50:47 - INFO - {'Loss': '0.01210', 'admm_loss': '0.00000', 'psnr': '33.32', 'point': 26076}
2025-04-03 18:50:48 - INFO - {'Loss': '0.01286', 'admm_loss': '0.00000', 'psnr': '32.77', 'point': 26076}
2025-04-03 18:50:49 - INFO - {'Loss': '0.01182', 'admm_loss': '0.00000', 'psnr': '32.85', 'point': 26076}
2025-04-03 18:50:51 - INFO - {'Loss': '0.01255', 'admm_loss': '0.00000', 'psnr': '32.17', 'point': 26076}
2025-04-03 18:50:52 - INFO - {'Loss': '0.01161', 'admm_loss': '0.00000', 'psnr': '33.73', 'point': 26076}
2025-04-03 18:50:54 - INFO - {'Loss': '0.01269', 'admm_loss': '0.00000', 'psnr': '32.86', 'point': 26076}
2025-04-03 18:50:55 - INFO - {'Loss': '0.01409', 'admm_loss': '0.00000', 'psnr': '32.28', 'point': 26076}
2025-04-03 18:50:57 - INFO - {'Loss': '0.01213', 'admm_loss': '0.00000', 'psnr': '34.00', 'point': 26076}
2025-04-03 18:50:58 - INFO - {'Loss': '0.01306', 'admm_loss': '0.00000', 'psnr': '31.66', 'point': 26076}
2025-04-03 18:51:00 - INFO - {'Loss': '0.01204', 'admm_loss': '0.00000', 'psnr': '32.68', 'point': 26076}
2025-04-03 18:51:01 - INFO - {'Loss': '0.01229', 'admm_loss': '0.00000', 'psnr': '33.37', 'point': 26076}
2025-04-03 18:51:03 - INFO - {'Loss': '0.01181', 'admm_loss': '0.00000', 'psnr': '33.98', 'point': 26076}
2025-04-03 18:51:04 - INFO - {'Loss': '0.01322', 'admm_loss': '0.00000', 'psnr': '33.04', 'point': 26076}
2025-04-03 18:51:06 - INFO - {'Loss': '0.01175', 'admm_loss': '0.00000', 'psnr': '33.81', 'point': 26076}
2025-04-03 18:51:07 - INFO - {'Loss': '0.01131', 'admm_loss': '0.00000', 'psnr': '34.29', 'point': 26076}
2025-04-03 18:51:08 - INFO - {'Loss': '0.01156', 'admm_loss': '0.00000', 'psnr': '34.05', 'point': 26076}
2025-04-03 18:51:10 - INFO - {'Loss': '0.01253', 'admm_loss': '0.00000', 'psnr': '33.12', 'point': 26076}
2025-04-03 18:51:11 - INFO - {'Loss': '0.01314', 'admm_loss': '0.00000', 'psnr': '32.19', 'point': 26076}
2025-04-03 18:51:13 - INFO - {'Loss': '0.01317', 'admm_loss': '0.00000', 'psnr': '32.21', 'point': 26076}
2025-04-03 18:51:14 - INFO - {'Loss': '0.01124', 'admm_loss': '0.00000', 'psnr': '33.81', 'point': 26076}
2025-04-03 18:51:16 - INFO - {'Loss': '0.01132', 'admm_loss': '0.00000', 'psnr': '34.40', 'point': 26076}
2025-04-03 18:51:17 - INFO - {'Loss': '0.01273', 'admm_loss': '0.00000', 'psnr': '32.06', 'point': 26076}
2025-04-03 18:51:19 - INFO - {'Loss': '0.01233', 'admm_loss': '0.00000', 'psnr': '34.19', 'point': 26076}
2025-04-03 18:51:20 - INFO - {'Loss': '0.01198', 'admm_loss': '0.00000', 'psnr': '34.13', 'point': 26076}
2025-04-03 18:51:22 - INFO - {'Loss': '0.01331', 'admm_loss': '0.00000', 'psnr': '33.05', 'point': 26076}
2025-04-03 18:51:23 - INFO - {'Loss': '0.01294', 'admm_loss': '0.00000', 'psnr': '32.92', 'point': 26076}
2025-04-03 18:51:25 - INFO - {'Loss': '0.01206', 'admm_loss': '0.00000', 'psnr': '33.60', 'point': 26076}
2025-04-03 18:51:26 - INFO - {'Loss': '0.01175', 'admm_loss': '0.00000', 'psnr': '33.17', 'point': 26076}
2025-04-03 18:51:27 - INFO - {'Loss': '0.01147', 'admm_loss': '0.00000', 'psnr': '34.16', 'point': 26076}
2025-04-03 18:51:28 - INFO - {'Loss': '0.01242', 'admm_loss': '0.00000', 'psnr': '33.74', 'point': 26076}
2025-04-03 18:51:30 - INFO - {'Loss': '0.01286', 'admm_loss': '0.00000', 'psnr': '32.00', 'point': 26076}
2025-04-03 18:51:32 - INFO - {'Loss': '0.01193', 'admm_loss': '0.00000', 'psnr': '33.86', 'point': 26076}
2025-04-03 18:51:33 - INFO - {'Loss': '0.01211', 'admm_loss': '0.00000', 'psnr': '32.73', 'point': 26076}
2025-04-03 18:51:34 - INFO - {'Loss': '0.01345', 'admm_loss': '0.00000', 'psnr': '31.53', 'point': 26076}
2025-04-03 18:51:35 - INFO - {'Loss': '0.01168', 'admm_loss': '0.00000', 'psnr': '33.12', 'point': 26076}
2025-04-03 18:51:36 - INFO - {'Loss': '0.01244', 'admm_loss': '0.00000', 'psnr': '33.46', 'point': 26076}
2025-04-03 18:51:36 - INFO - {'Loss': '0.01312', 'admm_loss': '0.00000', 'psnr': '32.78', 'point': 26076}
2025-04-03 18:51:37 - INFO - {'Loss': '0.01275', 'admm_loss': '0.00000', 'psnr': '33.65', 'point': 26076}
2025-04-03 18:51:38 - INFO - {'Loss': '0.01243', 'admm_loss': '0.00000', 'psnr': '31.77', 'point': 26076}
2025-04-03 18:51:38 - INFO - {'Loss': '0.01255', 'admm_loss': '0.00000', 'psnr': '33.02', 'point': 26076}
2025-04-03 18:51:39 - INFO - {'Loss': '0.01138', 'admm_loss': '0.00000', 'psnr': '33.81', 'point': 26076}
2025-04-03 18:51:40 - INFO - {'Loss': '0.01249', 'admm_loss': '0.00000', 'psnr': '32.71', 'point': 26076}
2025-04-03 18:51:41 - INFO - {'Loss': '0.01171', 'admm_loss': '0.00000', 'psnr': '34.34', 'point': 26076}
2025-04-03 18:51:41 - INFO - {'Loss': '0.01370', 'admm_loss': '0.00000', 'psnr': '32.43', 'point': 26076}
2025-04-03 18:51:42 - INFO - {'Loss': '0.01181', 'admm_loss': '0.00000', 'psnr': '33.95', 'point': 26076}
2025-04-03 18:51:43 - INFO - {'Loss': '0.01214', 'admm_loss': '0.00000', 'psnr': '33.10', 'point': 26076}
2025-04-03 18:51:44 - INFO - {'Loss': '0.01295', 'admm_loss': '0.00000', 'psnr': '33.32', 'point': 26076}
2025-04-03 18:51:45 - INFO - {'Loss': '0.01251', 'admm_loss': '0.00000', 'psnr': '33.12', 'point': 26076}
2025-04-03 18:51:47 - INFO - {'Loss': '0.01377', 'admm_loss': '0.00000', 'psnr': '30.66', 'point': 26076}
2025-04-03 18:51:49 - INFO - {'Loss': '0.01182', 'admm_loss': '0.00000', 'psnr': '33.46', 'point': 26076}
2025-04-03 18:51:50 - INFO - {'Loss': '0.01213', 'admm_loss': '0.00000', 'psnr': '33.16', 'point': 26076}
2025-04-03 18:51:50 - INFO - {'Loss': '0.01379', 'admm_loss': '0.00000', 'psnr': '32.15', 'point': 26076}
2025-04-03 18:51:51 - INFO - {'Loss': '0.01209', 'admm_loss': '0.00000', 'psnr': '32.69', 'point': 26076}
2025-04-03 18:51:52 - INFO - {'Loss': '0.01179', 'admm_loss': '0.00000', 'psnr': '33.98', 'point': 26076}
2025-04-03 18:51:53 - INFO - {'Loss': '0.01145', 'admm_loss': '0.00000', 'psnr': '33.85', 'point': 26076}
2025-04-03 18:51:53 - INFO - {'Loss': '0.01225', 'admm_loss': '0.00000', 'psnr': '34.00', 'point': 26076}
2025-04-03 18:51:54 - INFO - {'Loss': '0.01206', 'admm_loss': '0.00000', 'psnr': '33.80', 'point': 26076}
2025-04-03 18:51:55 - INFO - {'Loss': '0.01153', 'admm_loss': '0.00000', 'psnr': '34.53', 'point': 26076}
2025-04-03 18:51:56 - INFO - {'Loss': '0.01225', 'admm_loss': '0.00000', 'psnr': '33.36', 'point': 26076}
2025-04-03 18:51:56 - INFO - {'Loss': '0.01313', 'admm_loss': '0.00000', 'psnr': '32.28', 'point': 26076}
2025-04-03 18:51:57 - INFO - {'Loss': '0.01331', 'admm_loss': '0.00000', 'psnr': '31.12', 'point': 26076}
2025-04-03 18:51:58 - INFO - {'Loss': '0.01209', 'admm_loss': '0.00000', 'psnr': '33.29', 'point': 26076}
2025-04-03 18:51:58 - INFO - {'Loss': '0.01103', 'admm_loss': '0.00000', 'psnr': '33.78', 'point': 26076}
2025-04-03 18:51:59 - INFO - {'Loss': '0.01193', 'admm_loss': '0.00000', 'psnr': '32.87', 'point': 26076}
2025-04-03 18:52:00 - INFO - {'Loss': '0.01115', 'admm_loss': '0.00000', 'psnr': '33.95', 'point': 26076}
2025-04-03 18:52:02 - INFO - {'Loss': '0.01197', 'admm_loss': '0.00000', 'psnr': '32.66', 'point': 26076}
2025-04-03 18:52:03 - INFO - {'Loss': '0.01210', 'admm_loss': '0.00000', 'psnr': '33.03', 'point': 26076}
2025-04-03 18:52:05 - INFO - {'Loss': '0.01144', 'admm_loss': '0.00000', 'psnr': '34.18', 'point': 26076}
2025-04-03 18:52:06 - INFO - {'Loss': '0.01186', 'admm_loss': '0.00000', 'psnr': '32.83', 'point': 26076}
2025-04-03 18:52:08 - INFO - {'Loss': '0.01239', 'admm_loss': '0.00000', 'psnr': '32.73', 'point': 26076}
2025-04-03 18:52:09 - INFO - {'Loss': '0.01153', 'admm_loss': '0.00000', 'psnr': '33.69', 'point': 26076}
2025-04-03 18:52:11 - INFO - {'Loss': '0.01213', 'admm_loss': '0.00000', 'psnr': '33.59', 'point': 26076}
2025-04-03 18:52:12 - INFO - {'Loss': '0.01259', 'admm_loss': '0.00000', 'psnr': '31.57', 'point': 26076}
2025-04-03 18:52:13 - INFO - {'Loss': '0.01337', 'admm_loss': '0.00000', 'psnr': '32.01', 'point': 26076}
2025-04-03 18:52:15 - INFO - {'Loss': '0.01145', 'admm_loss': '0.00000', 'psnr': '33.89', 'point': 26076}
2025-04-03 18:52:16 - INFO - {'Loss': '0.01143', 'admm_loss': '0.00000', 'psnr': '33.65', 'point': 26076}
2025-04-03 18:52:18 - INFO - {'Loss': '0.01210', 'admm_loss': '0.00000', 'psnr': '33.39', 'point': 26076}
2025-04-03 18:52:19 - INFO - {'Loss': '0.01167', 'admm_loss': '0.00000', 'psnr': '33.90', 'point': 26076}
2025-04-03 18:52:21 - INFO - {'Loss': '0.01166', 'admm_loss': '0.00000', 'psnr': '33.89', 'point': 26076}
2025-04-03 18:52:22 - INFO - {'Loss': '0.01226', 'admm_loss': '0.00000', 'psnr': '32.99', 'point': 26076}
2025-04-03 18:52:24 - INFO - {'Loss': '0.01142', 'admm_loss': '0.00000', 'psnr': '33.43', 'point': 26076}
2025-04-03 18:52:25 - INFO - {'Loss': '0.01170', 'admm_loss': '0.00000', 'psnr': '33.78', 'point': 26076}
2025-04-03 18:52:26 - INFO - {'Loss': '0.01223', 'admm_loss': '0.00000', 'psnr': '32.02', 'point': 26076}
2025-04-03 18:52:28 - INFO - {'Loss': '0.01148', 'admm_loss': '0.00000', 'psnr': '34.19', 'point': 26076}
2025-04-03 18:52:29 - INFO - {'Loss': '0.01121', 'admm_loss': '0.00000', 'psnr': '34.52', 'point': 26076}
2025-04-03 18:52:31 - INFO - {'Loss': '0.01145', 'admm_loss': '0.00000', 'psnr': '33.47', 'point': 26076}
2025-04-03 18:52:32 - INFO - {'Loss': '0.01164', 'admm_loss': '0.00000', 'psnr': '32.76', 'point': 26076}
2025-04-03 18:52:34 - INFO - {'Loss': '0.01238', 'admm_loss': '0.00000', 'psnr': '34.06', 'point': 26076}
2025-04-03 18:52:35 - INFO - {'Loss': '0.01208', 'admm_loss': '0.00000', 'psnr': '33.10', 'point': 26076}
2025-04-03 18:52:37 - INFO - {'Loss': '0.01168', 'admm_loss': '0.00000', 'psnr': '32.85', 'point': 26076}
2025-04-03 18:52:38 - INFO - {'Loss': '0.01156', 'admm_loss': '0.00000', 'psnr': '34.03', 'point': 26076}
2025-04-03 18:52:40 - INFO - {'Loss': '0.01225', 'admm_loss': '0.00000', 'psnr': '33.21', 'point': 26076}
2025-04-03 18:52:41 - INFO - {'Loss': '0.01210', 'admm_loss': '0.00000', 'psnr': '34.31', 'point': 26076}
2025-04-03 18:52:42 - INFO - {'Loss': '0.01157', 'admm_loss': '0.00000', 'psnr': '33.97', 'point': 26076}
2025-04-03 18:52:44 - INFO - {'Loss': '0.01183', 'admm_loss': '0.00000', 'psnr': '34.48', 'point': 26076}
2025-04-03 18:52:45 - INFO - {'Loss': '0.01164', 'admm_loss': '0.00000', 'psnr': '33.48', 'point': 26076}
2025-04-03 18:52:47 - INFO - {'Loss': '0.01192', 'admm_loss': '0.00000', 'psnr': '33.45', 'point': 26076}
2025-04-03 18:52:48 - INFO - {'Loss': '0.01270', 'admm_loss': '0.00000', 'psnr': '32.04', 'point': 26076}
2025-04-03 18:52:50 - INFO - {'Loss': '0.01138', 'admm_loss': '0.00000', 'psnr': '33.82', 'point': 26076}
2025-04-03 18:52:51 - INFO - {'Loss': '0.01191', 'admm_loss': '0.00000', 'psnr': '33.42', 'point': 26076}
2025-04-03 18:52:53 - INFO - {'Loss': '0.01163', 'admm_loss': '0.00000', 'psnr': '33.67', 'point': 26076}
2025-04-03 18:52:54 - INFO - {'Loss': '0.01094', 'admm_loss': '0.00000', 'psnr': '34.66', 'point': 26076}
2025-04-03 18:52:56 - INFO - {'Loss': '0.01139', 'admm_loss': '0.00000', 'psnr': '33.79', 'point': 26076}
2025-04-03 18:52:57 - INFO - {'Loss': '0.01292', 'admm_loss': '0.00000', 'psnr': '32.31', 'point': 26076}
2025-04-03 18:52:59 - INFO - {'Loss': '0.01289', 'admm_loss': '0.00000', 'psnr': '32.71', 'point': 26076}
2025-04-03 18:53:00 - INFO - {'Loss': '0.01208', 'admm_loss': '0.00000', 'psnr': '32.50', 'point': 26076}
2025-04-03 18:53:01 - INFO - {'Loss': '0.01235', 'admm_loss': '0.00000', 'psnr': '33.04', 'point': 26076}
2025-04-03 18:53:03 - INFO - {'Loss': '0.01134', 'admm_loss': '0.00000', 'psnr': '34.63', 'point': 26076}
2025-04-03 18:53:05 - INFO - {'Loss': '0.01230', 'admm_loss': '0.00000', 'psnr': '31.79', 'point': 26076}
2025-04-03 18:53:07 - INFO - {'Loss': '0.01103', 'admm_loss': '0.00000', 'psnr': '34.16', 'point': 26076}
2025-04-03 18:53:08 - INFO - {'Loss': '0.01176', 'admm_loss': '0.00000', 'psnr': '32.61', 'point': 26076}
2025-04-03 18:53:08 - INFO - {'Loss': '0.01138', 'admm_loss': '0.00000', 'psnr': '33.38', 'point': 26076}
2025-04-03 18:53:09 - INFO - {'Loss': '0.01121', 'admm_loss': '0.00000', 'psnr': '33.71', 'point': 26076}
2025-04-03 18:53:10 - INFO - {'Loss': '0.01071', 'admm_loss': '0.00000', 'psnr': '34.36', 'point': 26076}
2025-04-03 18:53:11 - INFO - {'Loss': '0.01169', 'admm_loss': '0.00000', 'psnr': '33.92', 'point': 26076}
2025-04-03 18:53:11 - INFO - {'Loss': '0.01321', 'admm_loss': '0.00000', 'psnr': '31.50', 'point': 26076}
2025-04-03 18:53:12 - INFO - {'Loss': '0.01223', 'admm_loss': '0.00000', 'psnr': '33.29', 'point': 26076}
2025-04-03 18:53:13 - INFO - {'Loss': '0.01268', 'admm_loss': '0.00000', 'psnr': '33.63', 'point': 26076}
2025-04-03 18:53:13 - INFO - {'Loss': '0.01138', 'admm_loss': '0.00000', 'psnr': '33.35', 'point': 26076}
2025-04-03 18:53:14 - INFO - {'Loss': '0.01292', 'admm_loss': '0.00000', 'psnr': '31.49', 'point': 26076}
2025-04-03 18:53:15 - INFO - {'Loss': '0.01162', 'admm_loss': '0.00000', 'psnr': '33.44', 'point': 26076}
2025-04-03 18:53:15 - INFO - {'Loss': '0.01158', 'admm_loss': '0.00000', 'psnr': '33.11', 'point': 26076}
2025-04-03 18:53:16 - INFO - {'Loss': '0.01087', 'admm_loss': '0.00000', 'psnr': '34.79', 'point': 26076}
2025-04-03 18:53:17 - INFO - {'Loss': '0.01184', 'admm_loss': '0.00000', 'psnr': '32.21', 'point': 26076}
2025-04-03 18:53:19 - INFO - {'Loss': '0.01122', 'admm_loss': '0.00000', 'psnr': '31.91', 'point': 26076}
2025-04-03 18:53:21 - INFO - {'Loss': '0.01070', 'admm_loss': '0.00000', 'psnr': '33.35', 'point': 26076}
2025-04-03 18:53:23 - INFO - {'Loss': '0.01089', 'admm_loss': '0.00000', 'psnr': '33.77', 'point': 26076}
2025-04-03 18:53:23 - INFO - {'Loss': '0.01121', 'admm_loss': '0.00000', 'psnr': '33.75', 'point': 26076}
2025-04-03 18:53:24 - INFO - {'Loss': '0.01145', 'admm_loss': '0.00000', 'psnr': '33.83', 'point': 26076}
2025-04-03 18:53:25 - INFO - {'Loss': '0.01127', 'admm_loss': '0.00000', 'psnr': '33.64', 'point': 26076}
2025-04-03 18:53:25 - INFO - {'Loss': '0.01283', 'admm_loss': '0.00000', 'psnr': '32.93', 'point': 26076}
2025-04-03 18:53:26 - INFO - {'Loss': '0.01141', 'admm_loss': '0.00000', 'psnr': '34.39', 'point': 26076}
2025-04-03 18:53:27 - INFO - {'Loss': '0.01141', 'admm_loss': '0.00000', 'psnr': '33.55', 'point': 26076}
2025-04-03 18:53:27 - INFO - {'Loss': '0.01197', 'admm_loss': '0.00000', 'psnr': '32.43', 'point': 26076}
2025-04-03 18:53:28 - INFO - {'Loss': '0.01173', 'admm_loss': '0.00000', 'psnr': '33.66', 'point': 26076}
2025-04-03 18:59:22 - INFO - {'Loss': '0.01206', 'admm_loss': '0.00000', 'psnr': '33.01', 'point': 26076}
2025-04-03 18:59:23 - INFO - {'Loss': '0.01089', 'admm_loss': '0.00000', 'psnr': '33.77', 'point': 26076}
2025-04-03 18:59:23 - INFO - {'Loss': '0.01075', 'admm_loss': '0.00000', 'psnr': '33.39', 'point': 26076}
2025-04-03 18:59:24 - INFO - {'Loss': '0.01221', 'admm_loss': '0.00000', 'psnr': '33.19', 'point': 26076}
2025-04-03 18:59:26 - INFO - {'Loss': '0.11585', 'admm_loss': '0.10379', 'psnr': '32.98', 'point': 26076}
2025-04-03 18:59:28 - INFO - {'Loss': '0.01220', 'admm_loss': '0.25854', 'psnr': '33.06', 'point': 26076}
2025-04-03 18:59:30 - INFO - {'Loss': '0.01110', 'admm_loss': '0.25948', 'psnr': '34.64', 'point': 26076}
2025-04-03 18:59:30 - INFO - {'Loss': '0.01409', 'admm_loss': '0.25948', 'psnr': '30.33', 'point': 26076}
2025-04-03 18:59:31 - INFO - {'Loss': '0.01169', 'admm_loss': '0.25948', 'psnr': '33.21', 'point': 26076}
2025-04-03 18:59:32 - INFO - {'Loss': '0.37792', 'admm_loss': '0.52201', 'psnr': '33.29', 'point': 26076}
2025-04-03 18:59:33 - INFO - {'Loss': '0.01544', 'admm_loss': '0.91342', 'psnr': '31.49', 'point': 26076}
2025-04-03 18:59:33 - INFO - {'Loss': '0.01280', 'admm_loss': '0.91579', 'psnr': '32.85', 'point': 26076}
2025-04-03 18:59:34 - INFO - {'Loss': '0.01225', 'admm_loss': '0.91581', 'psnr': '32.82', 'point': 26076}
2025-04-03 18:59:35 - INFO - {'Loss': '0.01113', 'admm_loss': '0.91581', 'psnr': '33.89', 'point': 26076}
2025-04-03 18:59:36 - INFO - {'Loss': '0.56062', 'admm_loss': '1.09872', 'psnr': '34.54', 'point': 26076}
2025-04-03 18:59:36 - INFO - {'Loss': '0.01540', 'admm_loss': '1.37143', 'psnr': '32.63', 'point': 26076}
2025-04-03 18:59:37 - INFO - {'Loss': '0.01228', 'admm_loss': '1.37308', 'psnr': '35.17', 'point': 26076}
2025-04-03 18:59:38 - INFO - {'Loss': '0.01244', 'admm_loss': '1.37309', 'psnr': '32.37', 'point': 26076}
2025-04-03 18:59:39 - INFO - {'Loss': '0.01225', 'admm_loss': '1.37309', 'psnr': '32.52', 'point': 26076}
2025-04-03 18:59:39 - INFO - {'Loss': '0.72165', 'admm_loss': '1.53352', 'psnr': '33.76', 'point': 26076}
2025-04-03 18:59:40 - INFO - {'Loss': '0.01718', 'admm_loss': '1.77271', 'psnr': '32.99', 'point': 26076}
2025-04-03 18:59:42 - INFO - {'Loss': '0.01252', 'admm_loss': '1.77415', 'psnr': '32.73', 'point': 26076}
2025-04-03 18:59:43 - INFO - {'Loss': '0.01253', 'admm_loss': '1.77416', 'psnr': '32.96', 'point': 26076}
2025-04-03 18:59:45 - INFO - {'Loss': '0.01342', 'admm_loss': '1.77416', 'psnr': '32.86', 'point': 26076}
2025-04-03 18:59:46 - INFO - {'Loss': '0.77541', 'admm_loss': '1.82731', 'psnr': '33.35', 'point': 26076}
2025-04-03 18:59:48 - INFO - {'Loss': '0.01688', 'admm_loss': '1.90656', 'psnr': '32.87', 'point': 26076}
2025-04-03 18:59:49 - INFO - {'Loss': '0.01176', 'admm_loss': '1.90704', 'psnr': '32.93', 'point': 26076}
2025-04-03 18:59:51 - INFO - {'Loss': '0.01207', 'admm_loss': '1.90704', 'psnr': '33.90', 'point': 26076}
2025-04-03 18:59:52 - INFO - {'Loss': '0.01175', 'admm_loss': '1.90704', 'psnr': '33.21', 'point': 26076}
2025-04-03 18:59:54 - INFO - {'Loss': '0.84925', 'admm_loss': '1.97989', 'psnr': '32.12', 'point': 26076}
2025-04-03 18:59:55 - INFO - {'Loss': '0.01794', 'admm_loss': '2.08849', 'psnr': '32.19', 'point': 26076}
2025-04-03 18:59:56 - INFO - {'Loss': '0.01159', 'admm_loss': '2.08915', 'psnr': '33.73', 'point': 26076}
2025-04-03 18:59:58 - INFO - {'Loss': '0.01275', 'admm_loss': '2.08915', 'psnr': '32.39', 'point': 26076}
2025-04-03 18:59:59 - INFO - {'Loss': '0.01235', 'admm_loss': '2.08915', 'psnr': '32.80', 'point': 26076}
2025-04-03 19:00:01 - INFO - {'Loss': '0.77307', 'admm_loss': '2.01432', 'psnr': '32.73', 'point': 26076}
2025-04-03 19:00:02 - INFO - {'Loss': '0.01617', 'admm_loss': '1.90275', 'psnr': '33.97', 'point': 26076}
2025-04-03 19:00:04 - INFO - {'Loss': '0.01246', 'admm_loss': '1.90207', 'psnr': '32.47', 'point': 26076}
2025-04-03 19:00:05 - INFO - {'Loss': '0.01192', 'admm_loss': '1.90207', 'psnr': '33.88', 'point': 26076}
2025-04-03 19:00:07 - INFO - {'Loss': '0.01261', 'admm_loss': '1.90207', 'psnr': '33.45', 'point': 26076}
2025-04-03 19:00:08 - INFO - {'Loss': '0.74810', 'admm_loss': '1.87576', 'psnr': '33.70', 'point': 26076}
2025-04-03 19:00:10 - INFO - {'Loss': '0.01831', 'admm_loss': '1.83655', 'psnr': '32.26', 'point': 26076}
2025-04-03 19:00:11 - INFO - {'Loss': '0.01234', 'admm_loss': '1.83631', 'psnr': '33.21', 'point': 26076}
2025-04-03 19:00:13 - INFO - {'Loss': '0.01252', 'admm_loss': '1.83631', 'psnr': '32.26', 'point': 26076}
2025-04-03 19:00:14 - INFO - {'Loss': '0.01177', 'admm_loss': '1.83631', 'psnr': '33.38', 'point': 26076}
2025-04-03 19:00:16 - INFO - {'Loss': '0.68999', 'admm_loss': '1.77937', 'psnr': '32.99', 'point': 26076}
2025-04-03 19:00:17 - INFO - {'Loss': '0.01623', 'admm_loss': '1.69448', 'psnr': '33.11', 'point': 26076}
2025-04-03 19:00:19 - INFO - {'Loss': '0.01261', 'admm_loss': '1.69397', 'psnr': '33.14', 'point': 26076}
2025-04-03 19:00:20 - INFO - {'Loss': '0.01346', 'admm_loss': '1.69397', 'psnr': '32.06', 'point': 26076}
2025-04-03 19:00:22 - INFO - {'Loss': '0.01264', 'admm_loss': '1.69397', 'psnr': '33.22', 'point': 26076}
2025-04-03 19:00:23 - INFO - {'Loss': '0.66906', 'admm_loss': '1.67304', 'psnr': '31.68', 'point': 26076}
2025-04-03 19:00:25 - INFO - {'Loss': '0.01634', 'admm_loss': '1.64183', 'psnr': '32.47', 'point': 26076}
2025-04-03 19:00:26 - INFO - {'Loss': '0.01238', 'admm_loss': '1.64164', 'psnr': '32.68', 'point': 26076}
2025-04-03 19:00:27 - INFO - {'Loss': '0.01184', 'admm_loss': '1.64164', 'psnr': '33.37', 'point': 26076}
2025-04-03 19:00:29 - INFO - {'Loss': '0.01234', 'admm_loss': '1.64164', 'psnr': '33.26', 'point': 26076}
2025-04-03 19:00:31 - INFO - {'Loss': '0.66780', 'admm_loss': '1.64165', 'psnr': '33.83', 'point': 26076}
2025-04-03 19:00:33 - INFO - {'Loss': '0.01721', 'admm_loss': '1.64167', 'psnr': '31.79', 'point': 26076}
2025-04-03 19:00:33 - INFO - {'Loss': '0.01180', 'admm_loss': '1.64167', 'psnr': '33.97', 'point': 26076}
2025-04-03 19:00:34 - INFO - {'Loss': '0.01290', 'admm_loss': '1.64167', 'psnr': '32.32', 'point': 26076}
2025-04-03 19:00:35 - INFO - {'Loss': '0.01200', 'admm_loss': '1.64167', 'psnr': '33.26', 'point': 26076}
2025-04-03 19:00:36 - INFO - {'Loss': '0.64223', 'admm_loss': '1.61542', 'psnr': '34.57', 'point': 26076}
2025-04-03 19:00:36 - INFO - {'Loss': '0.01588', 'admm_loss': '1.57628', 'psnr': '33.74', 'point': 26076}
2025-04-03 19:00:37 - INFO - {'Loss': '0.01351', 'admm_loss': '1.57605', 'psnr': '31.74', 'point': 26076}
2025-04-03 19:00:38 - INFO - {'Loss': '0.01294', 'admm_loss': '1.57605', 'psnr': '33.42', 'point': 26076}
2025-04-03 19:00:39 - INFO - {'Loss': '0.01337', 'admm_loss': '1.57605', 'psnr': '31.56', 'point': 26076}
2025-04-03 19:00:39 - INFO - {'Loss': '0.62881', 'admm_loss': '1.56246', 'psnr': '32.90', 'point': 26076}
2025-04-03 19:00:40 - INFO - {'Loss': '0.01589', 'admm_loss': '1.54221', 'psnr': '32.39', 'point': 26076}
2025-04-03 19:00:41 - INFO - {'Loss': '0.01307', 'admm_loss': '1.54209', 'psnr': '32.01', 'point': 26076}
2025-04-03 19:00:42 - INFO - {'Loss': '0.01205', 'admm_loss': '1.54208', 'psnr': '33.42', 'point': 26076}
2025-04-03 19:00:43 - INFO - {'Loss': '0.01205', 'admm_loss': '1.54208', 'psnr': '33.12', 'point': 26076}
2025-04-03 19:00:44 - INFO - {'Loss': '0.62859', 'admm_loss': '1.54098', 'psnr': '32.60', 'point': 26076}
2025-04-03 19:00:46 - INFO - {'Loss': '0.01576', 'admm_loss': '1.53933', 'psnr': '33.81', 'point': 26076}
2025-04-03 19:00:48 - INFO - {'Loss': '0.01212', 'admm_loss': '1.53932', 'psnr': '33.51', 'point': 26076}
2025-04-03 19:00:49 - INFO - {'Loss': '0.01231', 'admm_loss': '1.53932', 'psnr': '34.45', 'point': 26076}
2025-04-03 19:00:50 - INFO - {'Loss': '0.01205', 'admm_loss': '1.53932', 'psnr': '34.69', 'point': 26076}
2025-04-03 19:00:51 - INFO - {'Loss': '0.58622', 'admm_loss': '1.49761', 'psnr': '32.95', 'point': 26076}
2025-04-03 19:00:52 - INFO - {'Loss': '0.01497', 'admm_loss': '1.43543', 'psnr': '34.52', 'point': 26076}
2025-04-03 19:00:52 - INFO - {'Loss': '0.01243', 'admm_loss': '1.43505', 'psnr': '33.00', 'point': 26076}
2025-04-03 19:00:53 - INFO - {'Loss': '0.01328', 'admm_loss': '1.43505', 'psnr': '32.24', 'point': 26076}
2025-04-03 19:00:54 - INFO - {'Loss': '0.01232', 'admm_loss': '1.43505', 'psnr': '33.93', 'point': 26076}
2025-04-03 19:00:55 - INFO - {'Loss': '0.58873', 'admm_loss': '1.43750', 'psnr': '33.06', 'point': 26076}
2025-04-03 19:00:55 - INFO - {'Loss': '0.01615', 'admm_loss': '1.44114', 'psnr': '33.23', 'point': 26076}
2025-04-03 19:00:56 - INFO - {'Loss': '0.01263', 'admm_loss': '1.44117', 'psnr': '33.68', 'point': 26076}
2025-04-03 19:00:57 - INFO - {'Loss': '0.01174', 'admm_loss': '1.44117', 'psnr': '34.23', 'point': 26076}
2025-04-03 19:00:58 - INFO - {'Loss': '0.01176', 'admm_loss': '1.44117', 'psnr': '33.51', 'point': 26076}
2025-04-03 19:00:58 - INFO - {'Loss': '0.58721', 'admm_loss': '1.43988', 'psnr': '34.40', 'point': 26076}
2025-04-03 19:01:01 - INFO - {'Loss': '0.01613', 'admm_loss': '1.43796', 'psnr': '31.70', 'point': 26076}
2025-04-03 19:01:02 - INFO - {'Loss': '0.01169', 'admm_loss': '1.43795', 'psnr': '34.05', 'point': 26076}
2025-04-03 19:01:04 - INFO - {'Loss': '0.01200', 'admm_loss': '1.43795', 'psnr': '33.40', 'point': 26076}
2025-04-03 19:01:05 - INFO - {'Loss': '0.01343', 'admm_loss': '1.43795', 'psnr': '32.51', 'point': 26076}
2025-04-03 19:01:07 - INFO - {'Loss': '0.55207', 'admm_loss': '1.40299', 'psnr': '33.62', 'point': 26076}
2025-04-03 19:01:08 - INFO - {'Loss': '0.01567', 'admm_loss': '1.35088', 'psnr': '32.94', 'point': 26076}
2025-04-03 19:01:09 - INFO - {'Loss': '0.01283', 'admm_loss': '1.35056', 'psnr': '32.64', 'point': 26076}
2025-04-03 19:01:11 - INFO - {'Loss': '0.01228', 'admm_loss': '1.35056', 'psnr': '33.43', 'point': 26076}
2025-04-03 19:01:12 - INFO - {'Loss': '0.01188', 'admm_loss': '1.35056', 'psnr': '34.29', 'point': 26076}
2025-04-03 19:01:14 - INFO - {'Loss': '0.56062', 'admm_loss': '1.35922', 'psnr': '33.09', 'point': 26076}
2025-04-03 19:01:15 - INFO - {'Loss': '0.01517', 'admm_loss': '1.37213', 'psnr': '32.35', 'point': 26076}
2025-04-03 19:01:17 - INFO - {'Loss': '0.01220', 'admm_loss': '1.37221', 'psnr': '33.98', 'point': 26076}
2025-04-03 19:01:18 - INFO - {'Loss': '0.01217', 'admm_loss': '1.37221', 'psnr': '33.62', 'point': 26076}
2025-04-03 19:01:20 - INFO - {'Loss': '0.01122', 'admm_loss': '1.37221', 'psnr': '34.63', 'point': 26076}
2025-04-03 19:01:21 - INFO - {'Loss': '0.55625', 'admm_loss': '1.36820', 'psnr': '33.99', 'point': 26076}
2025-04-03 19:01:23 - INFO - {'Loss': '0.01726', 'admm_loss': '1.36223', 'psnr': '31.83', 'point': 26076}
2025-04-03 19:01:24 - INFO - {'Loss': '0.01186', 'admm_loss': '1.36219', 'psnr': '34.12', 'point': 26076}
2025-04-03 19:01:26 - INFO - {'Loss': '0.01270', 'admm_loss': '1.36219', 'psnr': '32.40', 'point': 26076}
2025-04-03 19:01:27 - INFO - {'Loss': '0.01307', 'admm_loss': '1.36219', 'psnr': '32.02', 'point': 26076}
2025-04-03 19:01:29 - INFO - {'Loss': '0.52365', 'admm_loss': '1.32906', 'psnr': '33.17', 'point': 26076}
2025-04-03 19:01:30 - INFO - {'Loss': '0.01616', 'admm_loss': '1.27965', 'psnr': '32.15', 'point': 26076}
2025-04-03 19:01:31 - INFO - {'Loss': '0.01294', 'admm_loss': '1.27935', 'psnr': '32.61', 'point': 26076}
2025-04-03 19:01:33 - INFO - {'Loss': '0.01375', 'admm_loss': '1.27935', 'psnr': '31.93', 'point': 26076}
2025-04-03 19:01:34 - INFO - {'Loss': '0.01191', 'admm_loss': '1.27935', 'psnr': '33.59', 'point': 26076}
2025-04-03 19:01:36 - INFO - {'Loss': '0.53232', 'admm_loss': '1.28886', 'psnr': '33.61', 'point': 26076}
2025-04-03 19:01:38 - INFO - {'Loss': '0.01466', 'admm_loss': '1.30304', 'psnr': '33.90', 'point': 26076}
2025-04-03 19:01:39 - INFO - {'Loss': '0.01135', 'admm_loss': '1.30312', 'psnr': '34.34', 'point': 26076}
2025-04-03 19:01:40 - INFO - {'Loss': '0.01133', 'admm_loss': '1.30312', 'psnr': '34.48', 'point': 26076}
2025-04-03 19:01:42 - INFO - {'Loss': '0.01168', 'admm_loss': '1.30312', 'psnr': '32.68', 'point': 26076}
2025-04-03 19:01:43 - INFO - {'Loss': '0.52345', 'admm_loss': '1.29334', 'psnr': '33.09', 'point': 26076}
2025-04-03 19:01:45 - INFO - {'Loss': '0.01471', 'admm_loss': '1.27875', 'psnr': '33.83', 'point': 26076}
2025-04-03 19:01:47 - INFO - {'Loss': '0.01188', 'admm_loss': '1.27866', 'psnr': '33.00', 'point': 26076}
2025-04-03 19:01:49 - INFO - {'Loss': '0.01277', 'admm_loss': '1.27866', 'psnr': '32.63', 'point': 26076}
2025-04-03 19:01:50 - INFO - {'Loss': '0.01208', 'admm_loss': '1.27866', 'psnr': '32.77', 'point': 26076}
2025-04-03 19:01:51 - INFO - {'Loss': '0.49218', 'admm_loss': '1.24809', 'psnr': '34.47', 'point': 26076}
2025-04-03 19:01:52 - INFO - {'Loss': '0.01492', 'admm_loss': '1.20251', 'psnr': '33.76', 'point': 26076}
2025-04-03 19:01:52 - INFO - {'Loss': '0.01294', 'admm_loss': '1.20224', 'psnr': '34.06', 'point': 26076}
2025-04-03 19:01:53 - INFO - {'Loss': '0.01321', 'admm_loss': '1.20224', 'psnr': '31.71', 'point': 26076}
2025-04-03 19:01:54 - INFO - {'Loss': '0.01135', 'admm_loss': '1.20224', 'psnr': '35.36', 'point': 26076}
2025-04-03 19:01:55 - INFO - {'Loss': '0.50163', 'admm_loss': '1.20986', 'psnr': '32.21', 'point': 26076}
2025-04-03 19:01:56 - INFO - {'Loss': '0.01599', 'admm_loss': '1.22122', 'psnr': '32.70', 'point': 26076}
2025-04-03 19:01:56 - INFO - {'Loss': '0.01259', 'admm_loss': '1.22129', 'psnr': '32.41', 'point': 26076}
2025-04-03 19:01:57 - INFO - {'Loss': '0.01366', 'admm_loss': '1.22129', 'psnr': '32.90', 'point': 26076}
2025-04-03 19:01:58 - INFO - {'Loss': '0.01287', 'admm_loss': '1.22129', 'psnr': '33.24', 'point': 26076}
2025-04-03 19:01:59 - INFO - {'Loss': '0.49030', 'admm_loss': '1.20979', 'psnr': '31.40', 'point': 26076}
2025-04-03 19:02:00 - INFO - {'Loss': '0.01628', 'admm_loss': '1.19265', 'psnr': '31.16', 'point': 26076}
2025-04-03 19:02:00 - INFO - {'Loss': '0.01309', 'admm_loss': '1.19254', 'psnr': '32.27', 'point': 26076}
2025-04-03 19:02:01 - INFO - {'Loss': '0.01164', 'admm_loss': '1.19254', 'psnr': '33.54', 'point': 26076}
2025-04-03 19:02:02 - INFO - {'Loss': '0.01209', 'admm_loss': '1.19254', 'psnr': '33.36', 'point': 26076}
2025-04-03 19:02:03 - INFO - {'Loss': '0.46385', 'admm_loss': '1.16792', 'psnr': '34.16', 'point': 26076}
2025-04-03 19:02:04 - INFO - {'Loss': '0.01527', 'admm_loss': '1.13121', 'psnr': '32.73', 'point': 26076}
2025-04-03 19:02:06 - INFO - {'Loss': '0.01329', 'admm_loss': '1.13099', 'psnr': '32.20', 'point': 26076}
2025-04-03 19:02:09 - INFO - {'Loss': '0.01209', 'admm_loss': '1.13099', 'psnr': '32.60', 'point': 26076}
2025-04-03 19:02:09 - INFO - {'Loss': '0.01259', 'admm_loss': '1.13099', 'psnr': '33.84', 'point': 26076}
2025-04-03 19:02:10 - INFO - {'Loss': '0.46557', 'admm_loss': '1.13253', 'psnr': '33.35', 'point': 26076}
2025-04-03 19:02:11 - INFO - {'Loss': '0.01605', 'admm_loss': '1.13482', 'psnr': '31.82', 'point': 26076}
2025-04-03 19:02:12 - INFO - {'Loss': '0.01125', 'admm_loss': '1.13484', 'psnr': '34.10', 'point': 26076}
2025-04-03 19:02:13 - INFO - {'Loss': '0.01250', 'admm_loss': '1.13484', 'psnr': '32.38', 'point': 26076}
2025-04-03 19:02:13 - INFO - {'Loss': '0.01128', 'admm_loss': '1.13484', 'psnr': '34.34', 'point': 26076}
2025-04-03 19:02:14 - INFO - {'Loss': '0.45722', 'admm_loss': '1.12505', 'psnr': '31.44', 'point': 26076}
2025-04-03 19:02:15 - INFO - {'Loss': '0.01467', 'admm_loss': '1.11045', 'psnr': '33.60', 'point': 26076}
2025-04-03 19:02:16 - INFO - {'Loss': '0.01273', 'admm_loss': '1.11037', 'psnr': '32.81', 'point': 26076}
2025-04-03 19:02:17 - INFO - {'Loss': '0.01247', 'admm_loss': '1.11037', 'psnr': '33.94', 'point': 26076}
2025-04-03 19:02:17 - INFO - {'Loss': '0.01200', 'admm_loss': '1.11037', 'psnr': '33.27', 'point': 26076}
2025-04-03 19:02:18 - INFO - {'Loss': '0.43339', 'admm_loss': '1.08786', 'psnr': '33.63', 'point': 26076}
2025-04-03 19:02:19 - INFO - {'Loss': '0.01458', 'admm_loss': '1.05431', 'psnr': '33.54', 'point': 26076}
2025-04-03 19:02:21 - INFO - {'Loss': '0.01294', 'admm_loss': '1.05410', 'psnr': '32.02', 'point': 26076}
2025-04-03 19:02:23 - INFO - {'Loss': '0.01233', 'admm_loss': '1.05410', 'psnr': '33.36', 'point': 26076}
2025-04-03 19:02:24 - INFO - {'Loss': '0.01138', 'admm_loss': '1.05410', 'psnr': '34.33', 'point': 26076}
2025-04-03 19:02:26 - INFO - {'Loss': '0.43451', 'admm_loss': '1.05532', 'psnr': '33.59', 'point': 26076}
2025-04-03 19:02:28 - INFO - {'Loss': '0.01464', 'admm_loss': '1.05713', 'psnr': '33.61', 'point': 26076}
2025-04-03 19:02:29 - INFO - {'Loss': '0.01350', 'admm_loss': '1.05714', 'psnr': '31.35', 'point': 26076}
2025-04-03 19:02:31 - INFO - {'Loss': '0.01340', 'admm_loss': '1.05714', 'psnr': '31.14', 'point': 26076}
2025-04-03 19:02:32 - INFO - {'Loss': '0.01219', 'admm_loss': '1.05714', 'psnr': '32.58', 'point': 26076}
2025-04-03 19:02:34 - INFO - {'Loss': '0.42422', 'admm_loss': '1.04627', 'psnr': '33.73', 'point': 26076}
2025-04-03 19:02:36 - INFO - {'Loss': '0.01486', 'admm_loss': '1.03006', 'psnr': '32.38', 'point': 26076}
2025-04-03 19:02:38 - INFO - {'Loss': '0.01155', 'admm_loss': '1.02996', 'psnr': '34.53', 'point': 26076}
2025-04-03 19:02:39 - INFO - {'Loss': '0.01175', 'admm_loss': '1.02996', 'psnr': '33.22', 'point': 26076}
2025-04-03 19:02:41 - INFO - {'Loss': '0.01244', 'admm_loss': '1.02996', 'psnr': '34.10', 'point': 26076}
2025-04-03 19:02:42 - INFO - {'Loss': '0.40501', 'admm_loss': '1.01160', 'psnr': '34.55', 'point': 26076}
2025-04-03 19:02:44 - INFO - {'Loss': '0.01486', 'admm_loss': '0.98423', 'psnr': '34.39', 'point': 26076}
2025-04-03 19:02:46 - INFO - {'Loss': '0.01317', 'admm_loss': '0.98407', 'psnr': '31.03', 'point': 26076}
2025-04-03 19:02:48 - INFO - {'Loss': '0.01156', 'admm_loss': '0.98407', 'psnr': '33.72', 'point': 26076}
2025-04-03 19:02:49 - INFO - {'Loss': '0.01177', 'admm_loss': '0.98407', 'psnr': '32.30', 'point': 26076}
2025-04-03 19:02:51 - INFO - {'Loss': '0.40369', 'admm_loss': '0.98219', 'psnr': '33.16', 'point': 26076}
2025-04-03 19:02:53 - INFO - {'Loss': '0.01414', 'admm_loss': '0.97938', 'psnr': '33.38', 'point': 26076}
2025-04-03 19:02:54 - INFO - {'Loss': '0.01113', 'admm_loss': '0.97936', 'psnr': '34.83', 'point': 26076}
2025-04-03 19:02:56 - INFO - {'Loss': '0.01154', 'admm_loss': '0.97936', 'psnr': '32.97', 'point': 26076}
2025-04-03 19:02:58 - INFO - {'Loss': '0.01290', 'admm_loss': '0.97936', 'psnr': '32.73', 'point': 26076}
2025-04-03 19:02:59 - INFO - {'Loss': '0.39490', 'admm_loss': '0.97066', 'psnr': '33.79', 'point': 26076}
2025-04-03 19:03:01 - INFO - {'Loss': '0.01444', 'admm_loss': '0.95769', 'psnr': '32.44', 'point': 26076}
2025-04-03 19:03:03 - INFO - {'Loss': '0.01214', 'admm_loss': '0.95761', 'psnr': '33.89', 'point': 26076}
2025-04-03 19:03:04 - INFO - {'Loss': '0.01144', 'admm_loss': '0.95761', 'psnr': '33.78', 'point': 26076}
2025-04-03 19:03:06 - INFO - {'Loss': '0.01218', 'admm_loss': '0.95761', 'psnr': '33.28', 'point': 26076}
2025-04-03 19:03:08 - INFO - {'Loss': '0.37924', 'admm_loss': '0.94149', 'psnr': '33.37', 'point': 26076}
2025-04-03 19:03:09 - INFO - {'Loss': '0.01462', 'admm_loss': '0.91746', 'psnr': '32.01', 'point': 26076}
2025-04-03 19:03:11 - INFO - {'Loss': '0.01202', 'admm_loss': '0.91732', 'psnr': '33.07', 'point': 26076}
2025-04-03 19:03:13 - INFO - {'Loss': '0.01329', 'admm_loss': '0.91732', 'psnr': '31.56', 'point': 26076}
2025-04-03 19:03:14 - INFO - {'Loss': '0.01165', 'admm_loss': '0.91732', 'psnr': '33.87', 'point': 26076}
2025-04-03 19:03:16 - INFO - {'Loss': '0.37592', 'admm_loss': '0.91343', 'psnr': '32.39', 'point': 26076}
2025-04-03 19:03:18 - INFO - {'Loss': '0.01417', 'admm_loss': '0.90763', 'psnr': '33.81', 'point': 26076}
2025-04-03 19:03:20 - INFO - {'Loss': '0.01159', 'admm_loss': '0.90759', 'psnr': '33.72', 'point': 26076}
2025-04-03 19:03:21 - INFO - {'Loss': '0.01225', 'admm_loss': '0.90759', 'psnr': '31.83', 'point': 26076}
2025-04-03 19:03:23 - INFO - {'Loss': '0.01196', 'admm_loss': '0.90759', 'psnr': '32.63', 'point': 26076}
2025-04-03 19:03:24 - INFO - {'Loss': '0.36811', 'admm_loss': '0.90023', 'psnr': '32.61', 'point': 26076}
2025-04-03 19:03:26 - INFO - {'Loss': '0.01421', 'admm_loss': '0.88926', 'psnr': '32.55', 'point': 26076}
2025-04-03 19:03:28 - INFO - {'Loss': '0.01220', 'admm_loss': '0.88919', 'psnr': '33.12', 'point': 26076}
2025-04-03 19:03:29 - INFO - {'Loss': '0.01338', 'admm_loss': '0.88919', 'psnr': '31.64', 'point': 26076}
2025-04-03 19:03:31 - INFO - {'Loss': '0.01119', 'admm_loss': '0.88919', 'psnr': '34.23', 'point': 26076}
2025-04-03 19:03:33 - INFO - {'Loss': '0.35662', 'admm_loss': '0.87641', 'psnr': '30.91', 'point': 26076}
2025-04-03 19:03:35 - INFO - {'Loss': '0.01605', 'admm_loss': '0.85734', 'psnr': '31.95', 'point': 26076}
2025-04-03 19:03:36 - INFO - {'Loss': '0.01205', 'admm_loss': '0.85723', 'psnr': '33.45', 'point': 26076}
2025-04-03 19:03:37 - INFO - {'Loss': '0.01353', 'admm_loss': '0.85722', 'psnr': '31.59', 'point': 26076}
2025-04-03 19:03:37 - INFO - {'Loss': '0.01290', 'admm_loss': '0.85722', 'psnr': '31.28', 'point': 26076}
2025-04-03 19:03:38 - INFO - {'Loss': '0.35168', 'admm_loss': '0.85389', 'psnr': '33.65', 'point': 26076}
2025-04-03 19:03:39 - INFO - {'Loss': '0.01441', 'admm_loss': '0.84893', 'psnr': '33.21', 'point': 26076}
2025-04-03 19:03:40 - INFO - {'Loss': '0.01155', 'admm_loss': '0.84890', 'psnr': '33.58', 'point': 26076}
2025-04-03 19:03:40 - INFO - {'Loss': '0.01232', 'admm_loss': '0.84890', 'psnr': '32.63', 'point': 26076}
2025-04-03 19:03:41 - INFO - {'Loss': '0.01255', 'admm_loss': '0.84890', 'psnr': '32.84', 'point': 26076}
2025-04-03 19:03:42 - INFO - {'Loss': '0.34667', 'admm_loss': '0.84327', 'psnr': '32.89', 'point': 26076}
2025-04-03 19:03:43 - INFO - {'Loss': '0.01410', 'admm_loss': '0.83487', 'psnr': '32.14', 'point': 26076}
2025-04-03 19:03:44 - INFO - {'Loss': '0.01233', 'admm_loss': '0.83482', 'psnr': '33.73', 'point': 26076}
2025-04-03 19:03:45 - INFO - {'Loss': '0.01208', 'admm_loss': '0.83482', 'psnr': '33.25', 'point': 26076}
2025-04-03 19:03:47 - INFO - {'Loss': '0.01190', 'admm_loss': '0.83482', 'psnr': '32.23', 'point': 26076}
2025-04-03 19:03:49 - INFO - {'Loss': '0.33485', 'admm_loss': '0.82381', 'psnr': '33.65', 'point': 26076}
2025-04-03 19:03:51 - INFO - {'Loss': '0.01399', 'admm_loss': '0.80740', 'psnr': '34.00', 'point': 26076}
2025-04-03 19:03:51 - INFO - {'Loss': '0.01193', 'admm_loss': '0.80730', 'psnr': '32.69', 'point': 26076}
2025-04-03 19:03:52 - INFO - {'Loss': '0.01203', 'admm_loss': '0.80730', 'psnr': '33.48', 'point': 26076}
2025-04-03 19:03:53 - INFO - {'Loss': '0.01237', 'admm_loss': '0.80730', 'psnr': '32.52', 'point': 26076}
2025-04-03 19:03:54 - INFO - {'Loss': '0.33192', 'admm_loss': '0.80479', 'psnr': '34.13', 'point': 26076}
2025-04-03 19:03:55 - INFO - {'Loss': '0.01292', 'admm_loss': '0.80106', 'psnr': '34.28', 'point': 26076}
2025-04-03 19:03:56 - INFO - {'Loss': '0.01266', 'admm_loss': '0.80103', 'psnr': '31.58', 'point': 26076}
2025-04-03 19:03:56 - INFO - {'Loss': '0.01183', 'admm_loss': '0.80103', 'psnr': '33.78', 'point': 26076}
2025-04-03 19:03:57 - INFO - {'Loss': '0.01239', 'admm_loss': '0.80103', 'psnr': '33.06', 'point': 26076}
2025-04-03 19:03:58 - INFO - {'Loss': '0.32727', 'admm_loss': '0.79668', 'psnr': '34.50', 'point': 26076}
2025-04-03 19:03:59 - INFO - {'Loss': '0.01459', 'admm_loss': '0.79019', 'psnr': '34.07', 'point': 26076}
2025-04-03 19:04:00 - INFO - {'Loss': '0.01355', 'admm_loss': '0.79015', 'psnr': '32.76', 'point': 26076}
2025-04-03 19:04:01 - INFO - {'Loss': '0.01310', 'admm_loss': '0.79015', 'psnr': '32.38', 'point': 26076}
2025-04-03 19:04:02 - INFO - {'Loss': '0.01190', 'admm_loss': '0.79015', 'psnr': '32.65', 'point': 26076}
2025-04-03 19:04:04 - INFO - {'Loss': '0.31849', 'admm_loss': '0.78095', 'psnr': '33.63', 'point': 26076}
2025-04-03 19:04:06 - INFO - {'Loss': '0.01438', 'admm_loss': '0.76723', 'psnr': '32.96', 'point': 26076}
2025-04-03 19:04:07 - INFO - {'Loss': '0.01217', 'admm_loss': '0.76715', 'psnr': '32.77', 'point': 26076}
2025-04-03 19:04:09 - INFO - {'Loss': '0.01247', 'admm_loss': '0.76715', 'psnr': '33.37', 'point': 26076}
2025-04-03 19:04:11 - INFO - {'Loss': '0.01187', 'admm_loss': '0.76715', 'psnr': '33.54', 'point': 26076}
2025-04-03 19:04:13 - INFO - {'Loss': '0.31776', 'admm_loss': '0.76583', 'psnr': '32.44', 'point': 26076}
2025-04-03 19:04:14 - INFO - {'Loss': '0.01318', 'admm_loss': '0.76386', 'psnr': '33.90', 'point': 26076}
2025-04-03 19:04:16 - INFO - {'Loss': '0.01238', 'admm_loss': '0.76384', 'psnr': '32.46', 'point': 26076}
2025-04-03 19:04:18 - INFO - {'Loss': '0.01169', 'admm_loss': '0.76384', 'psnr': '33.31', 'point': 26076}
2025-04-03 19:04:20 - INFO - {'Loss': '0.01143', 'admm_loss': '0.76384', 'psnr': '33.89', 'point': 26076}
2025-04-03 19:04:21 - INFO - {'Loss': '0.31232', 'admm_loss': '0.75949', 'psnr': '34.20', 'point': 26076}
2025-04-03 19:04:23 - INFO - {'Loss': '0.01313', 'admm_loss': '0.75299', 'psnr': '34.08', 'point': 26076}
2025-04-03 19:04:24 - INFO - {'Loss': '0.01236', 'admm_loss': '0.75295', 'psnr': '32.48', 'point': 26076}
2025-04-03 19:04:26 - INFO - {'Loss': '0.01174', 'admm_loss': '0.75295', 'psnr': '32.56', 'point': 26076}
2025-04-03 19:04:28 - INFO - {'Loss': '0.01162', 'admm_loss': '0.75295', 'psnr': '33.36', 'point': 26076}
2025-04-03 19:04:30 - INFO - {'Loss': '0.30655', 'admm_loss': '0.74664', 'psnr': '32.60', 'point': 26076}
2025-04-03 19:04:31 - INFO - {'Loss': '0.01294', 'admm_loss': '0.73722', 'psnr': '34.48', 'point': 26076}
2025-04-03 19:04:33 - INFO - {'Loss': '0.01154', 'admm_loss': '0.73716', 'psnr': '34.02', 'point': 26076}
2025-04-03 19:04:35 - INFO - {'Loss': '0.01160', 'admm_loss': '0.73716', 'psnr': '33.53', 'point': 26076}
2025-04-03 19:04:37 - INFO - {'Loss': '0.01290', 'admm_loss': '0.73716', 'psnr': '31.58', 'point': 26076}
2025-04-03 19:04:38 - INFO - {'Loss': '0.30458', 'admm_loss': '0.73530', 'psnr': '32.65', 'point': 26076}
2025-04-03 19:04:40 - INFO - {'Loss': '0.01406', 'admm_loss': '0.73254', 'psnr': '32.28', 'point': 26076}
2025-04-03 19:04:42 - INFO - {'Loss': '0.01200', 'admm_loss': '0.73252', 'psnr': '31.96', 'point': 26076}
2025-04-03 19:04:44 - INFO - {'Loss': '0.01259', 'admm_loss': '0.73252', 'psnr': '33.32', 'point': 26076}
2025-04-03 19:04:45 - INFO - {'Loss': '0.01128', 'admm_loss': '0.73252', 'psnr': '34.28', 'point': 26076}
2025-04-03 19:04:47 - INFO - {'Loss': '0.30331', 'admm_loss': '0.73073', 'psnr': '32.73', 'point': 26076}
2025-04-03 19:04:49 - INFO - {'Loss': '0.01446', 'admm_loss': '0.72805', 'psnr': '32.57', 'point': 26076}
2025-04-03 19:04:50 - INFO - {'Loss': '0.01174', 'admm_loss': '0.72804', 'psnr': '33.44', 'point': 26076}
2025-04-03 19:04:52 - INFO - {'Loss': '0.01250', 'admm_loss': '0.72804', 'psnr': '33.55', 'point': 26076}
2025-04-03 19:04:54 - INFO - {'Loss': '0.01178', 'admm_loss': '0.72804', 'psnr': '33.29', 'point': 26076}
2025-04-03 19:04:56 - INFO - {'Loss': '0.29640', 'admm_loss': '0.72104', 'psnr': '32.13', 'point': 26076}
2025-04-03 19:04:57 - INFO - {'Loss': '0.01372', 'admm_loss': '0.71061', 'psnr': '33.87', 'point': 26076}
2025-04-03 19:04:59 - INFO - {'Loss': '0.01181', 'admm_loss': '0.71054', 'psnr': '33.93', 'point': 26076}
2025-04-03 19:05:00 - INFO - {'Loss': '0.01185', 'admm_loss': '0.71054', 'psnr': '33.46', 'point': 26076}
2025-04-03 19:05:02 - INFO - {'Loss': '0.01177', 'admm_loss': '0.71054', 'psnr': '33.16', 'point': 26076}
2025-04-03 19:05:04 - INFO - {'Loss': '0.29640', 'admm_loss': '0.71110', 'psnr': '32.55', 'point': 26076}
2025-04-03 19:05:06 - INFO - {'Loss': '0.01308', 'admm_loss': '0.71193', 'psnr': '33.13', 'point': 26076}
2025-04-03 19:05:07 - INFO - {'Loss': '0.01316', 'admm_loss': '0.71193', 'psnr': '31.12', 'point': 26076}
2025-04-03 19:05:09 - INFO - {'Loss': '0.01245', 'admm_loss': '0.71193', 'psnr': '33.68', 'point': 26076}
2025-04-03 19:05:11 - INFO - {'Loss': '0.01159', 'admm_loss': '0.71193', 'psnr': '33.84', 'point': 26076}
2025-04-03 19:05:13 - INFO - {'Loss': '0.29302', 'admm_loss': '0.70847', 'psnr': '34.66', 'point': 26076}
2025-04-03 19:05:14 - INFO - {'Loss': '0.01520', 'admm_loss': '0.70331', 'psnr': '31.15', 'point': 26076}
2025-04-03 19:05:15 - INFO - {'Loss': '0.01154', 'admm_loss': '0.70328', 'psnr': '34.29', 'point': 26076}
2025-04-03 19:05:16 - INFO - {'Loss': '0.01169', 'admm_loss': '0.70328', 'psnr': '33.61', 'point': 26076}
2025-04-03 19:05:17 - INFO - {'Loss': '0.01192', 'admm_loss': '0.70328', 'psnr': '34.15', 'point': 26076}
2025-04-03 19:05:17 - INFO - {'Loss': '0.28957', 'admm_loss': '0.70008', 'psnr': '33.83', 'point': 26076}
2025-04-03 19:05:18 - INFO - {'Loss': '0.01458', 'admm_loss': '0.69532', 'psnr': '32.02', 'point': 26076}
2025-04-03 19:05:19 - INFO - {'Loss': '0.01108', 'admm_loss': '0.69529', 'psnr': '33.62', 'point': 26076}
2025-04-03 19:05:20 - INFO - {'Loss': '0.01219', 'admm_loss': '0.69529', 'psnr': '32.27', 'point': 26076}
2025-04-03 19:05:21 - INFO - {'Loss': '0.01189', 'admm_loss': '0.69529', 'psnr': '32.74', 'point': 26076}
2025-04-03 19:05:21 - INFO - {'Loss': '0.28749', 'admm_loss': '0.69350', 'psnr': '33.92', 'point': 26076}
2025-04-03 19:05:22 - INFO - {'Loss': '0.01313', 'admm_loss': '0.69084', 'psnr': '33.91', 'point': 26076}
2025-04-03 19:05:23 - INFO - {'Loss': '0.01175', 'admm_loss': '0.69082', 'psnr': '32.74', 'point': 26076}
2025-04-03 19:05:25 - INFO - {'Loss': '0.01148', 'admm_loss': '0.69082', 'psnr': '34.87', 'point': 26076}
2025-04-03 19:05:27 - INFO - {'Loss': '0.01063', 'admm_loss': '0.69082', 'psnr': '34.58', 'point': 26076}
2025-04-03 19:05:29 - INFO - {'Loss': '0.28846', 'admm_loss': '0.69072', 'psnr': '33.01', 'point': 26076}
2025-04-03 19:05:30 - INFO - {'Loss': '0.01312', 'admm_loss': '0.69058', 'psnr': '33.66', 'point': 26076}
2025-04-03 19:05:31 - INFO - {'Loss': '0.01145', 'admm_loss': '0.69058', 'psnr': '33.25', 'point': 26076}
2025-04-03 19:05:32 - INFO - {'Loss': '0.01300', 'admm_loss': '0.69058', 'psnr': '32.41', 'point': 26076}
2025-04-03 19:05:32 - INFO - {'Loss': '0.01205', 'admm_loss': '0.69058', 'psnr': '34.00', 'point': 26076}
2025-04-03 19:05:33 - INFO - {'Loss': '0.28241', 'admm_loss': '0.68511', 'psnr': '32.44', 'point': 26076}
2025-04-03 19:05:34 - INFO - {'Loss': '0.01355', 'admm_loss': '0.67696', 'psnr': '33.15', 'point': 26076}
2025-04-03 19:05:35 - INFO - {'Loss': '0.01203', 'admm_loss': '0.67691', 'psnr': '31.59', 'point': 26076}
2025-04-03 19:05:35 - INFO - {'Loss': '0.01162', 'admm_loss': '0.67691', 'psnr': '33.92', 'point': 26076}
2025-04-03 19:05:36 - INFO - {'Loss': '0.01213', 'admm_loss': '0.67691', 'psnr': '34.46', 'point': 26076}
2025-04-03 19:05:37 - INFO - {'Loss': '0.28430', 'admm_loss': '0.67852', 'psnr': '33.95', 'point': 26076}
2025-04-03 19:05:38 - INFO - {'Loss': '0.01345', 'admm_loss': '0.68092', 'psnr': '34.52', 'point': 26076}
2025-04-03 19:05:39 - INFO - {'Loss': '0.01242', 'admm_loss': '0.68093', 'psnr': '32.16', 'point': 26076}
2025-04-03 19:05:40 - INFO - {'Loss': '0.01248', 'admm_loss': '0.68093', 'psnr': '33.76', 'point': 26076}
2025-04-03 19:05:42 - INFO - {'Loss': '0.01318', 'admm_loss': '0.68093', 'psnr': '31.46', 'point': 26076}
2025-04-03 19:05:44 - INFO - {'Loss': '0.28170', 'admm_loss': '0.67802', 'psnr': '33.46', 'point': 26076}
2025-04-03 19:05:45 - INFO - {'Loss': '0.01407', 'admm_loss': '0.67368', 'psnr': '32.70', 'point': 26076}
2025-04-03 19:05:47 - INFO - {'Loss': '0.01127', 'admm_loss': '0.67365', 'psnr': '33.95', 'point': 26076}
2025-04-03 19:05:49 - INFO - {'Loss': '0.01244', 'admm_loss': '0.67365', 'psnr': '32.27', 'point': 26076}
2025-04-03 19:05:51 - INFO - {'Loss': '0.01258', 'admm_loss': '0.67365', 'psnr': '32.73', 'point': 26076}
2025-04-03 19:05:52 - INFO - {'Loss': '0.27946', 'admm_loss': '0.67219', 'psnr': '34.04', 'point': 26076}
2025-04-03 19:05:54 - INFO - {'Loss': '0.01451', 'admm_loss': '0.67001', 'psnr': '32.95', 'point': 26076}
2025-04-03 19:05:56 - INFO - {'Loss': '0.01154', 'admm_loss': '0.66999', 'psnr': '33.84', 'point': 26076}
2025-04-03 19:05:58 - INFO - {'Loss': '0.01220', 'admm_loss': '0.66999', 'psnr': '33.34', 'point': 26076}
2025-04-03 19:05:59 - INFO - {'Loss': '0.01198', 'admm_loss': '0.66999', 'psnr': '32.93', 'point': 26076}
2025-04-03 19:06:01 - INFO - {'Loss': '0.27799', 'admm_loss': '0.66769', 'psnr': '32.58', 'point': 26076}
2025-04-03 19:06:03 - INFO - {'Loss': '0.01339', 'admm_loss': '0.66427', 'psnr': '34.52', 'point': 26076}
2025-04-03 19:06:04 - INFO - {'Loss': '0.01144', 'admm_loss': '0.66425', 'psnr': '33.28', 'point': 26076}
2025-04-03 19:06:06 - INFO - {'Loss': '0.01161', 'admm_loss': '0.66425', 'psnr': '33.45', 'point': 26076}
2025-04-03 19:06:08 - INFO - {'Loss': '0.01223', 'admm_loss': '0.66425', 'psnr': '33.02', 'point': 26076}
2025-04-03 19:06:10 - INFO - {'Loss': '0.27958', 'admm_loss': '0.66532', 'psnr': '32.77', 'point': 26076}
2025-04-03 19:06:11 - INFO - {'Loss': '0.01323', 'admm_loss': '0.66693', 'psnr': '34.11', 'point': 26076}
2025-04-03 19:06:13 - INFO - {'Loss': '0.01210', 'admm_loss': '0.66694', 'psnr': '33.43', 'point': 26076}
2025-04-03 19:06:14 - INFO - {'Loss': '0.01156', 'admm_loss': '0.66694', 'psnr': '33.71', 'point': 26076}
2025-04-03 19:06:16 - INFO - {'Loss': '0.01250', 'admm_loss': '0.66694', 'psnr': '32.08', 'point': 26076}
2025-04-03 19:06:18 - INFO - {'Loss': '0.27452', 'admm_loss': '0.66154', 'psnr': '32.39', 'point': 26076}
2025-04-03 19:06:19 - INFO - {'Loss': '0.01347', 'admm_loss': '0.65348', 'psnr': '32.64', 'point': 26076}
2025-04-03 19:06:21 - INFO - {'Loss': '0.01150', 'admm_loss': '0.65344', 'psnr': '34.03', 'point': 26076}
2025-04-03 19:06:23 - INFO - {'Loss': '0.01153', 'admm_loss': '0.65343', 'psnr': '34.32', 'point': 26076}
2025-04-03 19:06:24 - INFO - {'Loss': '0.01264', 'admm_loss': '0.65343', 'psnr': '31.97', 'point': 26076}
2025-04-03 19:06:26 - INFO - {'Loss': '0.27607', 'admm_loss': '0.65601', 'psnr': '33.75', 'point': 26076}
2025-04-03 19:06:28 - INFO - {'Loss': '0.01370', 'admm_loss': '0.65986', 'psnr': '32.20', 'point': 26076}
2025-04-03 19:06:30 - INFO - {'Loss': '0.01292', 'admm_loss': '0.65988', 'psnr': '32.08', 'point': 26076}
2025-04-03 19:06:31 - INFO - {'Loss': '0.01131', 'admm_loss': '0.65988', 'psnr': '34.43', 'point': 26076}
2025-04-03 19:06:33 - INFO - {'Loss': '0.01209', 'admm_loss': '0.65988', 'psnr': '33.79', 'point': 26076}
2025-04-03 19:06:35 - INFO - {'Loss': '0.27239', 'admm_loss': '0.65616', 'psnr': '33.34', 'point': 26076}
2025-04-03 19:06:37 - INFO - {'Loss': '0.01271', 'admm_loss': '0.65061', 'psnr': '34.05', 'point': 26076}
2025-04-03 19:06:38 - INFO - {'Loss': '0.01135', 'admm_loss': '0.65058', 'psnr': '34.20', 'point': 26076}
2025-04-03 19:06:40 - INFO - {'Loss': '0.01210', 'admm_loss': '0.65058', 'psnr': '33.34', 'point': 26076}
2025-04-03 19:06:42 - INFO - {'Loss': '0.01150', 'admm_loss': '0.65058', 'psnr': '33.03', 'point': 26076}
2025-04-03 19:06:43 - INFO - {'Loss': '0.27232', 'admm_loss': '0.65068', 'psnr': '33.66', 'point': 26076}
2025-04-03 19:06:45 - INFO - {'Loss': '0.01330', 'admm_loss': '0.65084', 'psnr': '32.92', 'point': 26076}
2025-04-03 19:06:47 - INFO - {'Loss': '0.01272', 'admm_loss': '0.65084', 'psnr': '32.48', 'point': 26076}
2025-04-03 19:06:49 - INFO - {'Loss': '0.01200', 'admm_loss': '0.65084', 'psnr': '32.75', 'point': 26076}
2025-04-03 19:06:50 - INFO - {'Loss': '0.01182', 'admm_loss': '0.65084', 'psnr': '34.50', 'point': 26076}
2025-04-03 19:06:51 - INFO - {'Loss': '0.26983', 'admm_loss': '0.64805', 'psnr': '32.91', 'point': 26076}
2025-04-03 19:06:52 - INFO - {'Loss': '0.01260', 'admm_loss': '0.64390', 'psnr': '33.96', 'point': 26076}
2025-04-03 19:06:53 - INFO - {'Loss': '0.01143', 'admm_loss': '0.64387', 'psnr': '33.24', 'point': 26076}
2025-04-03 19:06:54 - INFO - {'Loss': '0.01257', 'admm_loss': '0.64387', 'psnr': '31.37', 'point': 26076}
2025-04-03 19:06:54 - INFO - {'Loss': '0.01182', 'admm_loss': '0.64387', 'psnr': '34.10', 'point': 26076}
2025-04-03 19:06:55 - INFO - {'Loss': '0.27049', 'admm_loss': '0.64561', 'psnr': '33.74', 'point': 26076}
2025-04-03 19:06:56 - INFO - {'Loss': '0.01253', 'admm_loss': '0.64820', 'psnr': '34.05', 'point': 26076}
2025-04-03 19:06:57 - INFO - {'Loss': '0.01210', 'admm_loss': '0.64821', 'psnr': '33.32', 'point': 26076}
2025-04-03 19:06:58 - INFO - {'Loss': '0.01100', 'admm_loss': '0.64821', 'psnr': '34.29', 'point': 26076}
2025-04-03 19:06:58 - INFO - {'Loss': '0.01167', 'admm_loss': '0.64821', 'psnr': '33.22', 'point': 26076}
2025-04-03 19:06:59 - INFO - {'Loss': '0.26495', 'admm_loss': '0.64299', 'psnr': '34.68', 'point': 26076}
2025-04-03 19:07:01 - INFO - {'Loss': '0.01375', 'admm_loss': '0.63521', 'psnr': '34.09', 'point': 26076}
2025-04-03 19:07:03 - INFO - {'Loss': '0.01207', 'admm_loss': '0.63517', 'psnr': '33.50', 'point': 26076}
2025-04-03 19:07:05 - INFO - {'Loss': '0.01183', 'admm_loss': '0.63517', 'psnr': '32.53', 'point': 26076}
2025-04-03 19:07:06 - INFO - {'Loss': '0.01098', 'admm_loss': '0.63517', 'psnr': '34.33', 'point': 26076}
2025-04-03 19:07:07 - INFO - {'Loss': '0.26883', 'admm_loss': '0.63798', 'psnr': '33.35', 'point': 26076}
2025-04-03 19:07:08 - INFO - {'Loss': '0.01370', 'admm_loss': '0.64218', 'psnr': '33.78', 'point': 26076}
2025-04-03 19:07:09 - INFO - {'Loss': '0.01287', 'admm_loss': '0.64221', 'psnr': '32.65', 'point': 26076}
2025-04-03 19:07:10 - INFO - {'Loss': '0.01194', 'admm_loss': '0.64221', 'psnr': '33.66', 'point': 26076}
2025-04-03 19:07:10 - INFO - {'Loss': '0.01172', 'admm_loss': '0.64221', 'psnr': '33.14', 'point': 26076}
2025-04-03 19:07:11 - INFO - {'Loss': '0.26447', 'admm_loss': '0.63811', 'psnr': '32.62', 'point': 26076}
2025-04-03 19:07:12 - INFO - {'Loss': '0.01222', 'admm_loss': '0.63199', 'psnr': '34.45', 'point': 26076}
2025-04-03 19:07:13 - INFO - {'Loss': '0.01144', 'admm_loss': '0.63195', 'psnr': '33.57', 'point': 26076}
2025-04-03 19:07:14 - INFO - {'Loss': '0.01256', 'admm_loss': '0.63195', 'psnr': '32.63', 'point': 26076}
2025-04-03 19:07:14 - INFO - {'Loss': '0.01148', 'admm_loss': '0.63195', 'psnr': '34.08', 'point': 26076}
2025-04-03 19:07:15 - INFO - {'Loss': '0.26549', 'admm_loss': '0.63305', 'psnr': '34.10', 'point': 26076}
2025-04-03 19:07:17 - INFO - {'Loss': '0.01408', 'admm_loss': '0.63470', 'psnr': '33.03', 'point': 26076}
2025-04-03 19:07:19 - INFO - {'Loss': '0.01170', 'admm_loss': '0.63471', 'psnr': '33.79', 'point': 26076}
2025-04-03 19:07:20 - INFO - {'Loss': '0.01152', 'admm_loss': '0.63471', 'psnr': '33.03', 'point': 26076}
2025-04-03 19:07:22 - INFO - {'Loss': '0.01198', 'admm_loss': '0.63471', 'psnr': '32.91', 'point': 26076}
2025-04-03 19:07:24 - INFO - {'Loss': '0.25793', 'admm_loss': '0.62679', 'psnr': '32.59', 'point': 26076}
2025-04-03 19:07:26 - INFO - {'Loss': '0.01285', 'admm_loss': '0.61499', 'psnr': '33.35', 'point': 26076}
2025-04-03 19:07:27 - INFO - {'Loss': '0.01313', 'admm_loss': '0.61492', 'psnr': '31.92', 'point': 26076}
2025-04-03 19:07:29 - INFO - {'Loss': '0.01193', 'admm_loss': '0.61492', 'psnr': '33.76', 'point': 26076}
2025-04-03 19:07:31 - INFO - {'Loss': '0.01109', 'admm_loss': '0.61492', 'psnr': '34.27', 'point': 26076}
2025-04-03 19:07:33 - INFO - {'Loss': '0.26997', 'admm_loss': '0.62696', 'psnr': '33.01', 'point': 26076}
2025-04-03 19:07:35 - INFO - {'Loss': '0.01290', 'admm_loss': '0.64492', 'psnr': '33.17', 'point': 26076}
2025-04-03 19:07:37 - INFO - {'Loss': '0.01329', 'admm_loss': '0.64503', 'psnr': '34.10', 'point': 26076}
2025-04-03 19:07:39 - INFO - {'Loss': '0.01140', 'admm_loss': '0.64503', 'psnr': '33.97', 'point': 26076}
2025-04-03 19:07:40 - INFO - {'Loss': '0.01134', 'admm_loss': '0.64503', 'psnr': '34.09', 'point': 26076}
2025-04-03 19:07:42 - INFO - {'Loss': '0.26009', 'admm_loss': '0.63388', 'psnr': '34.20', 'point': 26076}
2025-04-03 19:07:44 - INFO - {'Loss': '0.01349', 'admm_loss': '0.61726', 'psnr': '33.64', 'point': 26076}
2025-04-03 19:07:46 - INFO - {'Loss': '0.01215', 'admm_loss': '0.61716', 'psnr': '33.17', 'point': 26076}
2025-04-03 19:07:47 - INFO - {'Loss': '0.01172', 'admm_loss': '0.61716', 'psnr': '32.77', 'point': 26076}
2025-04-03 19:07:49 - INFO - {'Loss': '0.01219', 'admm_loss': '0.61716', 'psnr': '34.11', 'point': 26076}
2025-04-03 19:07:51 - INFO - {'Loss': '0.26999', 'admm_loss': '0.62866', 'psnr': '32.93', 'point': 26076}
2025-04-03 19:07:52 - INFO - {'Loss': '0.01477', 'admm_loss': '0.64580', 'psnr': '32.75', 'point': 26076}
2025-04-03 19:07:54 - INFO - {'Loss': '0.01112', 'admm_loss': '0.64591', 'psnr': '34.88', 'point': 26076}
2025-04-03 19:07:56 - INFO - {'Loss': '0.01123', 'admm_loss': '0.64591', 'psnr': '34.02', 'point': 26076}
2025-04-03 19:07:58 - INFO - {'Loss': '0.01175', 'admm_loss': '0.64591', 'psnr': '32.91', 'point': 26076}
2025-04-03 19:07:59 - INFO - {'Loss': '0.25799', 'admm_loss': '0.63429', 'psnr': '33.33', 'point': 26076}
2025-04-03 19:08:01 - INFO - {'Loss': '0.01375', 'admm_loss': '0.61696', 'psnr': '34.82', 'point': 26076}
2025-04-03 19:08:03 - INFO - {'Loss': '0.01305', 'admm_loss': '0.61685', 'psnr': '32.56', 'point': 26076}
2025-04-03 19:08:04 - INFO - {'Loss': '0.01195', 'admm_loss': '0.61685', 'psnr': '33.59', 'point': 26076}
2025-04-03 19:08:06 - INFO - {'Loss': '0.01162', 'admm_loss': '0.61685', 'psnr': '33.79', 'point': 26076}
2025-04-03 19:08:08 - INFO - {'Loss': '0.26773', 'admm_loss': '0.62618', 'psnr': '33.66', 'point': 26076}
2025-04-03 19:08:09 - INFO - {'Loss': '0.01704', 'admm_loss': '0.64009', 'psnr': '31.60', 'point': 13038}
2025-04-03 19:08:11 - INFO - {'Loss': '0.01366', 'admm_loss': '0.64017', 'psnr': '33.25', 'point': 13038}
2025-04-03 19:08:12 - INFO - {'Loss': '0.01442', 'admm_loss': '0.64017', 'psnr': '32.61', 'point': 13038}
2025-04-03 19:08:14 - INFO - {'Loss': '0.01493', 'admm_loss': '0.64017', 'psnr': '31.98', 'point': 13038}
2025-04-03 19:08:15 - INFO - {'Loss': '0.01421', 'admm_loss': '0.64017', 'psnr': '32.83', 'point': 13038}
2025-04-03 19:08:17 - INFO - {'Loss': '0.01493', 'admm_loss': '0.64017', 'psnr': '31.62', 'point': 13038}
2025-04-03 19:08:18 - INFO - {'Loss': '0.01293', 'admm_loss': '0.64017', 'psnr': '33.55', 'point': 13038}
2025-04-03 19:08:20 - INFO - {'Loss': '0.01551', 'admm_loss': '0.64017', 'psnr': '31.22', 'point': 13038}
2025-04-03 19:08:22 - INFO - {'Loss': '0.01396', 'admm_loss': '0.64017', 'psnr': '32.27', 'point': 13038}
2025-04-03 19:08:23 - INFO - {'Loss': '0.01475', 'admm_loss': '0.64017', 'psnr': '32.45', 'point': 13038}
2025-04-03 19:08:24 - INFO - {'Loss': '0.01293', 'admm_loss': '0.64017', 'psnr': '32.61', 'point': 13038}
2025-04-03 19:08:25 - INFO - {'Loss': '0.01302', 'admm_loss': '0.64017', 'psnr': '32.72', 'point': 13038}
2025-04-03 19:08:26 - INFO - {'Loss': '0.01263', 'admm_loss': '0.64017', 'psnr': '32.74', 'point': 13038}
2025-04-03 19:08:26 - INFO - {'Loss': '0.01429', 'admm_loss': '0.64017', 'psnr': '31.85', 'point': 13038}
2025-04-03 19:08:27 - INFO - {'Loss': '0.01233', 'admm_loss': '0.64017', 'psnr': '32.97', 'point': 13038}
2025-04-03 19:08:28 - INFO - {'Loss': '0.01364', 'admm_loss': '0.64017', 'psnr': '32.33', 'point': 13038}
2025-04-03 19:08:28 - INFO - {'Loss': '0.01310', 'admm_loss': '0.64017', 'psnr': '33.29', 'point': 13038}
2025-04-03 19:08:29 - INFO - {'Loss': '0.01369', 'admm_loss': '0.64017', 'psnr': '33.85', 'point': 13038}
2025-04-03 19:08:30 - INFO - {'Loss': '0.01428', 'admm_loss': '0.64017', 'psnr': '32.80', 'point': 13038}
2025-04-03 19:08:31 - INFO - {'Loss': '0.01422', 'admm_loss': '0.64017', 'psnr': '31.44', 'point': 13038}
2025-04-03 19:08:31 - INFO - {'Loss': '0.01521', 'admm_loss': '0.64017', 'psnr': '31.13', 'point': 13038}
2025-04-03 19:08:32 - INFO - {'Loss': '0.01407', 'admm_loss': '0.64017', 'psnr': '32.47', 'point': 13038}
2025-04-03 19:08:33 - INFO - {'Loss': '0.01394', 'admm_loss': '0.64017', 'psnr': '32.86', 'point': 13038}
2025-04-03 19:08:33 - INFO - {'Loss': '0.01409', 'admm_loss': '0.64017', 'psnr': '31.49', 'point': 13038}
2025-04-03 19:08:35 - INFO - {'Loss': '0.01203', 'admm_loss': '0.64017', 'psnr': '33.45', 'point': 13038}
2025-04-03 19:08:37 - INFO - {'Loss': '0.01493', 'admm_loss': '0.64017', 'psnr': '32.31', 'point': 13038}
2025-04-03 19:08:39 - INFO - {'Loss': '0.01255', 'admm_loss': '0.64017', 'psnr': '32.87', 'point': 13038}
2025-04-03 19:08:40 - INFO - {'Loss': '0.01437', 'admm_loss': '0.64017', 'psnr': '33.60', 'point': 13038}
2025-04-03 19:08:41 - INFO - {'Loss': '0.01442', 'admm_loss': '0.64017', 'psnr': '32.21', 'point': 13038}
2025-04-03 19:08:41 - INFO - {'Loss': '0.01249', 'admm_loss': '0.64017', 'psnr': '34.54', 'point': 13038}
2025-04-03 19:08:42 - INFO - {'Loss': '0.01289', 'admm_loss': '0.64017', 'psnr': '32.61', 'point': 13038}
2025-04-03 19:08:43 - INFO - {'Loss': '0.01315', 'admm_loss': '0.64017', 'psnr': '33.01', 'point': 13038}
2025-04-03 19:08:43 - INFO - {'Loss': '0.01421', 'admm_loss': '0.64017', 'psnr': '32.35', 'point': 13038}
2025-04-03 19:08:44 - INFO - {'Loss': '0.01281', 'admm_loss': '0.64017', 'psnr': '32.40', 'point': 13038}
